2023-11-07 19:17:05 - INFO - ******************** Processing ID: 301989 ******************** (1/1 - 100.0%)
2023-11-07 19:17:05 - INFO - processing  301989 - introtext is not JSON, proceeding further to check HTML
2023-11-07 19:19:00 - INFO - processing 301989 - fulltext is not json proceeding further to check html
2023-11-07 19:19:01 - INFO - https://twitter.com/lnxsec is skiped for checking:- present in SKIP_CHECK_SITES 
2023-11-07 19:19:01 - INFO - https://www.facebook.com/lnxsec is skiped for checking:- present in SKIP_CHECK_SITES 
2023-11-07 19:19:01 - INFO - https://www.linkedin.com/company/linuxsecurity/ is skiped for checking:- present in SKIP_CHECK_SITES 
2023-11-07 19:27:27 - INFO - ******************** Processing ID: 301989 ******************** (1/1 - 100.0%)
2023-11-07 19:27:27 - INFO - processing  301989 - introtext is not JSON, proceeding further to check HTML
2023-11-07 19:27:32 - INFO - processing 301989 - fulltext is not json proceeding further to check html
2023-11-07 19:27:32 - INFO - https://twitter.com/lnxsec is skiped for checking:- present in SKIP_CHECK_SITES 
2023-11-07 19:27:32 - INFO - https://www.facebook.com/lnxsec is skiped for checking:- present in SKIP_CHECK_SITES 
2023-11-07 19:27:32 - INFO - https://www.linkedin.com/company/linuxsecurity/ is skiped for checking:- present in SKIP_CHECK_SITES 
2023-11-07 19:30:30 - INFO - ******************** Processing ID: 301989 ******************** (1/1 - 100.0%)
2023-11-07 19:30:30 - INFO - processing  301989 - introtext is not JSON, proceeding further to check HTML
2023-11-07 19:30:33 - INFO - processing 301989 - fulltext is not json proceeding further to check html
2023-11-07 19:30:33 - INFO - https://twitter.com/lnxsec is skiped for checking:- present in SKIP_CHECK_SITES 
2023-11-07 19:30:33 - INFO - https://www.facebook.com/lnxsec is skiped for checking:- present in SKIP_CHECK_SITES 
2023-11-07 19:30:33 - INFO - https://www.linkedin.com/company/linuxsecurity/ is skiped for checking:- present in SKIP_CHECK_SITES 
2023-11-07 19:44:30 - INFO - ******************** Processing ID: 301989 ******************** (1/1 - 100.0%)
2023-11-07 19:44:30 - INFO - processing  301989 - introtext is not JSON, proceeding further to check HTML
2023-11-07 19:44:33 - INFO - processing 301989 - fulltext is not json proceeding further to check html
2023-11-07 19:44:34 - INFO - https://twitter.com/lnxsec is skiped for checking:- present in SKIP_CHECK_SITES 
2023-11-07 19:44:34 - INFO - https://www.facebook.com/lnxsec is skiped for checking:- present in SKIP_CHECK_SITES 
2023-11-07 19:44:34 - INFO - https://www.linkedin.com/company/linuxsecurity/ is skiped for checking:- present in SKIP_CHECK_SITES 
2023-11-07 19:48:24 - INFO - ******************** Processing ID: 301989 ******************** (1/1 - 100.0%)
2023-11-07 19:48:24 - INFO - processing  301989 - introtext is not JSON, proceeding further to check HTML
2023-11-07 19:48:27 - INFO - processing 301989 - fulltext is not json proceeding further to check html
2023-11-07 19:48:27 - INFO - https://twitter.com/lnxsec is skiped for checking:- present in SKIP_CHECK_SITES 
2023-11-07 19:48:27 - INFO - https://www.facebook.com/lnxsec is skiped for checking:- present in SKIP_CHECK_SITES 
2023-11-07 19:48:27 - INFO - https://www.linkedin.com/company/linuxsecurity/ is skiped for checking:- present in SKIP_CHECK_SITES 
2023-11-07 19:52:12 - INFO - ******************** Processing ID: 301989 ******************** (1/1 - 100.0%)
2023-11-07 19:52:12 - INFO - processing  301989 - introtext is not JSON, proceeding further to check HTML
2023-11-07 19:52:15 - INFO - processing 301989 - fulltext is not json proceeding further to check html
2023-11-07 19:52:15 - INFO - https://twitter.com/lnxsec is skiped for checking:- present in SKIP_CHECK_SITES 
2023-11-07 19:52:15 - INFO - https://www.facebook.com/lnxsec is skiped for checking:- present in SKIP_CHECK_SITES 
2023-11-07 19:52:15 - INFO - https://www.linkedin.com/company/linuxsecurity/ is skiped for checking:- present in SKIP_CHECK_SITES 
2023-11-07 19:55:23 - INFO - ******************** Processing ID: 301989 ******************** (1/1 - 100.0%)
2023-11-07 19:55:23 - INFO - processing  301989 - introtext is not JSON, proceeding further to check HTML
2023-11-07 19:55:24 - ERROR - 'list' object has no attribute 'keys'
Traceback (most recent call last):
  File "/home/admin123/Projects/linux_security/multi-thread-intro-fulltext.py", line 453, in process_html_text
    html,updates,for_more_check_urls,added_img_urls=check_is_url_valid(html,logger=logger,id=id,field=field,base_url=base_url,updates=updates)
  File "/home/admin123/Projects/linux_security/multi-thread-intro-fulltext.py", line 443, in check_is_url_valid
    html,updates,for_more_check_urls,added_img_urls = asyncio.run(check_http_urls(html=html, urls=http_urls, logger=logger, id=id,field=field,updates=updates,base_url=base_url,for_more_check_urls=for_more_check_urls))
  File "/usr/lib/python3.10/asyncio/runners.py", line 44, in run
    return loop.run_until_complete(main)
  File "/usr/lib/python3.10/asyncio/base_events.py", line 649, in run_until_complete
    return future.result()
  File "/home/admin123/Projects/linux_security/multi-thread-intro-fulltext.py", line 351, in check_http_urls
    urls=list(urls.keys())
AttributeError: 'list' object has no attribute 'keys'
2023-11-07 19:55:24 - ERROR - 'list' object has no attribute 'keys'
2023-11-07 19:55:25 - INFO - ==================== All records have been processed ====================
2023-11-07 19:56:10 - INFO - ******************** Processing ID: 301989 ******************** (1/1 - 100.0%)
2023-11-07 19:56:10 - INFO - processing  301989 - introtext is not JSON, proceeding further to check HTML
2023-11-07 19:56:44 - INFO - processing 301989 - fulltext is not json proceeding further to check html
2023-11-07 19:56:44 - INFO - https://twitter.com/lnxsec is skiped for checking:- present in SKIP_CHECK_SITES 
2023-11-07 19:56:44 - INFO - https://www.facebook.com/lnxsec is skiped for checking:- present in SKIP_CHECK_SITES 
2023-11-07 19:56:44 - INFO - https://www.linkedin.com/company/linuxsecurity/ is skiped for checking:- present in SKIP_CHECK_SITES 
2023-11-07 20:03:36 - INFO - ******************** Processing ID: 301989 ******************** (1/1 - 100.0%)
2023-11-07 20:03:36 - INFO - processing  301989 - introtext is not JSON, proceeding further to check HTML
2023-11-07 20:03:40 - INFO - processing 301989 - fulltext is not json proceeding further to check html
2023-11-07 20:03:40 - INFO - https://twitter.com/lnxsec is skiped for checking:- present in SKIP_CHECK_SITES 
2023-11-07 20:03:40 - INFO - https://www.facebook.com/lnxsec is skiped for checking:- present in SKIP_CHECK_SITES 
2023-11-07 20:03:40 - INFO - https://www.linkedin.com/company/linuxsecurity/ is skiped for checking:- present in SKIP_CHECK_SITES 
2023-11-07 20:03:49 - ERROR - new_do_http_request() got an unexpected keyword argument 'urls'
Traceback (most recent call last):
  File "/home/admin123/Projects/linux_security/multi-thread-intro-fulltext.py", line 457, in process_html_text
    html,updates,for_more_check_urls,added_img_urls=check_is_url_valid(html,logger=logger,id=id,field=field,base_url=base_url,updates=updates)
  File "/home/admin123/Projects/linux_security/multi-thread-intro-fulltext.py", line 447, in check_is_url_valid
    html,updates,for_more_check_urls,added_img_urls = asyncio.run(check_http_urls(html=html, urls=http_urls, logger=logger, id=id,field=field,updates=updates,base_url=base_url,for_more_check_urls=for_more_check_urls,image_urls=image_urls))
  File "/usr/lib/python3.10/asyncio/runners.py", line 44, in run
    return loop.run_until_complete(main)
  File "/usr/lib/python3.10/asyncio/base_events.py", line 649, in run_until_complete
    return future.result()
  File "/home/admin123/Projects/linux_security/multi-thread-intro-fulltext.py", line 359, in check_http_urls
    async for result in new_do_http_request(urls=urls_obj, session=session, logger=logger, id=id,image_urls=image_urls):
TypeError: new_do_http_request() got an unexpected keyword argument 'urls'
2023-11-07 20:03:49 - ERROR - new_do_http_request() got an unexpected keyword argument 'urls'
2023-11-07 20:04:40 - INFO - ******************** Processing ID: 301989 ******************** (1/1 - 100.0%)
2023-11-07 20:04:40 - INFO - processing  301989 - introtext is not JSON, proceeding further to check HTML
2023-11-07 20:04:43 - INFO - processing 301989 - fulltext is not json proceeding further to check html
2023-11-07 20:04:43 - INFO - https://twitter.com/lnxsec is skiped for checking:- present in SKIP_CHECK_SITES 
2023-11-07 20:04:43 - INFO - https://www.facebook.com/lnxsec is skiped for checking:- present in SKIP_CHECK_SITES 
2023-11-07 20:04:43 - INFO - https://www.linkedin.com/company/linuxsecurity/ is skiped for checking:- present in SKIP_CHECK_SITES 
2023-11-07 20:06:45 - INFO - ID: 301989 #URL: https://lh3.googleusercontent.com/A5xFXm9RRUQ-1ABlgBCSk-MRN28ZOBDtP3VKCgPZdFeB5YuO9KnYg-5Nmg2K_3xcWJTp9Iq0AcpoC7k5yO33itlBe7acikWbT8mlt6hA0mq6mtwgRqRV-tv6j4Z8yqtdMKWnVVIp #STATUS_CODE: 200
2023-11-07 20:07:21 - INFO - Skipped ID: 301989 #COLUMN: fulltext #URL: https://linuxsecurity.com/features/all-you-need-to-know-about-it-security-audits-and-its-importance #STATUS_CODE: 200
2023-11-07 20:07:22 - INFO - ID: 301989 #URL: https://linuxsecurity.com/images/articles/features/sysadmin-mistakes/password-qwerty.jpg #STATUS_CODE: 200
2023-11-07 20:07:22 - INFO - ID: 301989 #URL: https://linuxsecurity.com/images/articles/features/sysadmin-mistakes/what_is_DNS_failure_-_article_image.jpg #STATUS_CODE: 200
2023-11-07 20:07:23 - INFO - ID: 301989 #URL: https://linuxsecurity.com/images/articles/features/sysadmin-mistakes/when-to-conduct-a-security-audit.webp #STATUS_CODE: 200
2023-11-07 20:07:24 - INFO - Skipped ID: 301989 #COLUMN: fulltext #URL: https://linuxsecurity.com/features/nmap-firewall-evasion-techniques #STATUS_CODE: 200
2023-11-07 20:07:24 - INFO - ID: 301989 #URL: https://linuxsecurity.com/images/articles/features/sysadmin-mistakes/system-update.jpg #STATUS_CODE: 200
2023-11-07 20:07:25 - INFO - Skipped ID: 301989 #COLUMN: fulltext #URL: https://linuxsecurity.com/advisories #STATUS_CODE: 200
2023-11-07 20:07:26 - INFO - Skipped ID: 301989 #COLUMN: fulltext #URL: https://linuxsecurity.com/features/must-read-articles/top-tips-for-securing-your-linux-system-in-2020 #STATUS_CODE: 200
2023-11-07 20:07:26 - INFO - ID: 301989 #URL: https://linuxsecurity.com/images/articles/features/sysadmin-mistakes/privilege-escalation.jpg #STATUS_CODE: 200
2023-11-07 20:07:28 - INFO - ==================== All records have been processed ====================
