2023-09-22 18:14:46 - INFO - Multi-Thread script (Thread ID : 140519569086016): Processing ID :14  **********  1/50 - 2.0%
2023-09-22 18:14:46 - INFO - processing  14 - introtext is not JSON, proceeding further to check HTML
2023-09-22 18:14:47 - INFO - Skipped ID: 14 #COLUMN: introtext #URL: https://www.LinuxSecurity.com #STATUS_CODE: 200
2023-09-22 18:14:47 - INFO - processing 14 - fulltext is not json proceeding further to check html
2023-09-22 18:14:47 - INFO - Multi-Thread script (Thread ID : 140519569086016): Processing ID :17  **********  7/50 - 14.0%
2023-09-22 18:14:47 - INFO - processing  17 - introtext is not JSON, proceeding further to check HTML
2023-09-22 18:14:47 - INFO - processing 17 - fulltext is not json proceeding further to check html
2023-09-22 18:14:47 - INFO - Multi-Thread script (Thread ID : 140519569086016): Processing ID :18  **********  8/50 - 16.0%
2023-09-22 18:14:47 - INFO - processing  18 - introtext is not JSON, proceeding further to check HTML
2023-09-22 18:14:48 - INFO - processing 18 - fulltext is not json proceeding further to check html
2023-09-22 18:14:48 - INFO - Multi-Thread script (Thread ID : 140519569086016): Processing ID :20  **********  10/50 - 20.0%
2023-09-22 18:14:48 - INFO - processing  20 - introtext is not JSON, proceeding further to check HTML
2023-09-22 18:14:48 - INFO - processing 20 - fulltext is not json proceeding further to check html
2023-09-22 18:14:48 - INFO - Multi-Thread script (Thread ID : 140519569086016): Processing ID :86096  **********  12/50 - 24.0%
2023-09-22 18:14:48 - INFO - processing  86096 - introtext is not JSON, proceeding further to check HTML
2023-09-22 18:14:48 - INFO - processing 86096 - fulltext is not json proceeding further to check html
2023-09-22 18:14:48 - INFO - Multi-Thread script (Thread ID : 140519569086016): Processing ID :101882  **********  13/50 - 26.0%
2023-09-22 18:14:48 - INFO - processing  101882 - introtext is not JSON, proceeding further to check HTML
2023-09-22 18:14:48 - INFO - processing 101882 - fulltext is not json proceeding further to check html
2023-09-22 18:14:51 - INFO - Skipped ID: 101882 #COLUMN: fulltext #URL: http://www.chkrootkit.org #STATUS_CODE: 200
2023-09-22 18:14:51 - INFO - Skipped ID: 101882 #COLUMN: fulltext #URL: https://www.chkrootkit.org #STATUS_CODE: 200
2023-09-22 18:14:51 - INFO - Multi-Thread script (Thread ID : 140519569086016): Processing ID :101883  **********  24/50 - 48.0%
2023-09-22 18:14:51 - INFO - processing  101883 - introtext is not JSON, proceeding further to check HTML
2023-09-22 18:14:51 - INFO - processing 101883 - fulltext is not json proceeding further to check html
2023-09-22 18:14:54 - INFO - Skipped ID: 101883 #COLUMN: fulltext #URL: http://www.guardiandigital.com #STATUS_CODE: 200
2023-09-22 18:14:54 - INFO - Multi-Thread script (Thread ID : 140519569086016): Processing ID :101884  **********  33/50 - 66.0%
2023-09-22 18:14:54 - INFO - processing  101884 - introtext is not JSON, proceeding further to check HTML
2023-09-22 18:14:54 - INFO - processing 101884 - fulltext is not json proceeding further to check html
2023-09-22 18:14:56 - INFO - Skipped ID: 101884 #COLUMN: fulltext #URL: http://ccrypt.sourceforge.net/ #STATUS_CODE: 200
2023-09-22 18:14:56 - INFO - Skipped ID: 101884 #COLUMN: fulltext #URL: http://www.gnupg.org #STATUS_CODE: 307
2023-09-22 18:14:56 - INFO - Multi-Thread script (Thread ID : 140519569086016): Processing ID :101887  **********  38/50 - 76.0%
2023-09-22 18:14:56 - INFO - processing  101887 - introtext is not JSON, proceeding further to check HTML
2023-09-22 18:14:58 - INFO - Skipped ID: 101887 #COLUMN: introtext #URL: https://linuxsecurity.com/content/blogcategory/91/104 #STATUS_CODE: 200
2023-09-22 18:14:58 - INFO - Skipped ID: 101887 #COLUMN: introtext #URL: https://linuxsecurity.com/content/blogcategory/88/101/ #STATUS_CODE: 200
2023-09-22 18:14:58 - INFO - Skipped ID: 101887 #COLUMN: introtext #URL: https://linuxsecurity.com/content/blogcategory/92/105/ #STATUS_CODE: 200
2023-09-22 18:14:58 - INFO - Skipped ID: 101887 #COLUMN: introtext #URL: https://linuxsecurity.com/content/blogcategory/94/107/ #STATUS_CODE: 200
2023-09-22 18:14:58 - INFO - Skipped ID: 101887 #COLUMN: introtext #URL: https://linuxsecurity.com/content/blogcategory/90/103/ #STATUS_CODE: 200
2023-09-22 18:14:58 - INFO - Skipped ID: 101887 #COLUMN: introtext #URL: https://linuxsecurity.com/content/blogcategory/99/111/ #STATUS_CODE: 200
2023-09-22 18:14:58 - INFO - Skipped ID: 101887 #COLUMN: introtext #URL: https://linuxsecurity.com/content/blogcategory/95/108/ #STATUS_CODE: 200
2023-09-22 18:14:58 - INFO - Skipped ID: 101887 #COLUMN: introtext #URL: https://linuxsecurity.com/content/blogcategory/98/110/ #STATUS_CODE: 200
2023-09-22 18:14:58 - INFO - Skipped ID: 101887 #COLUMN: introtext #URL: https://linuxsecurity.com/content/blogcategory/122/114/ #STATUS_CODE: 200
2023-09-22 18:14:58 - INFO - Skipped ID: 101887 #COLUMN: introtext #URL: https://linuxsecurity.com/content/blogcategory/101/113/ #STATUS_CODE: 200
2023-09-22 18:14:58 - INFO - Skipped ID: 101887 #COLUMN: introtext #URL: https://linuxsecurity.com/content/blogcategory/87/100/ #STATUS_CODE: 200
2023-09-22 18:14:58 - INFO - Skipped ID: 101887 #COLUMN: introtext #URL: https://linuxsecurity.com/content/blogcategory/85/98/ #STATUS_CODE: 200
2023-09-22 18:14:58 - INFO - Skipped ID: 101887 #COLUMN: introtext #URL: https://linuxsecurity.com/content/blogcategory/89/102/ #STATUS_CODE: 200
2023-09-22 18:14:58 - INFO - Skipped ID: 101887 #COLUMN: introtext #URL: https://linuxsecurity.com/content/blogcategory/86/99/ #STATUS_CODE: 200
2023-09-22 18:14:58 - INFO - Skipped ID: 101887 #COLUMN: introtext #URL: https://linuxsecurity.com/content/blogcategory/97/109/ #STATUS_CODE: 200
2023-09-22 18:14:58 - INFO - processing 101887 - fulltext is not json proceeding further to check html
2023-09-22 18:14:58 - INFO - Multi-Thread script (Thread ID : 140519569086016): Processing ID :101892  **********  44/50 - 88.0%
2023-09-22 18:14:58 - INFO - processing  101892 - introtext is not JSON, proceeding further to check HTML
2023-09-22 18:14:58 - INFO - processing 101892 - fulltext is not json proceeding further to check html
2023-09-22 18:14:58 - INFO - Multi-Thread script (Thread ID : 140519569086016): Processing ID :101897  **********  45/50 - 90.0%
2023-09-22 18:14:58 - INFO - processing  101897 - introtext is not JSON, proceeding further to check HTML
2023-09-22 18:14:58 - INFO - processing 101897 - fulltext is not json proceeding further to check html
2023-09-22 18:14:58 - INFO - Multi-Thread script (Thread ID : 140519569086016): Processing ID :101898  **********  46/50 - 92.0%
2023-09-22 18:14:58 - INFO - processing  101898 - introtext is not JSON, proceeding further to check HTML
2023-09-22 18:14:58 - INFO - processing 101898 - fulltext is not json proceeding further to check html
2023-09-22 18:14:46 - INFO - Multi-Thread script (Thread ID : 140519250327104): Processing ID :101899  **********  2/50 - 4.0%
2023-09-22 18:14:46 - INFO - processing  101899 - introtext is not JSON, proceeding further to check HTML
2023-09-22 18:14:46 - INFO - processing 101899 - fulltext is not json proceeding further to check html
2023-09-22 18:14:48 - WARNING - #ID: 101899 #URL http://www.RedHat.com/corp/contac Error: local variable 'driver' referenced before assignment
2023-09-22 18:14:48 - ERROR - #ID: 101899 #URL http://www.RedHat.com/corp/contac Error: local variable 'driver' referenced before assignment
2023-09-22 18:14:48 - INFO - ID: 101899 #COLUMN: fulltext #URL: http://www.RedHat.com/corp/contac added for more checking
2023-09-22 18:14:48 - INFO - Multi-Thread script (Thread ID : 140519250327104): Processing ID :101910  **********  14/50 - 28.0%
2023-09-22 18:14:48 - INFO - processing  101910 - introtext is not JSON, proceeding further to check HTML
2023-09-22 18:14:48 - INFO - processing 101910 - fulltext is not json proceeding further to check html
2023-09-22 18:14:50 - INFO - Skipped ID: 101910 #COLUMN: fulltext #URL: http://www.debian.org/security/ #STATUS_CODE: 200
2023-09-22 18:14:50 - INFO - Skipped ID: 101910 #COLUMN: fulltext #URL: http://security.debian.org/ #STATUS_CODE: 200
2023-09-22 18:14:50 - INFO - Multi-Thread script (Thread ID : 140519250327104): Processing ID :101911  **********  21/50 - 42.0%
2023-09-22 18:14:50 - INFO - processing  101911 - introtext is not JSON, proceeding further to check HTML
2023-09-22 18:14:50 - INFO - processing 101911 - fulltext is not json proceeding further to check html
2023-09-22 18:14:51 - WARNING - #ID: 101911 #URL http://www.RedHat.com/corp/contact.html Error: local variable 'driver' referenced before assignment
2023-09-22 18:14:51 - ERROR - #ID: 101911 #URL http://www.RedHat.com/corp/contact.html Error: local variable 'driver' referenced before assignment
2023-09-22 18:14:51 - INFO - ID: 101911 #COLUMN: fulltext #URL: http://www.RedHat.com/corp/contact.html added for more checking
2023-09-22 18:14:51 - INFO - Multi-Thread script (Thread ID : 140519250327104): Processing ID :101912  **********  27/50 - 54.0%
2023-09-22 18:14:51 - INFO - processing  101912 - introtext is not JSON, proceeding further to check HTML
2023-09-22 18:14:51 - INFO - processing 101912 - fulltext is not json proceeding further to check html
2023-09-22 18:14:53 - INFO - Skipped ID: 101912 #COLUMN: fulltext #URL: http://www.xfree86.org/#news #STATUS_CODE: 200
2023-09-22 18:14:53 - INFO - Multi-Thread script (Thread ID : 140519250327104): Processing ID :101913  **********  29/50 - 58.0%
2023-09-22 18:14:53 - INFO - processing  101913 - introtext is not JSON, proceeding further to check HTML
2023-09-22 18:14:53 - INFO - processing 101913 - fulltext is not json proceeding further to check html
2023-09-22 18:14:53 - INFO - Multi-Thread script (Thread ID : 140519250327104): Processing ID :101914  **********  31/50 - 62.0%
2023-09-22 18:14:53 - INFO - processing  101914 - introtext is not JSON, proceeding further to check HTML
2023-09-22 18:14:53 - INFO - processing 101914 - fulltext is not json proceeding further to check html
2023-09-22 18:14:55 - WARNING - #ID: 101914 #URL http://www.RedHat.com/corp/contac Error: local variable 'driver' referenced before assignment
2023-09-22 18:14:55 - ERROR - #ID: 101914 #URL http://www.RedHat.com/corp/contac Error: local variable 'driver' referenced before assignment
2023-09-22 18:14:55 - INFO - ID: 101914 #COLUMN: fulltext #URL: http://www.RedHat.com/corp/contac added for more checking
2023-09-22 18:14:55 - INFO - Multi-Thread script (Thread ID : 140519250327104): Processing ID :101915  **********  36/50 - 72.0%
2023-09-22 18:14:55 - INFO - processing  101915 - introtext is not JSON, proceeding further to check HTML
2023-09-22 18:14:55 - INFO - processing 101915 - fulltext is not json proceeding further to check html
2023-09-22 18:14:55 - INFO - Multi-Thread script (Thread ID : 140519250327104): Processing ID :101916  **********  37/50 - 74.0%
2023-09-22 18:14:55 - INFO - processing  101916 - introtext is not JSON, proceeding further to check HTML
2023-09-22 18:14:55 - INFO - processing 101916 - fulltext is not json proceeding further to check html
2023-09-22 18:14:56 - WARNING - #ID: 101916 #URL http://www.RedHat.com/corp/contac Error: local variable 'driver' referenced before assignment
2023-09-22 18:14:56 - ERROR - #ID: 101916 #URL http://www.RedHat.com/corp/contac Error: local variable 'driver' referenced before assignment
2023-09-22 18:14:56 - INFO - ID: 101916 #COLUMN: fulltext #URL: http://www.RedHat.com/corp/contac added for more checking
2023-09-22 18:14:56 - INFO - Multi-Thread script (Thread ID : 140519250327104): Processing ID :101917  **********  39/50 - 78.0%
2023-09-22 18:14:56 - INFO - processing  101917 - introtext is not JSON, proceeding further to check HTML
2023-09-22 18:14:56 - INFO - processing 101917 - fulltext is not json proceeding further to check html
2023-09-22 18:14:57 - INFO - Multi-Thread script (Thread ID : 140519250327104): Processing ID :101918  **********  40/50 - 80.0%
2023-09-22 18:14:57 - INFO - processing  101918 - introtext is not JSON, proceeding further to check HTML
2023-09-22 18:14:57 - INFO - processing 101918 - fulltext is not json proceeding further to check html
2023-09-22 18:14:57 - INFO - Multi-Thread script (Thread ID : 140519250327104): Processing ID :101919  **********  41/50 - 82.0%
2023-09-22 18:14:57 - INFO - processing  101919 - introtext is not JSON, proceeding further to check HTML
2023-09-22 18:14:57 - INFO - processing 101919 - fulltext is not json proceeding further to check html
2023-09-22 18:14:57 - INFO - Multi-Thread script (Thread ID : 140519250327104): Processing ID :101920  **********  42/50 - 84.0%
2023-09-22 18:14:57 - INFO - processing  101920 - introtext is not JSON, proceeding further to check HTML
2023-09-22 18:14:57 - INFO - processing 101920 - fulltext is not json proceeding further to check html
2023-09-22 18:14:46 - INFO - Multi-Thread script (Thread ID : 140519233541696): Processing ID :101921  **********  3/50 - 6.0%
2023-09-22 18:14:46 - INFO - processing  101921 - introtext is not JSON, proceeding further to check HTML
2023-09-22 18:14:46 - INFO - processing 101921 - fulltext is not json proceeding further to check html
2023-09-22 18:14:47 - INFO - Multi-Thread script (Thread ID : 140519233541696): Processing ID :101922  **********  6/50 - 12.0%
2023-09-22 18:14:47 - INFO - processing  101922 - introtext is not JSON, proceeding further to check HTML
2023-09-22 18:14:47 - INFO - processing 101922 - fulltext is not json proceeding further to check html
2023-09-22 18:14:47 - INFO - Multi-Thread script (Thread ID : 140519233541696): Processing ID :101923  **********  9/50 - 18.0%
2023-09-22 18:14:47 - INFO - processing  101923 - introtext is not JSON, proceeding further to check HTML
2023-09-22 18:14:47 - INFO - processing 101923 - fulltext is not json proceeding further to check html
2023-09-22 18:14:48 - INFO - Multi-Thread script (Thread ID : 140519233541696): Processing ID :101924  **********  11/50 - 22.0%
2023-09-22 18:14:48 - INFO - processing  101924 - introtext is not JSON, proceeding further to check HTML
2023-09-22 18:14:48 - INFO - processing 101924 - fulltext is not json proceeding further to check html
2023-09-22 18:14:49 - INFO - Multi-Thread script (Thread ID : 140519233541696): Processing ID :101925  **********  16/50 - 32.0%
2023-09-22 18:14:49 - INFO - processing  101925 - introtext is not JSON, proceeding further to check HTML
2023-09-22 18:14:49 - INFO - processing 101925 - fulltext is not json proceeding further to check html
2023-09-22 18:14:49 - INFO - Multi-Thread script (Thread ID : 140519233541696): Processing ID :101926  **********  17/50 - 34.0%
2023-09-22 18:14:49 - INFO - processing  101926 - introtext is not JSON, proceeding further to check HTML
2023-09-22 18:14:49 - INFO - processing 101926 - fulltext is not json proceeding further to check html
2023-09-22 18:14:49 - INFO - Multi-Thread script (Thread ID : 140519233541696): Processing ID :101930  **********  18/50 - 36.0%
2023-09-22 18:14:49 - INFO - processing  101930 - introtext is not JSON, proceeding further to check HTML
2023-09-22 18:14:49 - INFO - processing 101930 - fulltext is not json proceeding further to check html
2023-09-22 18:14:50 - INFO - Multi-Thread script (Thread ID : 140519233541696): Processing ID :101931  **********  19/50 - 38.0%
2023-09-22 18:14:50 - INFO - processing  101931 - introtext is not JSON, proceeding further to check HTML
2023-09-22 18:14:50 - INFO - processing 101931 - fulltext is not json proceeding further to check html
2023-09-22 18:14:50 - INFO - Skipped ID: 101931 #COLUMN: fulltext #URL: http://developer.Red #STATUS_CODE: 200
2023-09-22 18:14:50 - INFO - Multi-Thread script (Thread ID : 140519233541696): Processing ID :101932  **********  22/50 - 44.0%
2023-09-22 18:14:50 - INFO - processing  101932 - introtext is not JSON, proceeding further to check HTML
2023-09-22 18:14:51 - INFO - processing 101932 - fulltext is not json proceeding further to check html
2023-09-22 18:14:52 - INFO - Skipped ID: 101932 #COLUMN: fulltext #URL: http://developer.Red #STATUS_CODE: 200
2023-09-22 18:14:52 - INFO - Multi-Thread script (Thread ID : 140519233541696): Processing ID :101933  **********  28/50 - 56.0%
2023-09-22 18:14:52 - INFO - processing  101933 - introtext is not JSON, proceeding further to check HTML
2023-09-22 18:14:52 - INFO - processing 101933 - fulltext is not json proceeding further to check html
2023-09-22 18:14:53 - WARNING - #ID: 101933 #URL http://www.RedHat.com/corp/contac Error: local variable 'driver' referenced before assignment
2023-09-22 18:14:53 - INFO - Skipped ID: 101933 #COLUMN: fulltext #URL: http://developer.Red #STATUS_CODE: 200
2023-09-22 18:14:53 - ERROR - #ID: 101933 #URL http://www.RedHat.com/corp/contac Error: local variable 'driver' referenced before assignment
2023-09-22 18:14:53 - INFO - ID: 101933 #COLUMN: fulltext #URL: http://www.RedHat.com/corp/contac added for more checking
2023-09-22 18:14:53 - INFO - Multi-Thread script (Thread ID : 140519233541696): Processing ID :101934  **********  30/50 - 60.0%
2023-09-22 18:14:53 - INFO - processing  101934 - introtext is not JSON, proceeding further to check HTML
2023-09-22 18:14:53 - INFO - processing 101934 - fulltext is not json proceeding further to check html
2023-09-22 18:14:54 - WARNING - #ID: 101934 #URL http://www.RedHat.com/corp/contac Error: local variable 'driver' referenced before assignment
2023-09-22 18:14:54 - ERROR - #ID: 101934 #URL http://www.RedHat.com/corp/contac Error: local variable 'driver' referenced before assignment
2023-09-22 18:14:54 - INFO - ID: 101934 #COLUMN: fulltext #URL: http://www.RedHat.com/corp/contac added for more checking
2023-09-22 18:14:54 - INFO - Multi-Thread script (Thread ID : 140519233541696): Processing ID :101935  **********  35/50 - 70.0%
2023-09-22 18:14:54 - INFO - processing  101935 - introtext is not JSON, proceeding further to check HTML
2023-09-22 18:14:54 - INFO - processing 101935 - fulltext is not json proceeding further to check html
2023-09-22 18:14:56 - WARNING - #ID: 101935 #URL http://www.RedHat.com/corp/contact Error: local variable 'driver' referenced before assignment
2023-09-22 18:14:56 - ERROR - #ID: 101935 #URL http://www.RedHat.com/corp/contact Error: local variable 'driver' referenced before assignment
2023-09-22 18:14:56 - INFO - ID: 101935 #COLUMN: fulltext #URL: http://www.RedHat.com/corp/contact added for more checking
2023-09-22 18:14:46 - INFO - Multi-Thread script (Thread ID : 140519225148992): Processing ID :101936  **********  4/50 - 8.0%
2023-09-22 18:14:46 - INFO - processing  101936 - introtext is not JSON, proceeding further to check HTML
2023-09-22 18:14:46 - INFO - processing 101936 - fulltext is not json proceeding further to check html
2023-09-22 18:14:48 - WARNING - #ID: 101936 #URL http://www.RedHat.com/corp/contac Error: local variable 'driver' referenced before assignment
2023-09-22 18:14:48 - ERROR - #ID: 101936 #URL http://www.RedHat.com/corp/contac Error: local variable 'driver' referenced before assignment
2023-09-22 18:14:48 - INFO - ID: 101936 #COLUMN: fulltext #URL: http://www.RedHat.com/corp/contac added for more checking
2023-09-22 18:14:48 - INFO - Multi-Thread script (Thread ID : 140519225148992): Processing ID :101937  **********  15/50 - 30.0%
2023-09-22 18:14:48 - INFO - processing  101937 - introtext is not JSON, proceeding further to check HTML
2023-09-22 18:14:48 - INFO - processing 101937 - fulltext is not json proceeding further to check html
2023-09-22 18:14:50 - WARNING - #ID: 101937 #URL http://www.RedHat.com/corp/contac Error: local variable 'driver' referenced before assignment
2023-09-22 18:14:50 - ERROR - #ID: 101937 #URL http://www.RedHat.com/corp/contac Error: local variable 'driver' referenced before assignment
2023-09-22 18:14:50 - INFO - ID: 101937 #COLUMN: fulltext #URL: http://www.RedHat.com/corp/contac added for more checking
2023-09-22 18:14:50 - INFO - Multi-Thread script (Thread ID : 140519225148992): Processing ID :101938  **********  20/50 - 40.0%
2023-09-22 18:14:50 - INFO - processing  101938 - introtext is not JSON, proceeding further to check HTML
2023-09-22 18:14:50 - INFO - processing 101938 - fulltext is not json proceeding further to check html
2023-09-22 18:14:51 - WARNING - #ID: 101938 #URL http://www.RedHat.com/corp/contac Error: local variable 'driver' referenced before assignment
2023-09-22 18:14:51 - ERROR - #ID: 101938 #URL http://www.RedHat.com/corp/contac Error: local variable 'driver' referenced before assignment
2023-09-22 18:14:51 - INFO - ID: 101938 #COLUMN: fulltext #URL: http://www.RedHat.com/corp/contac added for more checking
2023-09-22 18:14:51 - INFO - Multi-Thread script (Thread ID : 140519225148992): Processing ID :101939  **********  25/50 - 50.0%
2023-09-22 18:14:51 - INFO - processing  101939 - introtext is not JSON, proceeding further to check HTML
2023-09-22 18:14:51 - INFO - processing 101939 - fulltext is not json proceeding further to check html
2023-09-22 18:14:51 - INFO - Multi-Thread script (Thread ID : 140519225148992): Processing ID :101940  **********  26/50 - 52.0%
2023-09-22 18:14:51 - INFO - processing  101940 - introtext is not JSON, proceeding further to check HTML
2023-09-22 18:14:53 - INFO - Skipped ID: 101940 #COLUMN: introtext #URL: https://www.fullcircle.com #STATUS_CODE: 200
2023-09-22 18:14:53 - INFO - processing 101940 - fulltext is not json proceeding further to check html
2023-09-22 18:14:54 - INFO - Skipped ID: 101940 #COLUMN: fulltext #URL: https://www.fullcircle.com #STATUS_CODE: 200
2023-09-22 18:14:54 - INFO - Multi-Thread script (Thread ID : 140519225148992): Processing ID :101941  **********  34/50 - 68.0%
2023-09-22 18:14:54 - INFO - processing  101941 - introtext is not JSON, proceeding further to check HTML
2023-09-22 18:14:54 - INFO - processing 101941 - fulltext is not json proceeding further to check html
2023-09-22 18:14:55 - ERROR - #ID: 101941 #FTP_URL ftp://ftp.suse.com/pub/suse_update/kernel/ #Error: 550 Could not get file modification time.
2023-09-22 18:14:58 - INFO - Skipped ID: 101941 #COLUMN: fulltext #URL: http://www.suse.de/patches/index.html #STATUS_CODE: 200
2023-09-22 18:14:58 - INFO - Skipped ID: 101941 #COLUMN: fulltext #URL: http://www.suse.de/ftp.html #STATUS_CODE: 200
2023-09-22 18:14:58 - INFO - Skipped ID: 101941 #COLUMN: fulltext #URL: http://www.suse.com/en/ftp.html #STATUS_CODE: 200
2023-09-22 18:14:58 - INFO - Multi-Thread script (Thread ID : 140519225148992): Processing ID :101942  **********  47/50 - 94.0%
2023-09-22 18:14:58 - INFO - processing  101942 - introtext is not JSON, proceeding further to check HTML
2023-09-22 18:14:58 - INFO - processing 101942 - fulltext is not json proceeding further to check html
2023-09-22 18:14:59 - ERROR - #ID: 101942 #FTP_URL ftp://ftp.suse.com/pub/SuSE-Linux/suse_update/XFree86-3.3.3.1-SuSE/glibc #Error: 550 Could not get file modification time.
2023-09-22 18:14:59 - ERROR - #ID: 101942 #FTP_URL ftp://ftp.suse.com/pub/SuSE-Linux/suse_update/XFree86-3.3.3.1-SuSE/libc5 #Error: 550 Could not get file modification time.
2023-09-22 18:15:00 - WARNING - #ID: 101942 #URL http://www.suse.com/ftp_new.html Error: local variable 'driver' referenced before assignment
2023-09-22 18:15:02 - INFO - Skipped ID: 101942 #COLUMN: fulltext #URL: http://www.suse.de/patches/index.html #STATUS_CODE: 200
2023-09-22 18:15:02 - INFO - Skipped ID: 101942 #COLUMN: fulltext #URL: http://www.suse.de/ftp.html #STATUS_CODE: 200
2023-09-22 18:15:02 - ERROR - #ID: 101942 #URL http://www.suse.com/ftp_new.html Error: local variable 'driver' referenced before assignment
2023-09-22 18:15:02 - INFO - ID: 101942 #COLUMN: fulltext #URL: http://www.suse.com/ftp_new.html added for more checking
2023-09-22 18:15:02 - INFO - Multi-Thread script (Thread ID : 140519225148992): Processing ID :101943  **********  49/50 - 98.0%
2023-09-22 18:15:02 - INFO - processing  101943 - introtext is not JSON, proceeding further to check HTML
2023-09-22 18:15:02 - INFO - processing 101943 - fulltext is not json proceeding further to check html
2023-09-22 18:15:02 - INFO - Multi-Thread script (Thread ID : 140519225148992): Processing ID :101944  **********  50/50 - 100.0%
2023-09-22 18:15:02 - INFO - processing  101944 - introtext is not JSON, proceeding further to check HTML
2023-09-22 18:15:02 - INFO - processing 101944 - fulltext is not json proceeding further to check html
2023-09-22 18:15:02 - INFO - ID: 101944 #COLUMN: fulltext #URL: ftp://ftp.suse.com/pub/SuSE-Linux/suse_update/suse61/d1/lx_suse-2.2.7.SuSE-
3.i386.rpm replaced with ftp://ftp.suse.com/pub/SuSE-Linux/suse_update/suse61/d1/lx_suse-2.2.7.SuSE-3.i386.rpm
2023-09-22 18:15:02 - ERROR - #ID: 101944 #FTP_URL ftp://ftp.suse.com/pub/SuSE-Linux/suse_update/kernel/linux-2.2.7.SuSE.tgz #Error: 550 Could not get file modification time.
2023-09-22 18:15:02 - ERROR - #ID: 101944 #FTP_URL ftp://ftp.suse.com/pub/SuSE-Linux/suse_update/suse61/d1/lx_suse-2.2.7.SuSE-3.i386.rpm #Error: 550 Could not get file modification time.
2023-09-22 18:15:04 - WARNING - #ID: 101944 #URL http://www.suse.com/ftp_new.html Error: local variable 'driver' referenced before assignment
2023-09-22 18:15:05 - INFO - Skipped ID: 101944 #COLUMN: fulltext #URL: http://www.suse.de/patches/index.html #STATUS_CODE: 200
2023-09-22 18:15:05 - INFO - Skipped ID: 101944 #COLUMN: fulltext #URL: http://www.suse.de/ftp.html #STATUS_CODE: 200
2023-09-22 18:15:05 - ERROR - #ID: 101944 #URL http://www.suse.com/ftp_new.html Error: local variable 'driver' referenced before assignment
2023-09-22 18:15:05 - INFO - ID: 101944 #COLUMN: fulltext #URL: http://www.suse.com/ftp_new.html added for more checking
2023-09-22 18:15:05 - INFO - Processing ID: 101944 completed
2023-09-22 18:15:05 - INFO - Multi-Thread script (Thread ID : 140519225148992): Processing ID :101945  **********  52/50 - 104.0%
2023-09-22 18:15:05 - INFO - processing  101945 - introtext is not JSON, proceeding further to check HTML
2023-09-22 18:15:05 - INFO - processing 101945 - fulltext is not json proceeding further to check html
2023-09-22 18:15:06 - ERROR - #ID: 101945 #FTP_URL ftp://ftp.suse.com/pub/suse/i386/update/6.1/n1/pine.rpm #Error: 550 Could not get file modification time.
2023-09-22 18:15:06 - ERROR - #ID: 101945 #FTP_URL ftp://ftp.suse.com/pub/suse/i386/update/6.1/zq/pine.spm #Error: 550 Could not get file modification time.
2023-09-22 18:15:06 - ERROR - #ID: 101945 #FTP_URL ftp://ftp.suse.com/pub/suse/axp/update/6.1/n1/pine.rpm #Error: 550 Could not get file modification time.
2023-09-22 18:15:07 - WARNING - #ID: 101945 #URL http://www.suse.com/ftp_new.html Error: local variable 'driver' referenced before assignment
2023-09-22 18:15:08 - INFO - Skipped ID: 101945 #COLUMN: fulltext #URL: http://www.suse.de/patches/index.html #STATUS_CODE: 200
2023-09-22 18:15:08 - INFO - Skipped ID: 101945 #COLUMN: fulltext #URL: http://www.suse.de/ftp.html #STATUS_CODE: 200
2023-09-22 18:15:08 - ERROR - #ID: 101945 #URL http://www.suse.com/ftp_new.html Error: local variable 'driver' referenced before assignment
2023-09-22 18:15:08 - INFO - ID: 101945 #COLUMN: fulltext #URL: http://www.suse.com/ftp_new.html added for more checking
2023-09-22 18:15:08 - INFO - Multi-Thread script (Thread ID : 140519225148992): Processing ID :101946  **********  54/50 - 108.0%
2023-09-22 18:15:08 - INFO - processing  101946 - introtext is not JSON, proceeding further to check HTML
2023-09-22 18:15:08 - INFO - processing 101946 - fulltext is not json proceeding further to check html
2023-09-22 18:15:09 - ERROR - #ID: 101946 #FTP_URL ftp://ftp.suse.com/pub/suse/i386/update/6.1/zq1/man-2.3.10-76.src.rpm #Error: 550 Could not get file modification time.
2023-09-22 18:15:09 - ERROR - #ID: 101946 #FTP_URL ftp://ftp.suse.com/pub/suse/i386/update/6.1/a1/man-2.3.10-76.i386.rpm #Error: 550 Could not get file modification time.
2023-09-22 18:15:10 - WARNING - #ID: 101946 #URL http://www.suse.com/ftp_new.html Error: local variable 'driver' referenced before assignment
2023-09-22 18:15:12 - INFO - Skipped ID: 101946 #COLUMN: fulltext #URL: http://www.suse.de/patches/index.html #STATUS_CODE: 200
2023-09-22 18:15:12 - INFO - Skipped ID: 101946 #COLUMN: fulltext #URL: http://www.suse.de/ftp.html #STATUS_CODE: 200
2023-09-22 18:15:12 - ERROR - #ID: 101946 #URL http://www.suse.com/ftp_new.html Error: local variable 'driver' referenced before assignment
2023-09-22 18:15:12 - INFO - ID: 101946 #COLUMN: fulltext #URL: http://www.suse.com/ftp_new.html added for more checking
2023-09-22 18:15:12 - INFO - Multi-Thread script (Thread ID : 140519225148992): Processing ID :101947  **********  56/50 - 112.0%
2023-09-22 18:15:12 - INFO - processing  101947 - introtext is not JSON, proceeding further to check HTML
2023-09-22 18:15:12 - INFO - processing 101947 - fulltext is not json proceeding further to check html
2023-09-22 18:15:13 - ERROR - #ID: 101947 #FTP_URL ftp://ftp.suse.com/pub/suse/i386/update/6.1/kde2/kbase-1.1.1-15.i386.rpm #Error: 550 Could not get file modification time.
2023-09-22 18:15:14 - WARNING - #ID: 101947 #URL http://www.suse.com/ftp_new.html Error: local variable 'driver' referenced before assignment
2023-09-22 18:15:15 - INFO - Skipped ID: 101947 #COLUMN: fulltext #URL: http://www.suse.de/patches/index.html #STATUS_CODE: 200
2023-09-22 18:15:15 - INFO - Skipped ID: 101947 #COLUMN: fulltext #URL: http://www.suse.de/ftp.html #STATUS_CODE: 200
2023-09-22 18:15:15 - ERROR - #ID: 101947 #URL http://www.suse.com/ftp_new.html Error: local variable 'driver' referenced before assignment
2023-09-22 18:15:15 - INFO - ID: 101947 #COLUMN: fulltext #URL: http://www.suse.com/ftp_new.html added for more checking
2023-09-22 18:14:46 - INFO - Multi-Thread script (Thread ID : 140519208363584): Processing ID :101948  **********  5/50 - 10.0%
2023-09-22 18:14:46 - INFO - processing  101948 - introtext is not JSON, proceeding further to check HTML
2023-09-22 18:14:46 - INFO - processing 101948 - fulltext is not json proceeding further to check html
2023-09-22 18:14:50 - WARNING - #ID: 101948 #URL http://www.suse.com/ftp_new.html Error: local variable 'driver' referenced before assignment
2023-09-22 18:14:51 - INFO - Skipped ID: 101948 #COLUMN: fulltext #URL: http://www.suse.de/patches/index.html #STATUS_CODE: 200
2023-09-22 18:14:51 - INFO - Skipped ID: 101948 #COLUMN: fulltext #URL: http://www.suse.de/ftp.html #STATUS_CODE: 200
2023-09-22 18:14:51 - ERROR - #ID: 101948 #URL http://www.suse.com/ftp_new.html Error: local variable 'driver' referenced before assignment
2023-09-22 18:14:51 - INFO - ID: 101948 #COLUMN: fulltext #URL: http://www.suse.com/ftp_new.html added for more checking
2023-09-22 18:14:51 - INFO - Multi-Thread script (Thread ID : 140519208363584): Processing ID :101949  **********  23/50 - 46.0%
2023-09-22 18:14:51 - INFO - processing  101949 - introtext is not JSON, proceeding further to check HTML
2023-09-22 18:14:51 - INFO - processing 101949 - fulltext is not json proceeding further to check html
2023-09-22 18:14:52 - WARNING - #ID: 101949 #URL http://www.suse.com/ftp_new.html Error: local variable 'driver' referenced before assignment
2023-09-22 18:14:53 - INFO - Skipped ID: 101949 #COLUMN: fulltext #URL: http://www.suse.de/patches/index.html #STATUS_CODE: 200
2023-09-22 18:14:53 - INFO - Skipped ID: 101949 #COLUMN: fulltext #URL: http://www.suse.de/ftp.html #STATUS_CODE: 200
2023-09-22 18:14:53 - ERROR - #ID: 101949 #URL http://www.suse.com/ftp_new.html Error: local variable 'driver' referenced before assignment
2023-09-22 18:14:53 - INFO - ID: 101949 #COLUMN: fulltext #URL: http://www.suse.com/ftp_new.html added for more checking
2023-09-22 18:14:53 - INFO - Multi-Thread script (Thread ID : 140519208363584): Processing ID :101950  **********  32/50 - 64.0%
2023-09-22 18:14:53 - INFO - processing  101950 - introtext is not JSON, proceeding further to check HTML
2023-09-22 18:14:53 - INFO - processing 101950 - fulltext is not json proceeding further to check html
2023-09-22 18:14:55 - ERROR - #ID: 101950 #FTP_URL ftp://ftp.suse.com/pub/suse/axp/update/6.1/a1/termcap.rpm #Error: 550 Could not get file modification time.
2023-09-22 18:14:55 - ERROR - #ID: 101950 #FTP_URL ftp://ftp.suse.com/pub/suse/i386/update/6.2/a1/termcap.rpm #Error: 550 Could not get file modification time.
2023-09-22 18:14:55 - ERROR - #ID: 101950 #FTP_URL ftp://ftp.suse.com/pub/suse/i386/update/6.1/a1/termcap.rpm #Error: 550 Could not get file modification time.
2023-09-22 18:14:56 - WARNING - #ID: 101950 #URL http://www.suse.com/ftp_new.html Error: local variable 'driver' referenced before assignment
2023-09-22 18:14:58 - INFO - Skipped ID: 101950 #COLUMN: fulltext #URL: http://www.suse.de/patches/index.html #STATUS_CODE: 200
2023-09-22 18:14:58 - INFO - Skipped ID: 101950 #COLUMN: fulltext #URL: http://www.suse.de/ftp.html #STATUS_CODE: 200
2023-09-22 18:14:58 - ERROR - #ID: 101950 #URL http://www.suse.com/ftp_new.html Error: local variable 'driver' referenced before assignment
2023-09-22 18:14:58 - INFO - ID: 101950 #COLUMN: fulltext #URL: http://www.suse.com/ftp_new.html added for more checking
2023-09-22 18:14:58 - INFO - Multi-Thread script (Thread ID : 140519208363584): Processing ID :101951  **********  43/50 - 86.0%
2023-09-22 18:14:58 - INFO - processing  101951 - introtext is not JSON, proceeding further to check HTML
2023-09-22 18:14:58 - INFO - processing 101951 - fulltext is not json proceeding further to check html
2023-09-22 18:14:59 - ERROR - #ID: 101951 #FTP_URL ftp://ftp.suse.com/pub/suse/i386/update/6.2/n1/trn-3.6-70.i386.rpm #Error: 550 Could not get file modification time.
2023-09-22 18:14:59 - ERROR - #ID: 101951 #FTP_URL ftp://ftp.suse.com/pub/suse/i386/update/6.2/n1/trn_spl-3.6-61.i386.rpm #Error: 550 Could not get file modification time.
2023-09-22 18:15:00 - WARNING - #ID: 101951 #URL http://www.suse.com/ftp_new.html Error: local variable 'driver' referenced before assignment
2023-09-22 18:15:01 - INFO - Skipped ID: 101951 #COLUMN: fulltext #URL: http://www.suse.de/patches/index.html #STATUS_CODE: 200
2023-09-22 18:15:01 - INFO - Skipped ID: 101951 #COLUMN: fulltext #URL: http://www.suse.de/ftp.html #STATUS_CODE: 200
2023-09-22 18:15:01 - ERROR - #ID: 101951 #URL http://www.suse.com/ftp_new.html Error: local variable 'driver' referenced before assignment
2023-09-22 18:15:01 - INFO - ID: 101951 #COLUMN: fulltext #URL: http://www.suse.com/ftp_new.html added for more checking
2023-09-22 18:15:01 - INFO - Multi-Thread script (Thread ID : 140519208363584): Processing ID :101952  **********  48/50 - 96.0%
2023-09-22 18:15:01 - INFO - processing  101952 - introtext is not JSON, proceeding further to check HTML
2023-09-22 18:15:01 - INFO - processing 101952 - fulltext is not json proceeding further to check html
2023-09-22 18:15:02 - WARNING - #ID: 101952 #URL http://www.suse.com/ftp_new.html Error: local variable 'driver' referenced before assignment
2023-09-22 18:15:03 - INFO - Skipped ID: 101952 #COLUMN: fulltext #URL: http://www.suse.de/patches/index.html #STATUS_CODE: 200
2023-09-22 18:15:03 - INFO - Skipped ID: 101952 #COLUMN: fulltext #URL: http://www.suse.de/ftp.html #STATUS_CODE: 200
2023-09-22 18:15:03 - ERROR - #ID: 101952 #URL http://www.suse.com/ftp_new.html Error: local variable 'driver' referenced before assignment
2023-09-22 18:15:03 - INFO - ID: 101952 #COLUMN: fulltext #URL: http://www.suse.com/ftp_new.html added for more checking
2023-09-22 18:15:03 - INFO - Multi-Thread script (Thread ID : 140519208363584): Processing ID :101953  **********  51/50 - 102.0%
2023-09-22 18:15:03 - INFO - processing  101953 - introtext is not JSON, proceeding further to check HTML
2023-09-22 18:15:03 - INFO - processing 101953 - fulltext is not json proceeding further to check html
2023-09-22 18:15:04 - ERROR - #ID: 101953 #FTP_URL ftp://ftp.suse.com/pub/suse/i386/update/6.2/n1/rsync.rpm #Error: 550 Could not get file modification time.
2023-09-22 18:15:05 - WARNING - #ID: 101953 #URL http://www.suse.com/ftp_new.html Error: local variable 'driver' referenced before assignment
2023-09-22 18:15:07 - INFO - Skipped ID: 101953 #COLUMN: fulltext #URL: http://www.suse.de/patches/index.html #STATUS_CODE: 200
2023-09-22 18:15:07 - INFO - Skipped ID: 101953 #COLUMN: fulltext #URL: http://www.suse.de/ftp.html #STATUS_CODE: 200
2023-09-22 18:15:07 - ERROR - #ID: 101953 #URL http://www.suse.com/ftp_new.html Error: local variable 'driver' referenced before assignment
2023-09-22 18:15:07 - INFO - ID: 101953 #COLUMN: fulltext #URL: http://www.suse.com/ftp_new.html added for more checking
2023-09-22 18:15:07 - INFO - Multi-Thread script (Thread ID : 140519208363584): Processing ID :101954  **********  53/50 - 106.0%
2023-09-22 18:15:07 - INFO - processing  101954 - introtext is not JSON, proceeding further to check HTML
2023-09-22 18:15:07 - INFO - processing 101954 - fulltext is not json proceeding further to check html
2023-09-22 18:15:08 - ERROR - #ID: 101954 #FTP_URL ftp://ftp.suse.com/pub/suse/i386/update/6.2/a1/cron-3.0.1-84.i386.rpm #Error: 550 Could not get file modification time.
2023-09-22 18:15:08 - ERROR - #ID: 101954 #FTP_URL ftp://ftp.suse.com/pub/suse/i386/update/6.1/a1/cron-3.0.1-82.i386.rpm #Error: 550 Could not get file modification time.
2023-09-22 18:15:09 - WARNING - #ID: 101954 #URL http://www.suse.com/ftp_new.html Error: local variable 'driver' referenced before assignment
2023-09-22 18:15:10 - INFO - Skipped ID: 101954 #COLUMN: fulltext #URL: http://www.suse.de/patches/index.html #STATUS_CODE: 200
2023-09-22 18:15:10 - INFO - Skipped ID: 101954 #COLUMN: fulltext #URL: http://www.suse.de/ftp.html #STATUS_CODE: 200
2023-09-22 18:15:10 - ERROR - #ID: 101954 #URL http://www.suse.com/ftp_new.html Error: local variable 'driver' referenced before assignment
2023-09-22 18:15:10 - INFO - ID: 101954 #COLUMN: fulltext #URL: http://www.suse.com/ftp_new.html added for more checking
2023-09-22 18:15:10 - INFO - Multi-Thread script (Thread ID : 140519208363584): Processing ID :101956  **********  55/50 - 110.0%
2023-09-22 18:15:10 - INFO - processing  101956 - introtext is not JSON, proceeding further to check HTML
2023-09-22 18:15:10 - INFO - processing 101956 - fulltext is not json proceeding further to check html
2023-09-22 18:15:11 - ERROR - #ID: 101956 #FTP_URL ftp://ftp.suse.com/pub/suse/axp/update/6.1/n1/pine.rpm #Error: 550 Could not get file modification time.
2023-09-22 18:15:11 - ERROR - #ID: 101956 #FTP_URL ftp://ftp.suse.com/pub/suse/i386/update/6.1/n1/pine.rpm #Error: 550 Could not get file modification time.
2023-09-22 18:15:11 - ERROR - #ID: 101956 #FTP_URL ftp://ftp.suse.com/pub/suse/i386/update/5.3/n1/pine.rpm #Error: 550 Could not get file modification time.
2023-09-22 18:15:11 - ERROR - #ID: 101956 #FTP_URL ftp://ftp.suse.com/pub/suse/i386/update/6.2/n1/pine.rpm #Error: 550 Could not get file modification time.
2023-09-22 18:15:12 - WARNING - #ID: 101956 #URL http://www.suse.com/ftp_new.html Error: local variable 'driver' referenced before assignment
2023-09-22 18:15:13 - INFO - Skipped ID: 101956 #COLUMN: fulltext #URL: http://www.suse.de/patches/index.html #STATUS_CODE: 200
2023-09-22 18:15:13 - INFO - Skipped ID: 101956 #COLUMN: fulltext #URL: http://www.suse.de/ftp.html #STATUS_CODE: 200
2023-09-22 18:15:13 - ERROR - #ID: 101956 #URL http://www.suse.com/ftp_new.html Error: local variable 'driver' referenced before assignment
2023-09-22 18:15:13 - INFO - ID: 101956 #COLUMN: fulltext #URL: http://www.suse.com/ftp_new.html added for more checking
2023-09-22 18:15:13 - INFO - Multi-Thread script (Thread ID : 140519208363584): Processing ID :101957  **********  57/50 - 114.0%
2023-09-22 18:15:13 - INFO - processing  101957 - introtext is not JSON, proceeding further to check HTML
2023-09-22 18:15:13 - INFO - processing 101957 - fulltext is not json proceeding further to check html
2023-09-22 18:15:14 - ERROR - #ID: 101957 #FTP_URL ftp://ftp.suse.com/pub/suse/axp/update/6.1/n1/lynx-2.8.3dev9-76.alpha.rpm #Error: 550 Could not get file modification time.
2023-09-22 18:15:14 - ERROR - #ID: 101957 #FTP_URL ftp://ftp.suse.com/pub/suse/i386/update/5.3/n1/lynx-2.8.3dev9-76.i386.rpm #Error: 550 Could not get file modification time.
2023-09-22 18:15:14 - ERROR - #ID: 101957 #FTP_URL ftp://ftp.suse.com/pub/suse/i386/update/6.1/n1/lynx-2.8.3dev9-76.i386.rpm #Error: 550 Could not get file modification time.
2023-09-22 18:15:14 - ERROR - #ID: 101957 #FTP_URL ftp://ftp.suse.com/pub/suse/i386/update/6.2/n1/lynx-2.8.3dev9-76.i386.rpm #Error: 550 Could not get file modification time.
2023-09-22 18:15:15 - WARNING - #ID: 101957 #URL http://www.suse.com/ftp_new.html Error: local variable 'driver' referenced before assignment
2023-09-22 18:15:16 - INFO - Skipped ID: 101957 #COLUMN: fulltext #URL: http://www.suse.de/patches/index.html #STATUS_CODE: 200
2023-09-22 18:15:16 - INFO - Skipped ID: 101957 #COLUMN: fulltext #URL: http://www.suse.de/ftp.html #STATUS_CODE: 200
2023-09-22 18:15:16 - ERROR - #ID: 101957 #URL http://www.suse.com/ftp_new.html Error: local variable 'driver' referenced before assignment
2023-09-22 18:15:16 - INFO - ID: 101957 #COLUMN: fulltext #URL: http://www.suse.com/ftp_new.html added for more checking
2023-09-22 18:15:16 - INFO - Multi-Thread script (Thread ID : 140519208363584): Processing ID :101958  **********  58/50 - 116.0%
2023-09-22 18:15:16 - INFO - processing  101958 - introtext is not JSON, proceeding further to check HTML
2023-09-22 18:15:16 - INFO - processing 101958 - fulltext is not json proceeding further to check html
2023-09-22 18:15:17 - ERROR - #ID: 101958 #FTP_URL ftp://koobera.math.uic.edu/www/anonftpd.html #Error: [Errno -2] Name or service not known
2023-09-22 18:15:19 - WARNING - #ID: 101958 #URL http://www.suse.com/ftp_new.html Error: local variable 'driver' referenced before assignment
2023-09-22 18:15:19 - INFO - Skipped ID: 101958 #COLUMN: fulltext #URL: http://www.suse.de/patches/index.html #STATUS_CODE: 200
2023-09-22 18:15:19 - INFO - Skipped ID: 101958 #COLUMN: fulltext #URL: http://www.suse.de/ftp.html #STATUS_CODE: 200
2023-09-22 18:15:19 - ERROR - #ID: 101958 #URL http://www.suse.com/ftp_new.html Error: local variable 'driver' referenced before assignment
2023-09-22 18:15:19 - INFO - ID: 101958 #COLUMN: fulltext #URL: http://www.suse.com/ftp_new.html added for more checking
2023-09-22 18:15:19 - INFO - Multi-Thread script (Thread ID : 140519208363584): Processing ID :101959  **********  59/50 - 118.0%
2023-09-22 18:15:19 - INFO - processing  101959 - introtext is not JSON, proceeding further to check HTML
2023-09-22 18:15:19 - INFO - processing 101959 - fulltext is not json proceeding further to check html
2023-09-22 18:15:20 - ERROR - #ID: 101959 #FTP_URL ftp://ftp.suse.com/pub/suse/i386/update/5.3/n1/marsnwe-0.99.pl17-54.i386.rpm #Error: 550 Could not get file modification time.
2023-09-22 18:15:20 - ERROR - #ID: 101959 #FTP_URL ftp://ftp.suse.com/pub/suse/i386/update/6.1/n1/marsnwe-0.99.pl17-54.i386.rpm #Error: 550 Could not get file modification time.
2023-09-22 18:15:20 - ERROR - #ID: 101959 #FTP_URL ftp://ftp.suse.com/pub/suse/i386/update/6.2/n1/marsnwe-0.99.pl17-54.i386.rpm #Error: 550 Could not get file modification time.
2023-09-22 18:15:20 - ERROR - #ID: 101959 #FTP_URL ftp://ftp.suse.com/pub/suse/axp/update/6.1/n1/marsnwe-0.99.pl17-54.alpha.rpm #Error: 550 Could not get file modification time.
2023-09-22 18:15:22 - WARNING - #ID: 101959 #URL http://www.suse.com/ftp_new.html Error: local variable 'driver' referenced before assignment
2023-09-22 18:15:23 - INFO - Skipped ID: 101959 #COLUMN: fulltext #URL: http://www.suse.de/patches/index.html #STATUS_CODE: 200
2023-09-22 18:15:23 - INFO - Skipped ID: 101959 #COLUMN: fulltext #URL: http://www.suse.de/ftp.html #STATUS_CODE: 200
2023-09-22 18:15:23 - ERROR - #ID: 101959 #URL http://www.suse.com/ftp_new.html Error: local variable 'driver' referenced before assignment
2023-09-22 18:15:23 - INFO - ID: 101959 #COLUMN: fulltext #URL: http://www.suse.com/ftp_new.html added for more checking
2023-09-22 18:15:23 - INFO - Multi-Thread script (Thread ID : 140519208363584): Processing ID :101960  **********  60/50 - 120.0%
2023-09-22 18:15:23 - INFO - processing  101960 - introtext is not JSON, proceeding further to check HTML
2023-09-22 18:15:23 - INFO - processing 101960 - fulltext is not json proceeding further to check html
2023-09-22 18:15:24 - ERROR - #ID: 101960 #FTP_URL ftp://ftp.suse.com/pub/suse/i386/update/6.2/ham1/pbpg-1.2-0.i386.rpm #Error: 550 Could not get file modification time.
2023-09-22 18:15:25 - WARNING - #ID: 101960 #URL http://www.suse.com/ftp_new.html Error: local variable 'driver' referenced before assignment
2023-09-22 18:15:26 - INFO - Skipped ID: 101960 #COLUMN: fulltext #URL: http://www.suse.de/patches/index.html #STATUS_CODE: 200
2023-09-22 18:15:26 - INFO - Skipped ID: 101960 #COLUMN: fulltext #URL: http://www.suse.de/ftp.html #STATUS_CODE: 200
2023-09-22 18:15:26 - ERROR - #ID: 101960 #URL http://www.suse.com/ftp_new.html Error: local variable 'driver' referenced before assignment
2023-09-22 18:15:26 - INFO - ID: 101960 #COLUMN: fulltext #URL: http://www.suse.com/ftp_new.html added for more checking
