2023-08-14 18:20:35 - INFO - processing 221314 - fulltext is not json proceeding further to check html
2023-08-14 18:20:42 - WARNING - #ID: 221314 #URL http://ports.ubuntu.com/pool/universe/v/vim/vim-gtk_7.1-056+2ubuntu2.1_lpia.deb Error: WebDriver.__init__() got an unexpected keyword argument 'executable_path'
2023-08-14 18:20:44 - WARNING - #ID: 221314 #URL http://ports.ubuntu.com/pool/universe/v/vim/vim-full_7.1-056+2ubuntu2.1_lpia.deb Error: WebDriver.__init__() got an unexpected keyword argument 'executable_path'
2023-08-14 18:22:06 - INFO - ******************** Processing ID: 221314 ******************** (1/1 - 100.0%)
2023-08-14 18:22:06 - INFO - processing  221314 - introtext is not JSON, proceeding further to check HTML
2023-08-14 18:22:10 - INFO - processing 221314 - fulltext is not json proceeding further to check html
2023-08-14 18:22:14 - WARNING - #ID: 221314 #URL http://security.ubuntu.com/ubuntu/pool/universe/v/vim/vim-ruby_6.4-006+2ubuntu6.2_i386.deb Error: Message: unknown error: cannot find Chrome binary
Stacktrace:
#0 0x55c2e6eda4e3 <unknown>
#1 0x55c2e6c09c76 <unknown>
#2 0x55c2e6c30757 <unknown>
#3 0x55c2e6c2f029 <unknown>
#4 0x55c2e6c6dccc <unknown>
#5 0x55c2e6c6d47f <unknown>
#6 0x55c2e6c64de3 <unknown>
#7 0x55c2e6c3a2dd <unknown>
#8 0x55c2e6c3b34e <unknown>
#9 0x55c2e6e9a3e4 <unknown>
#10 0x55c2e6e9e3d7 <unknown>
#11 0x55c2e6ea8b20 <unknown>
#12 0x55c2e6e9f023 <unknown>
#13 0x55c2e6e6d1aa <unknown>
#14 0x55c2e6ec36b8 <unknown>
#15 0x55c2e6ec3847 <unknown>
#16 0x55c2e6ed3243 <unknown>
#17 0x7f6bf814fb43 <unknown>

2023-08-23 10:21:40 - ERROR - (1045, "Access denied for user 'root'@'localhost' (using password: YES)")
2023-08-23 10:22:51 - INFO - ******************** Processing ID: 348150 ******************** (1/1 - 100.0%)
2023-08-23 10:22:51 - INFO - processing  348150 - introtext is not JSON, proceeding further to check HTML
2023-08-23 10:22:55 - INFO - processing 348150 - fulltext is not json proceeding further to check html
2023-08-23 10:26:53 - WARNING - #ID: 348150 #URL https://ubuntu.com/security/notices/USN-6209-1 Error: 
2023-08-23 10:26:53 - INFO - #ID: 348150 #URL https://ubuntu.com/security/notices/USN-6209-1 - Requesting again using GET request instead of HEAD
2023-08-23 10:26:59 - WARNING - #ID: 348150 #URL https://launchpad.net/ubuntu/+source/gerbv/2.7.0-1ubuntu0.1 Error: 
2023-08-23 10:26:59 - INFO - #ID: 348150 #URL https://launchpad.net/ubuntu/+source/gerbv/2.7.0-1ubuntu0.1 - Requesting again using GET request instead of HEAD
2023-08-23 10:27:16 - WARNING - #ID: 348150 Error: Timeout 
2023-08-23 10:27:16 - INFO - ID: 348150 #COLUMN: fulltext #URL: https://ubuntu.com/security/notices/USN-6209-1 added for more checking
2023-08-23 10:27:16 - WARNING - #ID: 348150 Error: Timeout 
2023-08-23 10:27:16 - INFO - ID: 348150 #COLUMN: fulltext #URL: https://launchpad.net/ubuntu/+source/gerbv/2.7.0-1ubuntu0.1 added for more checking
2023-08-23 10:30:52 - INFO - ==================== All records have been processed ====================
2023-08-23 10:31:10 - INFO - ******************** Processing ID: 101882 ******************** (1/1 - 100.0%)
2023-08-23 10:31:10 - INFO - processing  101882 - introtext is not JSON, proceeding further to check HTML
2023-08-23 10:31:32 - INFO - processing 101882 - fulltext is not json proceeding further to check html
2023-08-23 10:36:13 - WARNING - #ID: 101882 #URL https://linuxsecurity.com/mailo:ciaglia@netwosix.org Error: Message: unknown error: no chrome binary at /home/shubpy/.var/app/com.google.Chrome/cache/google-chrome
Stacktrace:
#0 0x56324d32e4e3 <unknown>
#1 0x56324d05dc76 <unknown>
#2 0x56324d0845e0 <unknown>
#3 0x56324d083029 <unknown>
#4 0x56324d0c1ccc <unknown>
#5 0x56324d0c147f <unknown>
#6 0x56324d0b8de3 <unknown>
#7 0x56324d08e2dd <unknown>
#8 0x56324d08f34e <unknown>
#9 0x56324d2ee3e4 <unknown>
#10 0x56324d2f23d7 <unknown>
#11 0x56324d2fcb20 <unknown>
#12 0x56324d2f3023 <unknown>
#13 0x56324d2c11aa <unknown>
#14 0x56324d3176b8 <unknown>
#15 0x56324d317847 <unknown>
#16 0x56324d327243 <unknown>
#17 0x7f72c8094b43 <unknown>

2023-08-23 10:36:15 - INFO - Skipped ID: 101882 #COLUMN: fulltext #URL: http://www.chkrootkit.org #STATUS_CODE: 200
2023-08-23 10:36:15 - INFO - Skipped ID: 101882 #COLUMN: fulltext #URL: https://www.chkrootkit.org #STATUS_CODE: 200
2023-08-23 10:36:15 - ERROR - #ID: 101882 #URL https://linuxsecurity.com/mailo:ciaglia@netwosix.org Error: Message: unknown error: no chrome binary at /home/shubpy/.var/app/com.google.Chrome/cache/google-chrome
Stacktrace:
#0 0x56324d32e4e3 <unknown>
#1 0x56324d05dc76 <unknown>
#2 0x56324d0845e0 <unknown>
#3 0x56324d083029 <unknown>
#4 0x56324d0c1ccc <unknown>
#5 0x56324d0c147f <unknown>
#6 0x56324d0b8de3 <unknown>
#7 0x56324d08e2dd <unknown>
#8 0x56324d08f34e <unknown>
#9 0x56324d2ee3e4 <unknown>
#10 0x56324d2f23d7 <unknown>
#11 0x56324d2fcb20 <unknown>
#12 0x56324d2f3023 <unknown>
#13 0x56324d2c11aa <unknown>
#14 0x56324d3176b8 <unknown>
#15 0x56324d317847 <unknown>
#16 0x56324d327243 <unknown>
#17 0x7f72c8094b43 <unknown>

2023-08-23 10:36:15 - INFO - ID: 101882 #COLUMN: fulltext #URL: https://linuxsecurity.com/mailo:ciaglia@netwosix.org added for more checking
2023-08-23 10:50:35 - INFO - ==================== All records have been processed ====================
2023-08-23 10:50:43 - INFO - ******************** Processing ID: 347259 ******************** (1/1 - 100.0%)
2023-08-23 10:50:43 - INFO - processing  347259 - introtext is not JSON, proceeding further to check HTML
2023-08-23 10:51:24 - INFO - Skipped ID: 347259 #COLUMN: introtext #URL: https://blogs.jpcert.or.jp/en/2023/05/gobrat.html #STATUS_CODE: 200
2023-08-23 10:51:24 - INFO - processing 347259 - fulltext is not json proceeding further to check html
2023-08-23 10:53:35 - WARNING - #ID: 347259 #URL https://linuxsecurity.com/mailo:ciaglia@netwosix.org Error: Message: unknown error: no chrome binary at /home/shubpy/.var/app/com.google.Chrome/cache/google-chrome
Stacktrace:
#0 0x561a0d8734e3 <unknown>
#1 0x561a0d5a2c76 <unknown>
#2 0x561a0d5c95e0 <unknown>
#3 0x561a0d5c8029 <unknown>
#4 0x561a0d606ccc <unknown>
#5 0x561a0d60647f <unknown>
#6 0x561a0d5fdde3 <unknown>
#7 0x561a0d5d32dd <unknown>
#8 0x561a0d5d434e <unknown>
#9 0x561a0d8333e4 <unknown>
#10 0x561a0d8373d7 <unknown>
#11 0x561a0d841b20 <unknown>
#12 0x561a0d838023 <unknown>
#13 0x561a0d8061aa <unknown>
#14 0x561a0d85c6b8 <unknown>
#15 0x561a0d85c847 <unknown>
#16 0x561a0d86c243 <unknown>
#17 0x7f7a2fe94b43 <unknown>

2023-08-23 10:53:35 - ERROR - #ID: 347259 #URL https://linuxsecurity.com/mailo:ciaglia@netwosix.org Error: Message: unknown error: no chrome binary at /home/shubpy/.var/app/com.google.Chrome/cache/google-chrome
Stacktrace:
#0 0x561a0d8734e3 <unknown>
#1 0x561a0d5a2c76 <unknown>
#2 0x561a0d5c95e0 <unknown>
#3 0x561a0d5c8029 <unknown>
#4 0x561a0d606ccc <unknown>
#5 0x561a0d60647f <unknown>
#6 0x561a0d5fdde3 <unknown>
#7 0x561a0d5d32dd <unknown>
#8 0x561a0d5d434e <unknown>
#9 0x561a0d8333e4 <unknown>
#10 0x561a0d8373d7 <unknown>
#11 0x561a0d841b20 <unknown>
#12 0x561a0d838023 <unknown>
#13 0x561a0d8061aa <unknown>
#14 0x561a0d85c6b8 <unknown>
#15 0x561a0d85c847 <unknown>
#16 0x561a0d86c243 <unknown>
#17 0x7f7a2fe94b43 <unknown>

2023-08-23 10:54:27 - INFO - ID: 347259 #COLUMN: fulltext #URL: https://linuxsecurity.com/mailo:ciaglia@netwosix.org added for more checking
2023-08-23 10:56:46 - INFO - ******************** Processing ID: 347259 ******************** (1/1 - 100.0%)
2023-08-23 10:56:46 - INFO - processing  347259 - introtext is not JSON, proceeding further to check HTML
2023-08-23 10:57:09 - INFO - Skipped ID: 347259 #COLUMN: introtext #URL: https://blogs.jpcert.or.jp/en/2023/05/gobrat.html #STATUS_CODE: 200
2023-08-23 10:57:10 - INFO - processing 347259 - fulltext is not json proceeding further to check html
2023-08-23 10:57:58 - WARNING - #ID: 347259 #URL https://linuxsecurity.com/mailo:ciaglia@netwosix.org Error: 
2023-08-23 10:57:58 - INFO - #ID: 347259 #URL https://linuxsecurity.com/mailo:ciaglia@netwosix.org - Requesting again using GET request instead of HEAD
2023-08-23 10:59:18 - INFO - Processing ID: 347259 completed
2023-08-23 11:44:57 - INFO - ******************** Processing ID: 347259 ******************** (1/1 - 100.0%)
2023-08-23 11:44:57 - INFO - processing  347259 - introtext is not JSON, proceeding further to check HTML
2023-08-23 11:46:17 - INFO - Skipped ID: 347259 #COLUMN: introtext #URL: https://blogs.jpcert.or.jp/en/2023/05/gobrat.html #STATUS_CODE: 200
2023-08-23 11:46:18 - INFO - processing 347259 - fulltext is not json proceeding further to check html
2023-08-23 11:46:51 - ERROR - 'https://linuxsecurity.com/mailo:ciaglia@netwosix.org'
Traceback (most recent call last):
  File "/home/admin123/Projects/linux_security/introtext-fulltext_v2.py", line 476, in process_html_text
    html,updates,for_more_check_urls=check_is_url_valid(html,logger=logger,id=id,field=field,base_url=base_url,updates=updates)
  File "/home/admin123/Projects/linux_security/introtext-fulltext_v2.py", line 466, in check_is_url_valid
    html,updates,for_more_check_urls = asyncio.run(check_http_urls(html=html, urls=http_urls, logger=logger, id=id,field=field,updates=updates,base_url=base_url,for_more_check_urls=for_more_check_urls))
  File "/usr/lib/python3.10/asyncio/runners.py", line 44, in run
    return loop.run_until_complete(main)
  File "/usr/lib/python3.10/asyncio/base_events.py", line 649, in run_until_complete
    return future.result()
  File "/home/admin123/Projects/linux_security/introtext-fulltext_v2.py", line 341, in check_http_urls
    urls = create_relative_urls(urls_obj,base_url)
  File "/home/admin123/Projects/linux_security/introtext-fulltext_v2.py", line 138, in create_relative_urls
    del urls_obj[url]
KeyError: 'https://linuxsecurity.com/mailo:ciaglia@netwosix.org'
2023-08-23 11:46:51 - ERROR - 'https://linuxsecurity.com/mailo:ciaglia@netwosix.org'
2023-08-23 11:53:11 - INFO - ******************** Processing ID: 347259 ******************** (1/1 - 100.0%)
2023-08-23 11:53:11 - INFO - processing  347259 - introtext is not JSON, proceeding further to check HTML
2023-08-23 11:53:44 - INFO - Skipped ID: 347259 #COLUMN: introtext #URL: https://blogs.jpcert.or.jp/en/2023/05/gobrat.html #STATUS_CODE: 200
2023-08-23 11:53:45 - INFO - processing 347259 - fulltext is not json proceeding further to check html
2023-08-23 11:57:34 - WARNING - #ID: 347259 #URL https://linuxsecurity.com/mailo:ciaglia@netwosix.org Error: Message: unknown error: no chrome binary at /home/shubpy/.var/app/com.google.Chrome/cache/google-chrome
Stacktrace:
#0 0x55dde11fa4e3 <unknown>
#1 0x55dde0f29c76 <unknown>
#2 0x55dde0f505e0 <unknown>
#3 0x55dde0f4f029 <unknown>
#4 0x55dde0f8dccc <unknown>
#5 0x55dde0f8d47f <unknown>
#6 0x55dde0f84de3 <unknown>
#7 0x55dde0f5a2dd <unknown>
#8 0x55dde0f5b34e <unknown>
#9 0x55dde11ba3e4 <unknown>
#10 0x55dde11be3d7 <unknown>
#11 0x55dde11c8b20 <unknown>
#12 0x55dde11bf023 <unknown>
#13 0x55dde118d1aa <unknown>
#14 0x55dde11e36b8 <unknown>
#15 0x55dde11e3847 <unknown>
#16 0x55dde11f3243 <unknown>
#17 0x7f7b43694b43 <unknown>

2023-08-23 12:06:32 - INFO - ******************** Processing ID: 347259 ******************** (1/1 - 100.0%)
2023-08-23 12:06:32 - INFO - processing  347259 - introtext is not JSON, proceeding further to check HTML
2023-08-23 12:08:13 - INFO - Skipped ID: 347259 #COLUMN: introtext #URL: https://blogs.jpcert.or.jp/en/2023/05/gobrat.html #STATUS_CODE: 200
2023-08-23 12:08:16 - INFO - processing 347259 - fulltext is not json proceeding further to check html
2023-08-23 12:08:49 - WARNING - #ID: 347259 #URL https://linuxsecurity.com/mailo:ciaglia@netwosix.org Error: WebDriver.__init__() got an unexpected keyword argument 'executable_path'
2023-08-23 12:17:38 - INFO - ******************** Processing ID: 347259 ******************** (1/1 - 100.0%)
2023-08-23 12:17:38 - INFO - processing  347259 - introtext is not JSON, proceeding further to check HTML
2023-08-23 12:18:32 - INFO - ******************** Processing ID: 347259 ******************** (1/1 - 100.0%)
2023-08-23 12:18:32 - INFO - processing  347259 - introtext is not JSON, proceeding further to check HTML
2023-08-23 12:19:25 - INFO - Skipped ID: 347259 #COLUMN: introtext #URL: https://blogs.jpcert.or.jp/en/2023/05/gobrat.html #STATUS_CODE: 200
2023-08-23 12:19:26 - INFO - processing 347259 - fulltext is not json proceeding further to check html
2023-08-23 12:20:45 - INFO - ID: 347259 #COLUMN: fulltext #URL: mailo:ciaglia@netwosix.org #STATUS_CODE: 404 - Replaced with #TEXT: ciaglia@netwosix.org
2023-08-23 12:25:25 - INFO - ******************** Processing ID: 347259 ******************** (1/1 - 100.0%)
2023-08-23 12:25:25 - INFO - processing  347259 - introtext is not JSON, proceeding further to check HTML
2023-08-23 12:25:44 - INFO - Skipped ID: 347259 #COLUMN: introtext #URL: https://blogs.jpcert.or.jp/en/2023/05/gobrat.html #STATUS_CODE: 200
2023-08-23 12:25:46 - INFO - processing 347259 - fulltext is not json proceeding further to check html
2023-08-23 12:26:53 - INFO - ID: 347259 #COLUMN: fulltext #URL: mailo:ciaglia@netwosix.org #STATUS_CODE: 404 - Replaced with #TEXT: ciaglia@netwosix.org
2023-08-23 12:26:56 - ERROR - 'NoneType' object is not callable
Traceback (most recent call last):
  File "/home/admin123/Projects/linux_security/introtext-fulltext_v2.py", line 478, in process_html_text
    html,updates,for_more_check_urls=check_is_url_valid(html,logger=logger,id=id,field=field,base_url=base_url,updates=updates)
  File "/home/admin123/Projects/linux_security/introtext-fulltext_v2.py", line 468, in check_is_url_valid
    html,updates,for_more_check_urls = asyncio.run(check_http_urls(html=html, urls=http_urls, logger=logger, id=id,field=field,updates=updates,base_url=base_url,for_more_check_urls=for_more_check_urls))
  File "/usr/lib/python3.10/asyncio/runners.py", line 44, in run
    return loop.run_until_complete(main)
  File "/usr/lib/python3.10/asyncio/base_events.py", line 649, in run_until_complete
    return future.result()
  File "/home/admin123/Projects/linux_security/introtext-fulltext_v2.py", line 406, in check_http_urls
    str_soup=BeautifulSoup(soup,"html.parser")
  File "/home/admin123/.local/lib/python3.10/site-packages/bs4/__init__.py", line 314, in __init__
    markup = markup.read()
TypeError: 'NoneType' object is not callable
2023-08-23 12:26:56 - ERROR - 'NoneType' object is not callable
2023-08-23 12:26:56 - INFO - ==================== All records have been processed ====================
2023-08-23 12:27:11 - INFO - ******************** Processing ID: 347259 ******************** (1/1 - 100.0%)
2023-08-23 12:27:11 - INFO - processing  347259 - introtext is not JSON, proceeding further to check HTML
2023-08-23 12:27:18 - INFO - Skipped ID: 347259 #COLUMN: introtext #URL: https://blogs.jpcert.or.jp/en/2023/05/gobrat.html #STATUS_CODE: 200
2023-08-23 12:27:20 - INFO - processing 347259 - fulltext is not json proceeding further to check html
2023-08-23 12:27:43 - INFO - ID: 347259 #COLUMN: fulltext #URL: mailo:ciaglia@netwosix.org #STATUS_CODE: 404 - Replaced with #TEXT: ciaglia@netwosix.org
2023-08-23 12:27:58 - ERROR - 'NoneType' object is not callable
Traceback (most recent call last):
  File "/home/admin123/Projects/linux_security/introtext-fulltext_v2.py", line 478, in process_html_text
    html,updates,for_more_check_urls=check_is_url_valid(html,logger=logger,id=id,field=field,base_url=base_url,updates=updates)
  File "/home/admin123/Projects/linux_security/introtext-fulltext_v2.py", line 468, in check_is_url_valid
    html,updates,for_more_check_urls = asyncio.run(check_http_urls(html=html, urls=http_urls, logger=logger, id=id,field=field,updates=updates,base_url=base_url,for_more_check_urls=for_more_check_urls))
  File "/usr/lib/python3.10/asyncio/runners.py", line 44, in run
    return loop.run_until_complete(main)
  File "/usr/lib/python3.10/asyncio/base_events.py", line 649, in run_until_complete
    return future.result()
  File "/home/admin123/Projects/linux_security/introtext-fulltext_v2.py", line 406, in check_http_urls
    str_soup=BeautifulSoup(soup,"html.parser")
  File "/home/admin123/.local/lib/python3.10/site-packages/bs4/__init__.py", line 314, in __init__
    markup = markup.read()
TypeError: 'NoneType' object is not callable
2023-08-23 12:27:58 - ERROR - 'NoneType' object is not callable
2023-08-23 12:27:58 - INFO - ==================== All records have been processed ====================
2023-08-23 12:30:59 - INFO - ******************** Processing ID: 347259 ******************** (1/1 - 100.0%)
2023-08-23 12:30:59 - INFO - processing  347259 - introtext is not JSON, proceeding further to check HTML
2023-08-23 12:31:11 - INFO - Skipped ID: 347259 #COLUMN: introtext #URL: https://blogs.jpcert.or.jp/en/2023/05/gobrat.html #STATUS_CODE: 200
2023-08-23 12:31:12 - INFO - processing 347259 - fulltext is not json proceeding further to check html
2023-08-23 12:31:34 - INFO - ID: 347259 #COLUMN: fulltext #URL: mailo:ciaglia@netwosix.org #STATUS_CODE: 404 - Replaced with #TEXT: ciaglia@netwosix.org
