2023-07-05 20:49:44 - INFO - ******************** Processing ID: 111769 ******************** (1/92392 - 0.0%)
2023-07-05 20:49:59 - INFO - ID: 111769 #COLUMN: fulltext #URL: (null) - Skipping Anchor Tag as no href attribute found
2023-07-05 20:49:59 - INFO - ID: 111769 #COLUMN: fulltext #URL: (null) - Skipping Anchor Tag as no href attribute found
2023-07-05 20:49:59 - INFO - ID: 111769 #COLUMN: fulltext #URL: (null) - Skipping Anchor Tag as no href attribute found
2023-07-05 20:49:59 - INFO - ID: 111769 #COLUMN: fulltext #URL: (null) - Skipping Anchor Tag as no href attribute found
2023-07-05 20:49:59 - INFO - ID: 111769 #COLUMN: fulltext #URL: (null) - Skipping Anchor Tag as no href attribute found
2023-07-05 20:49:59 - INFO - ID: 111769 #COLUMN: fulltext #URL: (null) - Skipping Anchor Tag as no href attribute found
2023-07-05 20:49:59 - INFO - Skipped ID: 111769 #COLUMN: fulltext #URL: http://europe.cnn.com/2002/BUSINESS/04/29/vivendi.hacker/index.html #STATUS_CODE: 301
2023-07-05 20:49:59 - INFO - Skipped ID: 111769 #COLUMN: fulltext #URL: http://www.usenix.org/events/usenix02/ #STATUS_CODE: 301
2023-07-05 20:49:59 - INFO - Skipped ID: 111769 #COLUMN: fulltext #URL: http://www.computerworld.com/securitytopics/security/story/0,10801,70112,00.html #STATUS_CODE: 301
2023-07-05 20:49:59 - INFO - Skipped ID: 111769 #COLUMN: fulltext #URL: http://www.computerworld.com/securitytopics/security/story/0,10801,70048,00.html #STATUS_CODE: 301
2023-07-05 20:49:59 - INFO - Skipped ID: 111769 #COLUMN: fulltext #URL: http://www.cnn.com/2002/TECH/internet/04/24/virus.hype/index.html #STATUS_CODE: 302
2023-07-05 20:49:59 - INFO - Skipped ID: 111769 #COLUMN: fulltext #URL: http://www.economist.com/science/tq/displaystory.cfm?story_id=1020715 #STATUS_CODE: 301
2023-07-05 20:49:59 - INFO - Skipped ID: 111769 #COLUMN: fulltext #URL: http://www.acm.org/ubiquity/views/j_carlisle_1.html #STATUS_CODE: 301
2023-07-05 20:49:59 - INFO - Skipped ID: 111769 #COLUMN: fulltext #URL: http://www.cl.cam.ac.uk/~fapp2/kerckhoffs/la_cryptographie_militaire_i.htm #STATUS_CODE: 302
2023-07-05 20:50:00 - INFO - Skipped ID: 111769 #COLUMN: fulltext #URL: http://news.com.com/2100-1001-887065.html #STATUS_CODE: 200
2023-07-05 20:50:00 - INFO - Skipped ID: 111769 #COLUMN: fulltext #URL: http://news.com.com/2009-1017-891346.html #STATUS_CODE: 200
2023-07-05 20:50:00 - INFO - Skipped ID: 111769 #COLUMN: fulltext #URL: http://www.theregister.co.uk/content/55/25168.html #STATUS_CODE: 301
2023-07-05 20:50:00 - INFO - Skipped ID: 111769 #COLUMN: fulltext #URL: http://www.nocinfragard.org #STATUS_CODE: 301
2023-07-05 20:50:00 - INFO - Skipped ID: 111769 #COLUMN: fulltext #URL: http://www.msnbc.com/news/742677.asp #STATUS_CODE: 301
2023-07-05 20:50:00 - INFO - Skipped ID: 111769 #COLUMN: fulltext #URL: http://slashdot.org/article.pl?sid=02/04/21/0058214&mode=thread #STATUS_CODE: 301
2023-07-05 20:50:04 - INFO - Skipped ID: 111769 #COLUMN: fulltext #URL: http://www.newsfactor.com/perl/story/17273.html #STATUS_CODE: 301
2023-07-05 20:50:09 - ERROR - #ID: 111769 #URL http://www.itas.fzk.de/mahp/weber/diffie.htm Error: HTTPConnectionPool(host='www.itas.fzk.de', port=80): Max retries exceeded with url: /mahp/weber/diffie.htm (Caused by NameResolutionError("<urllib3.connection.HTTPConnection object at 0x7f69b2535750>: Failed to resolve 'www.itas.fzk.de' ([Errno -2] Name or service not known)"))
2023-07-05 20:50:09 - INFO - ID: 111769 #COLUMN: fulltext #URL: http://www.itas.fzk.de/mahp/weber/diffie.htm #STATUS_CODE: 500 #TEXT: http://www.itas.fzk.de/mahp/weber/diffie.htm removed
2023-07-05 20:50:09 - ERROR - #ID: 111769 #URL http://www.itas.fzk.de/mahp/weber/merkle.htm Error: HTTPConnectionPool(host='www.itas.fzk.de', port=80): Max retries exceeded with url: /mahp/weber/merkle.htm (Caused by NameResolutionError("<urllib3.connection.HTTPConnection object at 0x7f69b2535480>: Failed to resolve 'www.itas.fzk.de' ([Errno -2] Name or service not known)"))
2023-07-05 20:50:09 - INFO - ID: 111769 #COLUMN: fulltext #URL: http://www.itas.fzk.de/mahp/weber/merkle.htm #STATUS_CODE: 500 #TEXT: http://www.itas.fzk.de/mahp/weber/merkle.htm removed
2023-07-05 20:50:09 - INFO - Skipped ID: 111769 #COLUMN: fulltext #URL: http://story.news.yahoo.com/news?tmpl=story&u=/ap/20020414/ap_on_hi_te/purloined_voice_mail_3 #STATUS_CODE: 301
2023-07-05 20:50:10 - WARNING - #ID: 111769 #URL http://seattlepi.nwsource.com/local/68217_thumb27.shtml Error: Timeout HTTPConnectionPool(host='seattlepi.nwsource.com', port=80): Read timed out. (read timeout=10)
2023-07-05 20:50:10 - INFO - ID: 111769 #COLUMN: fulltext #URL: http://seattlepi.nwsource.com/local/68217_thumb27.shtml added for more checking
2023-07-05 20:50:14 - ERROR - #ID: 111769 #URL http://online.securityfocus.com/columnists/80 Error: HTTPConnectionPool(host='online.securityfocus.com', port=80): Max retries exceeded with url: /columnists/80 (Caused by NameResolutionError("<urllib3.connection.HTTPConnection object at 0x7f69b25d2290>: Failed to resolve 'online.securityfocus.com' ([Errno -2] Name or service not known)"))
2023-07-05 20:50:14 - INFO - ID: 111769 #COLUMN: fulltext #URL: http://online.securityfocus.com/columnists/80 #STATUS_CODE: 500 - Replaced with #TEXT: (null)
2023-07-05 20:50:15 - ERROR - #ID: 111769 #URL http://www.computing.vnunet.com/News/1130941 Error: HTTPConnectionPool(host='www.computing.vnunet.com', port=80): Max retries exceeded with url: /News/1130941 (Caused by NameResolutionError("<urllib3.connection.HTTPConnection object at 0x7f69b2536a40>: Failed to resolve 'www.computing.vnunet.com' ([Errno -2] Name or service not known)"))
2023-07-05 20:50:15 - INFO - ID: 111769 #COLUMN: fulltext #URL: http://www.computing.vnunet.com/News/1130941 #STATUS_CODE: 500 - Replaced with #TEXT: (null)
2023-07-05 20:50:15 - INFO - Skipped ID: 111769 #COLUMN: fulltext #URL: http://www.nwfusion.com/news/2002/0415idsevad.html #STATUS_CODE: 301
2023-07-05 20:50:15 - ERROR - #ID: 111769 #URL http://images.ucomics.com/comics/bz/2002/bz020417.gif Error: HTTPConnectionPool(host='images.ucomics.com', port=80): Max retries exceeded with url: /comics/bz/2002/bz020417.gif (Caused by NameResolutionError("<urllib3.connection.HTTPConnection object at 0x7f69b25375b0>: Failed to resolve 'images.ucomics.com' ([Errno -2] Name or service not known)"))
2023-07-05 20:50:15 - INFO - ID: 111769 #COLUMN: fulltext #URL: http://images.ucomics.com/comics/bz/2002/bz020417.gif #STATUS_CODE: 500 - Replaced with #TEXT: (null)
2023-07-05 20:50:15 - INFO - Skipped ID: 111769 #COLUMN: fulltext #URL: http://www.theregus.com/content/4/24624.html #STATUS_CODE: 301
2023-07-05 20:50:15 - INFO - Skipped ID: 111769 #COLUMN: fulltext #URL: http://www.counterpane.com/crypto-gram.html #STATUS_CODE: 301
2023-07-05 20:50:15 - INFO - Skipped ID: 111769 #COLUMN: fulltext #URL: http://www.counterpane.com/crypto-gram-0005.html#TrustedClientSoftware #STATUS_CODE: 301
2023-07-05 20:50:15 - INFO - Skipped ID: 111769 #COLUMN: fulltext #URL: http://www.counterpane.com/ #STATUS_CODE: 301
2023-07-05 20:50:15 - INFO - Skipped ID: 111769 #COLUMN: fulltext #URL: http://www.counterpane.com/crypto-gram-0105.html#3 #STATUS_CODE: 301
2023-07-05 20:50:15 - INFO - Skipped ID: 111769 #COLUMN: fulltext #URL: http://www.counterpane.com/crypto-gram.html #STATUS_CODE: 301
2023-07-05 20:50:15 - ERROR - #ID: 111769 #URL http://www.vnunet.com/News/1131506 Error: HTTPConnectionPool(host='www.vnunet.com', port=80): Max retries exceeded with url: /News/1131506 (Caused by NameResolutionError("<urllib3.connection.HTTPConnection object at 0x7f69b193cbe0>: Failed to resolve 'www.vnunet.com' ([Errno -2] Name or service not known)"))
2023-07-05 20:50:15 - INFO - ID: 111769 #COLUMN: fulltext #URL: http://www.vnunet.com/News/1131506 #STATUS_CODE: 500 - Replaced with #TEXT: (null)
2023-07-05 20:50:15 - INFO - Skipped ID: 111769 #COLUMN: fulltext #URL: http://www.counterpane.com/crypto-gram-9905.html#international #STATUS_CODE: 301
2023-07-05 20:50:15 - INFO - Skipped ID: 111769 #COLUMN: fulltext #URL: http://www.counterpane.com/crypto-gram-0005.html#ilyvirus #STATUS_CODE: 301
2023-07-05 20:50:15 - INFO - Skipped ID: 111769 #COLUMN: fulltext #URL: http://www.counterpane.com #STATUS_CODE: 301
2023-07-05 20:50:15 - INFO - Skipped ID: 111769 #COLUMN: fulltext #URL: http://www.counterpane.com/crypto-gram-0105.html#8 #STATUS_CODE: 301
2023-07-05 20:50:15 - INFO - Skipped ID: 111769 #COLUMN: fulltext #URL: http://www.counterpane.com/crypto-gram-0105.html#1 #STATUS_CODE: 301
2023-07-05 20:50:15 - INFO - Skipped ID: 111769 #COLUMN: fulltext #URL: http://www.counterpane.com/crypto-gram-9805.html#nonsecre #STATUS_CODE: 301
2023-07-05 20:50:15 - INFO - Skipped ID: 111769 #COLUMN: fulltext #URL: http://www.wired.com/news/business/0,1367,52162,00.html #STATUS_CODE: 301
2023-07-05 20:50:15 - INFO - Skipped ID: 111769 #COLUMN: fulltext #URL: http://www.counterpane.com/crypto-gram.html #STATUS_CODE: 301
2023-07-05 20:50:15 - INFO - Skipped ID: 111769 #COLUMN: fulltext #URL: http://www.counterpane.com/crypto-gram-0105.html#7 #STATUS_CODE: 301
2023-07-05 20:50:15 - INFO - Skipped ID: 111769 #COLUMN: fulltext #URL: http://msdn.microsoft.com/library/default.asp? #STATUS_CODE: 307
2023-07-05 20:50:15 - INFO - ID: 111769 #COLUMN: fulltext #URL: http://www.osopinion.com/perl/story/17344.html #STATUS_CODE: 404 - Replaced with #TEXT: (null)
2023-07-05 20:50:15 - INFO - Skipped ID: 111769 #COLUMN: fulltext #URL: http://www.silicon.com/a52986 #STATUS_CODE: 301
2023-07-05 20:50:15 - INFO - Skipped ID: 111769 #COLUMN: fulltext #URL: http://www.silicon.com/a53068 #STATUS_CODE: 301
2023-07-05 20:50:16 - INFO - Skipped ID: 111769 #COLUMN: fulltext #URL: http://www.counterpane.com/pr-red100.html #STATUS_CODE: 301
2023-07-05 20:50:16 - INFO - Skipped ID: 111769 #COLUMN: fulltext #URL: http://www.redherring.com/insider/2002/0513/tech-rh100.html #STATUS_CODE: 301
2023-07-05 20:50:16 - INFO - Skipped ID: 111769 #COLUMN: fulltext #URL: http://www.reason.com/0205/fe.mg.hollywood.shtml #STATUS_CODE: 301
2023-07-05 20:50:16 - INFO - Skipped ID: 111769 #COLUMN: fulltext #URL: http://www.counterpane.com/ #STATUS_CODE: 301
2023-07-05 20:50:16 - ERROR - #ID: 111769 #URL http://www.key3media.co.jp/rsa2002/eng/index.html Error: HTTPConnectionPool(host='www.key3media.co.jp', port=80): Max retries exceeded with url: /rsa2002/eng/index.html (Caused by NameResolutionError("<urllib3.connection.HTTPConnection object at 0x7f69b193fd30>: Failed to resolve 'www.key3media.co.jp' ([Errno -2] Name or service not known)"))
2023-07-05 20:50:16 - INFO - ID: 111769 #COLUMN: fulltext #URL: http://www.key3media.co.jp/rsa2002/eng/index.html #STATUS_CODE: 500 - Replaced with #TEXT: (null)
2023-07-05 20:50:16 - INFO - Skipped ID: 111769 #COLUMN: fulltext #URL: http://www.counterpane.com/unsubform.html #STATUS_CODE: 301
2023-07-05 20:50:16 - INFO - Skipped ID: 111769 #COLUMN: fulltext #URL: http://www.counterpane.com/crypto-gram-9808.html#biometrics #STATUS_CODE: 301
2023-07-05 20:50:16 - INFO - Skipped ID: 111769 #COLUMN: fulltext #URL: http://www.counterpane.com/crypto-gram.html #STATUS_CODE: 301
2023-07-05 20:50:16 - INFO - Skipped ID: 111769 #COLUMN: fulltext #URL: http://www.counterpane.com/crypto-gram.html #STATUS_CODE: 301
2023-07-05 20:50:16 - INFO - ID: 111769 #COLUMN: fulltext #URL: http://www.osopinion.com/perl/story/17692.html #STATUS_CODE: 404 - Replaced with #TEXT: (null)
2023-07-05 20:50:17 - INFO - Skipped ID: 111769 #COLUMN: fulltext #URL: http://www.gao.gov/new.items/d02687t.pdf #STATUS_CODE: 301
2023-07-05 20:50:20 - ERROR - #ID: 111769 #URL http://news.zdnet.co.uk/story/0,,t269-s2108940,00.html Error: HTTPConnectionPool(host='news.zdnet.co.uk', port=80): Max retries exceeded with url: /story/0,,t269-s2108940,00.html (Caused by NameResolutionError("<urllib3.connection.HTTPConnection object at 0x7f69b1913220>: Failed to resolve 'news.zdnet.co.uk' ([Errno -2] Name or service not known)"))
2023-07-05 20:50:20 - INFO - ID: 111769 #COLUMN: fulltext #URL: http://news.zdnet.co.uk/story/0,,t269-s2108940,00.html #STATUS_CODE: 500 - Replaced with #TEXT: (null)
2023-07-05 20:50:25 - WARNING - #ID: 111769 #URL http://www.iss.net/campaigns/index.php Error: Timeout HTTPConnectionPool(host='www.iss.net', port=80): Max retries exceeded with url: /campaigns/index.php (Caused by ConnectTimeoutError(<urllib3.connection.HTTPConnection object at 0x7f69b1911ea0>, 'Connection to www.iss.net timed out. (connect timeout=10)'))
2023-07-05 20:50:25 - INFO - ID: 111769 #COLUMN: fulltext #URL: http://www.iss.net/campaigns/index.php added for more checking
2023-07-05 20:50:25 - WARNING - #ID: 111769 #URL http://corporate.verisign.com/news/2002/pr_20020507.html Error: Timeout HTTPConnectionPool(host='corporate.verisign.com', port=80): Max retries exceeded with url: /news/2002/pr_20020507.html (Caused by ConnectTimeoutError(<urllib3.connection.HTTPConnection object at 0x7f69b195cd00>, 'Connection to corporate.verisign.com timed out. (connect timeout=10)'))
2023-07-05 20:50:25 - INFO - ID: 111769 #COLUMN: fulltext #URL: http://corporate.verisign.com/news/2002/pr_20020507.html added for more checking
2023-07-05 20:50:26 - WARNING - #ID: 111769 #URL http://books.nap.edu/html/id_questions Error: Timeout HTTPConnectionPool(host='books.nap.edu', port=80): Max retries exceeded with url: /html/id_questions (Caused by ConnectTimeoutError(<urllib3.connection.HTTPConnection object at 0x7f69b1910220>, 'Connection to books.nap.edu timed out. (connect timeout=10)'))
2023-07-05 20:50:26 - INFO - ID: 111769 #COLUMN: fulltext #URL: http://books.nap.edu/html/id_questions added for more checking
2023-07-05 20:50:31 - INFO - Skipped ID: 111769 #COLUMN: fulltext #URL: http://www.itu.int/itudoc/itu-t/workshop/security/present/s5p4.pdf #STATUS_CODE: 302
2023-07-05 20:51:08 - INFO - Processing ID: 111769 completed
2023-07-05 20:51:08 - INFO - ******************** Processing ID: 111768 ******************** (2/92392 - 0.0%)
2023-07-05 20:51:08 - INFO - Skipped ID: 111768 - Not found any URLs in both introtext, fulltext fields
2023-07-05 20:51:08 - INFO - ******************** Processing ID: 111767 ******************** (3/92392 - 0.0%)
2023-07-05 20:51:08 - INFO - Skipped ID: 111767 - Not found any URLs in both introtext, fulltext fields
2023-07-05 20:51:08 - INFO - ******************** Processing ID: 111766 ******************** (4/92392 - 0.0%)
2023-07-05 20:51:08 - INFO - Skipped ID: 111766 - Not found any URLs in both introtext, fulltext fields
2023-07-05 20:51:08 - INFO - ******************** Processing ID: 111765 ******************** (5/92392 - 0.0%)
2023-07-05 20:51:08 - INFO - Skipped ID: 111765 - Not found any URLs in both introtext, fulltext fields
2023-07-05 20:51:08 - INFO - ******************** Processing ID: 111764 ******************** (6/92392 - 0.0%)
2023-07-05 20:51:08 - INFO - Skipped ID: 111764 - Not found any URLs in both introtext, fulltext fields
2023-07-05 20:51:08 - INFO - ******************** Processing ID: 111763 ******************** (7/92392 - 0.0%)
2023-07-05 20:51:08 - INFO - Skipped ID: 111763 - Not found any URLs in both introtext, fulltext fields
2023-07-05 20:51:08 - INFO - ******************** Processing ID: 111762 ******************** (8/92392 - 0.0%)
2023-07-05 20:51:08 - INFO - Skipped ID: 111762 - Not found any URLs in both introtext, fulltext fields
2023-07-05 20:51:08 - INFO - ******************** Processing ID: 111761 ******************** (9/92392 - 0.0%)
2023-07-05 20:51:08 - INFO - Skipped ID: 111761 - Not found any URLs in both introtext, fulltext fields
2023-07-05 20:51:08 - INFO - ******************** Processing ID: 111760 ******************** (10/92392 - 0.0%)
2023-07-05 20:51:08 - INFO - Skipped ID: 111760 - Not found any URLs in both introtext, fulltext fields
2023-07-05 20:51:08 - INFO - ******************** Processing ID: 111759 ******************** (11/92392 - 0.0%)
2023-07-05 20:51:08 - INFO - Skipped ID: 111759 - Not found any URLs in both introtext, fulltext fields
2023-07-05 20:51:08 - INFO - ******************** Processing ID: 111758 ******************** (12/92392 - 0.0%)
2023-07-05 20:51:08 - INFO - Skipped ID: 111758 - Not found any URLs in both introtext, fulltext fields
2023-07-05 20:51:08 - INFO - ******************** Processing ID: 111757 ******************** (13/92392 - 0.0%)
2023-07-05 20:51:08 - INFO - Skipped ID: 111757 - Not found any URLs in both introtext, fulltext fields
2023-07-05 20:51:08 - INFO - ******************** Processing ID: 111756 ******************** (14/92392 - 0.0%)
2023-07-05 20:51:08 - INFO - Skipped ID: 111756 - Not found any URLs in both introtext, fulltext fields
2023-07-05 20:51:08 - INFO - ******************** Processing ID: 111754 ******************** (15/92392 - 0.0%)
2023-07-05 20:51:08 - INFO - Skipped ID: 111754 - Not found any URLs in both introtext, fulltext fields
2023-07-05 20:51:08 - INFO - ******************** Processing ID: 111753 ******************** (16/92392 - 0.0%)
2023-07-05 20:51:08 - INFO - Skipped ID: 111753 - Not found any URLs in both introtext, fulltext fields
2023-07-05 20:51:08 - INFO - ******************** Processing ID: 111752 ******************** (17/92392 - 0.0%)
2023-07-05 20:51:08 - INFO - Skipped ID: 111752 - Not found any URLs in both introtext, fulltext fields
2023-07-05 20:51:08 - INFO - ******************** Processing ID: 111751 ******************** (18/92392 - 0.0%)
2023-07-05 20:51:08 - INFO - Skipped ID: 111751 - Not found any URLs in both introtext, fulltext fields
2023-07-05 20:51:08 - INFO - ******************** Processing ID: 111750 ******************** (19/92392 - 0.0%)
2023-07-05 20:51:08 - INFO - Skipped ID: 111750 - Not found any URLs in both introtext, fulltext fields
2023-07-05 20:51:08 - INFO - ******************** Processing ID: 111749 ******************** (20/92392 - 0.0%)
2023-07-05 20:51:08 - INFO - Skipped ID: 111749 - Not found any URLs in both introtext, fulltext fields
2023-07-05 20:51:08 - INFO - ******************** Processing ID: 111747 ******************** (21/92392 - 0.0%)
2023-07-05 20:51:08 - INFO - Skipped ID: 111747 - Not found any URLs in both introtext, fulltext fields
2023-07-05 20:51:08 - INFO - ******************** Processing ID: 111745 ******************** (22/92392 - 0.0%)
2023-07-05 20:51:08 - INFO - Skipped ID: 111745 - Not found any URLs in both introtext, fulltext fields
2023-07-05 20:51:08 - INFO - ******************** Processing ID: 111744 ******************** (23/92392 - 0.0%)
2023-07-05 20:51:08 - INFO - Skipped ID: 111744 - Not found any URLs in both introtext, fulltext fields
2023-07-05 20:51:08 - INFO - ******************** Processing ID: 111743 ******************** (24/92392 - 0.0%)
2023-07-05 20:51:08 - INFO - Skipped ID: 111743 - Not found any URLs in both introtext, fulltext fields
2023-07-05 20:51:08 - INFO - ******************** Processing ID: 111742 ******************** (25/92392 - 0.0%)
2023-07-05 20:51:08 - INFO - Skipped ID: 111742 - Not found any URLs in both introtext, fulltext fields
2023-07-05 20:51:08 - INFO - ******************** Processing ID: 111741 ******************** (26/92392 - 0.0%)
2023-07-05 20:51:08 - INFO - Skipped ID: 111741 - Not found any URLs in both introtext, fulltext fields
2023-07-05 20:51:08 - INFO - ******************** Processing ID: 111740 ******************** (27/92392 - 0.0%)
2023-07-05 20:51:08 - INFO - Skipped ID: 111740 - Not found any URLs in both introtext, fulltext fields
2023-07-05 20:51:08 - INFO - ******************** Processing ID: 111739 ******************** (28/92392 - 0.0%)
2023-07-05 20:51:08 - INFO - Skipped ID: 111739 - Not found any URLs in both introtext, fulltext fields
2023-07-05 20:51:08 - INFO - ******************** Processing ID: 111737 ******************** (29/92392 - 0.0%)
2023-07-05 20:51:08 - INFO - Skipped ID: 111737 - Not found any URLs in both introtext, fulltext fields
2023-07-05 20:51:08 - INFO - ******************** Processing ID: 111736 ******************** (30/92392 - 0.0%)
2023-07-05 20:51:08 - INFO - Skipped ID: 111736 - Not found any URLs in both introtext, fulltext fields
2023-07-05 20:51:08 - INFO - ******************** Processing ID: 111735 ******************** (31/92392 - 0.0%)
2023-07-05 20:51:08 - INFO - Skipped ID: 111735 - Not found any URLs in both introtext, fulltext fields
2023-07-05 20:51:08 - INFO - ******************** Processing ID: 111733 ******************** (32/92392 - 0.0%)
2023-07-05 20:51:08 - INFO - Skipped ID: 111733 - Not found any URLs in both introtext, fulltext fields
2023-07-05 20:51:08 - INFO - ******************** Processing ID: 111732 ******************** (33/92392 - 0.0%)
2023-07-05 20:51:08 - INFO - Skipped ID: 111732 - Not found any URLs in both introtext, fulltext fields
2023-07-05 20:51:08 - INFO - ******************** Processing ID: 111731 ******************** (34/92392 - 0.0%)
2023-07-05 20:51:08 - INFO - Skipped ID: 111731 - Not found any URLs in both introtext, fulltext fields
2023-07-05 20:51:08 - INFO - ******************** Processing ID: 111729 ******************** (35/92392 - 0.0%)
2023-07-05 20:51:08 - INFO - Skipped ID: 111729 - Not found any URLs in both introtext, fulltext fields
2023-07-05 20:51:08 - INFO - ******************** Processing ID: 111728 ******************** (36/92392 - 0.0%)
2023-07-05 20:51:08 - INFO - Skipped ID: 111728 - Not found any URLs in both introtext, fulltext fields
2023-07-05 20:51:08 - INFO - ******************** Processing ID: 111726 ******************** (37/92392 - 0.0%)
2023-07-05 20:51:08 - INFO - Skipped ID: 111726 - Not found any URLs in both introtext, fulltext fields
2023-07-05 20:51:08 - INFO - ******************** Processing ID: 111725 ******************** (38/92392 - 0.0%)
2023-07-05 20:51:08 - INFO - Skipped ID: 111725 - Not found any URLs in both introtext, fulltext fields
2023-07-05 20:51:08 - INFO - ******************** Processing ID: 111723 ******************** (39/92392 - 0.0%)
2023-07-05 20:51:08 - INFO - Skipped ID: 111723 - Not found any URLs in both introtext, fulltext fields
2023-07-05 20:51:08 - INFO - ******************** Processing ID: 111722 ******************** (40/92392 - 0.0%)
2023-07-05 20:51:08 - INFO - Skipped ID: 111722 - Not found any URLs in both introtext, fulltext fields
2023-07-05 20:51:08 - INFO - ******************** Processing ID: 111720 ******************** (41/92392 - 0.0%)
2023-07-05 20:51:08 - INFO - Skipped ID: 111720 - Not found any URLs in both introtext, fulltext fields
2023-07-05 20:51:08 - INFO - ******************** Processing ID: 111719 ******************** (42/92392 - 0.0%)
2023-07-05 20:51:08 - INFO - Skipped ID: 111719 - Not found any URLs in both introtext, fulltext fields
2023-07-05 20:51:08 - INFO - ******************** Processing ID: 111718 ******************** (43/92392 - 0.0%)
2023-07-05 20:51:08 - INFO - Skipped ID: 111718 - Not found any URLs in both introtext, fulltext fields
2023-07-05 20:51:08 - INFO - ******************** Processing ID: 111717 ******************** (44/92392 - 0.0%)
2023-07-05 20:51:08 - INFO - Skipped ID: 111717 - Not found any URLs in both introtext, fulltext fields
2023-07-05 20:51:08 - INFO - ******************** Processing ID: 111715 ******************** (45/92392 - 0.0%)
2023-07-05 20:51:08 - INFO - Skipped ID: 111715 - Not found any URLs in both introtext, fulltext fields
2023-07-05 20:51:08 - INFO - ******************** Processing ID: 111714 ******************** (46/92392 - 0.0%)
2023-07-05 20:51:08 - INFO - Skipped ID: 111714 - Not found any URLs in both introtext, fulltext fields
2023-07-05 20:51:08 - INFO - ******************** Processing ID: 111710 ******************** (47/92392 - 0.1%)
2023-07-05 20:51:08 - INFO - Skipped ID: 111710 - Not found any URLs in both introtext, fulltext fields
2023-07-05 20:51:08 - INFO - ******************** Processing ID: 111709 ******************** (48/92392 - 0.1%)
2023-07-05 20:51:08 - INFO - Skipped ID: 111709 - Not found any URLs in both introtext, fulltext fields
2023-07-05 20:51:08 - INFO - ******************** Processing ID: 111707 ******************** (49/92392 - 0.1%)
2023-07-05 20:51:08 - INFO - Skipped ID: 111707 - Not found any URLs in both introtext, fulltext fields
2023-07-05 20:51:08 - INFO - ******************** Processing ID: 111706 ******************** (50/92392 - 0.1%)
2023-07-05 20:51:08 - INFO - Skipped ID: 111706 - Not found any URLs in both introtext, fulltext fields
2023-07-05 20:51:08 - INFO - ******************** Processing ID: 111705 ******************** (51/92392 - 0.1%)
2023-07-05 20:51:08 - INFO - Skipped ID: 111705 - Not found any URLs in both introtext, fulltext fields
2023-07-05 20:51:08 - INFO - ******************** Processing ID: 111704 ******************** (52/92392 - 0.1%)
2023-07-05 20:51:08 - INFO - Skipped ID: 111704 - Not found any URLs in both introtext, fulltext fields
2023-07-05 20:51:08 - INFO - ******************** Processing ID: 111703 ******************** (53/92392 - 0.1%)
2023-07-05 20:51:08 - INFO - Skipped ID: 111703 - Not found any URLs in both introtext, fulltext fields
2023-07-05 20:51:08 - INFO - ******************** Processing ID: 111702 ******************** (54/92392 - 0.1%)
2023-07-05 20:51:08 - INFO - Skipped ID: 111702 - Not found any URLs in both introtext, fulltext fields
2023-07-05 20:51:08 - INFO - ******************** Processing ID: 111699 ******************** (55/92392 - 0.1%)
2023-07-05 20:51:08 - INFO - Skipped ID: 111699 - Not found any URLs in both introtext, fulltext fields
2023-07-05 20:51:08 - INFO - ******************** Processing ID: 111698 ******************** (56/92392 - 0.1%)
2023-07-05 20:51:20 - WARNING - #ID: 111698 #URL http://www.zone-h.org/defaced/2002/05/02/asiapac.gartner.com/press/ Error: Timeout HTTPConnectionPool(host='www.zone-h.org', port=80): Read timed out. (read timeout=10)
2023-07-05 20:51:20 - INFO - ID: 111698 #COLUMN: fulltext #URL: http://https://www.zone-h.org/defaced/2002/05/02/asiapac.gartner.com/press/ replaced with http://www.zone-h.org/defaced/2002/05/02/asiapac.gartner.com/press/
2023-07-05 20:51:20 - INFO - Processing ID: 111698 completed
2023-07-05 20:51:20 - INFO - ******************** Processing ID: 111696 ******************** (57/92392 - 0.1%)
2023-07-05 20:51:20 - INFO - Skipped ID: 111696 - Not found any URLs in both introtext, fulltext fields
2023-07-05 20:51:20 - INFO - ******************** Processing ID: 111695 ******************** (58/92392 - 0.1%)
2023-07-05 20:51:20 - INFO - Skipped ID: 111695 - Not found any URLs in both introtext, fulltext fields
2023-07-05 20:51:20 - INFO - ******************** Processing ID: 111694 ******************** (59/92392 - 0.1%)
2023-07-05 20:51:20 - INFO - Skipped ID: 111694 - Not found any URLs in both introtext, fulltext fields
2023-07-05 20:51:20 - INFO - ******************** Processing ID: 111693 ******************** (60/92392 - 0.1%)
2023-07-05 20:51:20 - INFO - Skipped ID: 111693 - Not found any URLs in both introtext, fulltext fields
2023-07-05 20:51:20 - INFO - ******************** Processing ID: 111692 ******************** (61/92392 - 0.1%)
2023-07-05 20:51:20 - INFO - Skipped ID: 111692 - Not found any URLs in both introtext, fulltext fields
2023-07-05 20:51:20 - INFO - ******************** Processing ID: 111691 ******************** (62/92392 - 0.1%)
2023-07-05 20:51:20 - INFO - Skipped ID: 111691 - Not found any URLs in both introtext, fulltext fields
2023-07-05 20:51:20 - INFO - ******************** Processing ID: 111690 ******************** (63/92392 - 0.1%)
2023-07-05 20:51:20 - INFO - Skipped ID: 111690 - Not found any URLs in both introtext, fulltext fields
2023-07-05 20:51:20 - INFO - ******************** Processing ID: 111687 ******************** (64/92392 - 0.1%)
2023-07-05 20:51:20 - INFO - Skipped ID: 111687 - Not found any URLs in both introtext, fulltext fields
2023-07-05 20:51:20 - INFO - ******************** Processing ID: 111686 ******************** (65/92392 - 0.1%)
2023-07-05 20:51:20 - INFO - Skipped ID: 111686 - Not found any URLs in both introtext, fulltext fields
2023-07-05 20:51:20 - INFO - ******************** Processing ID: 111684 ******************** (66/92392 - 0.1%)
2023-07-05 20:51:20 - INFO - Skipped ID: 111684 - Not found any URLs in both introtext, fulltext fields
2023-07-05 20:51:20 - INFO - ******************** Processing ID: 111682 ******************** (67/92392 - 0.1%)
2023-07-05 20:51:20 - INFO - Skipped ID: 111682 - Not found any URLs in both introtext, fulltext fields
2023-07-05 20:51:20 - INFO - ******************** Processing ID: 111681 ******************** (68/92392 - 0.1%)
2023-07-05 20:51:20 - INFO - ID: 111681 #COLUMN: fulltext #URL: http://https://www.zone-h.org/defaced/2002/04/30/www.mfbanknet.com/ replaced with http://www.zone-h.org/defaced/2002/04/30/www.mfbanknet.com/
2023-07-05 20:51:20 - INFO - ID: 111681 #COLUMN: fulltext #URL: http://https://www.zone-h.org/defaced/2002/04/30/www.acbonline.org/ replaced with http://www.zone-h.org/defaced/2002/04/30/www.acbonline.org/
2023-07-05 20:51:20 - INFO - ID: 111681 #COLUMN: fulltext #URL: http://https://www.zone-h.org/defaced/2002/04/30/www.peoplesstate.com/ replaced with http://www.zone-h.org/defaced/2002/04/30/www.peoplesstate.com/
2023-07-05 20:51:20 - INFO - ID: 111681 #COLUMN: fulltext #URL: http://https://www.zone-h.org/defaced/2002/04/30/www.iibonline.org/ replaced with http://www.zone-h.org/defaced/2002/04/30/www.iibonline.org/
2023-07-05 20:51:20 - INFO - ID: 111681 #COLUMN: fulltext #URL: http://https://www.zone-h.org/defaced/2002/04/30/www.hazlehurst.net/ replaced with http://www.zone-h.org/defaced/2002/04/30/www.hazlehurst.net/
2023-07-05 20:51:20 - INFO - ID: 111681 #COLUMN: fulltext #URL: http://https://www.zone-h.org/defaced/2002/04/30/www.cbak.com/ replaced with http://www.zone-h.org/defaced/2002/04/30/www.cbak.com/
2023-07-05 20:51:20 - INFO - ID: 111681 #COLUMN: fulltext #URL: http://https://www.zone-h.org/defaced/2002/04/30/www.copiahbank.com/ replaced with http://www.zone-h.org/defaced/2002/04/30/www.copiahbank.com/
2023-07-05 20:51:20 - INFO - ID: 111681 #COLUMN: fulltext #URL: http://https://www.zone-h.org/defaced/2002/04/30/www.bankwbr.com/ replaced with http://www.zone-h.org/defaced/2002/04/30/www.bankwbr.com/
2023-07-05 20:51:20 - INFO - ID: 111681 #COLUMN: fulltext #URL: http://https://www.zone-h.org/defaced/2002/04/30/www.ibanks.org/ replaced with http://www.zone-h.org/defaced/2002/04/30/www.ibanks.org/
2023-07-05 20:51:20 - INFO - ID: 111681 #COLUMN: fulltext #URL: http://https://www.zone-h.org/defaced/2002/04/30/www.mandpbank.com/ replaced with http://www.zone-h.org/defaced/2002/04/30/www.mandpbank.com/
2023-07-05 20:51:20 - INFO - ID: 111681 #COLUMN: fulltext #URL: http://https://www.zone-h.org/defaced/2002/04/30/www.madisonbt.com/ replaced with http://www.zone-h.org/defaced/2002/04/30/www.madisonbt.com/
2023-07-05 20:51:20 - INFO - ID: 111681 #COLUMN: fulltext #URL: http://https://www.zone-h.org/defaced/2002/04/30/www.gflsb.com/ replaced with http://www.zone-h.org/defaced/2002/04/30/www.gflsb.com/
2023-07-05 20:51:20 - INFO - ID: 111681 #COLUMN: fulltext #URL: http://https://www.zone-h.org/defaced/2002/04/30/epg.er.usgs.gov/ replaced with http://www.zone-h.org/defaced/2002/04/30/epg.er.usgs.gov/
2023-07-05 20:51:20 - INFO - ID: 111681 #COLUMN: fulltext #URL: http://https://www.zone-h.org/defaced/2002/04/30/www.therealbank.com/ replaced with http://www.zone-h.org/defaced/2002/04/30/www.therealbank.com/
