2023-07-10 11:31:32 - INFO - ******************** Processing ID: 262409 ******************** (1/1 - 100.0%)
2023-07-10 11:31:39 - INFO - Skipped ID: 262409 #COLUMN: fulltext #URL: http://www.linuxsecurity.com/content/view/213964 #STATUS_CODE: 200
2023-07-10 11:31:39 - INFO - Skipped ID: 262409 #COLUMN: fulltext #URL: http://www.linuxsecurity.com/content/view/214065 #STATUS_CODE: 200
2023-07-10 11:31:39 - INFO - Skipped ID: 262409 #COLUMN: fulltext #URL: http://www.linuxsecurity.com/content/view/214066 #STATUS_CODE: 200
2023-07-10 11:31:39 - INFO - Skipped ID: 262409 #COLUMN: fulltext #URL: http://www.linuxsecurity.com/content/view/214100 #STATUS_CODE: 200
2023-07-10 11:31:39 - INFO - Skipped ID: 262409 #COLUMN: fulltext #URL: http://www.linuxsecurity.com/content/view/214172 #STATUS_CODE: 200
2023-07-10 11:31:39 - INFO - Skipped ID: 262409 #COLUMN: fulltext #URL: http://www.linuxsecurity.com/content/view/214099 #STATUS_CODE: 200
2023-07-10 11:31:39 - INFO - Skipped ID: 262409 #COLUMN: fulltext #URL: http://www.linuxsecurity.com/content/view/214097 #STATUS_CODE: 200
2023-07-10 11:31:39 - INFO - Skipped ID: 262409 #COLUMN: fulltext #URL: http://www.linuxsecurity.com/content/view/214121 #STATUS_CODE: 200
2023-07-10 11:31:40 - INFO - Skipped ID: 262409 #COLUMN: fulltext #URL: http://www.linuxsecurity.com/content/view/214146 #STATUS_CODE: 200
2023-07-10 11:31:40 - INFO - Skipped ID: 262409 #COLUMN: fulltext #URL: http://www.linuxsecurity.com/content/view/214148 #STATUS_CODE: 200
2023-07-10 11:31:40 - INFO - Skipped ID: 262409 #COLUMN: fulltext #URL: http://www.linuxsecurity.com/content/view/214120 #STATUS_CODE: 200
2023-07-10 11:31:40 - INFO - Skipped ID: 262409 #COLUMN: fulltext #URL: http://www.linuxsecurity.com/content/view/214173 #STATUS_CODE: 200
2023-07-10 11:31:40 - INFO - Skipped ID: 262409 #COLUMN: fulltext #URL: http://www.linuxsecurity.com/content/view/213803 #STATUS_CODE: 200
2023-07-10 11:31:40 - INFO - Skipped ID: 262409 #COLUMN: fulltext #URL: http://www.linuxsecurity.com/content/view/214077 #STATUS_CODE: 200
2023-07-10 11:31:40 - INFO - ==================== All records have been processed ====================
2023-07-10 11:33:14 - INFO - ******************** Processing ID: 291310 ******************** (1/1 - 100.0%)
2023-07-10 11:33:19 - INFO - Skipped ID: 291310 #COLUMN: introtext #URL: https://linuxsecurity.com/features/features/linux-malware-the-truth-about-this-growing-threat-updated?start=3 #STATUS_CODE: 200
2023-07-10 11:33:20 - INFO - Skipped ID: 291310 #COLUMN: fulltext #URL: https://linuxhint.com/how-do-i-set-selinux-to-permissive-mode/ #STATUS_CODE: 200
2023-07-10 11:33:20 - INFO - Skipped ID: 291310 #COLUMN: fulltext #URL: https://sysprog21.github.io/lkmpg/#what-is-a-kernel-module #STATUS_CODE: 200
2023-07-10 11:33:20 - INFO - Skipped ID: 291310 #COLUMN: fulltext #URL: https://documentation.suse.com/sles/12-SP4/html/SLES-kgraft/index.html #STATUS_CODE: 200
2023-07-10 11:33:20 - INFO - Skipped ID: 291310 #COLUMN: fulltext #URL: https://github.com/dynup/kpatch #STATUS_CODE: 200
2023-07-10 11:33:20 - INFO - Skipped ID: 291310 #COLUMN: fulltext #URL: https://linux-audit.com/livepatch-linux-kernel-updates-without-rebooting/ #STATUS_CODE: 200
2023-07-10 11:33:20 - INFO - Skipped ID: 291310 #COLUMN: fulltext #URL: https://www.techrepublic.com/article/how-to-monitor-events-on-your-linux-data-center-servers-with-auditd/ #STATUS_CODE: 200
2023-07-10 11:33:20 - INFO - Skipped ID: 291310 #COLUMN: fulltext #URL: https://linuxsecurity.com/newsletters #STATUS_CODE: 200
2023-07-10 11:33:21 - INFO - Skipped ID: 291310 #COLUMN: fulltext #URL: https://linuxsecurity.com/advisories #STATUS_CODE: 200
2023-07-10 11:33:21 - INFO - Skipped ID: 291310 #COLUMN: fulltext #URL: https://www.kernel.org/doc/html/latest/security/self-protection.html #STATUS_CODE: 200
2023-07-10 11:33:21 - WARNING - ID: 291310 #COLUMN: fulltext #URL: https://www.cyberciti.biz/faq/linux-kernel-etcsysctl-conf-security-hardening/ #STATUS_CODE: 403
2023-07-10 11:33:21 - INFO - Skipped ID: 291310 #COLUMN: fulltext #URL: https://apparmor.net/ #STATUS_CODE: 200
2023-07-10 11:33:22 - INFO - Skipped ID: 291310 #COLUMN: fulltext #URL: https://ksplice.oracle.com/ #STATUS_CODE: 200
2023-07-10 11:33:23 - INFO - Skipped ID: 291310 #COLUMN: fulltext #URL: https://selinuxproject.org/page/Main_Page #STATUS_CODE: 200
2023-07-10 11:33:24 - INFO - Skipped ID: 291310 #COLUMN: fulltext #URL: https://www.kernelcare.com/ #STATUS_CODE: 200
2023-07-10 11:33:26 - INFO - Skipped ID: 291310 #COLUMN: fulltext #URL: https://blog.kernelcare.com/avoid-death-taxes-and-linux-server-reboots-kernel-updates-3-different-ways #STATUS_CODE: 200
2023-07-10 11:33:26 - INFO - ==================== All records have been processed ====================
2023-07-10 11:36:26 - INFO - ******************** Processing ID: 292540 ******************** (1/1 - 100.0%)
2023-07-10 11:36:31 - INFO - Skipped ID: 292540 #COLUMN: introtext #URL: https://linuxsecurity.com/features/features/recent-php-hack-highlights-the-need-for-better-security #STATUS_CODE: 200
2023-07-10 11:36:32 - INFO - Skipped ID: 292540 #COLUMN: introtext #URL: https://linuxsecurity.com/features/features/top-tips-for-securing-your-linux-system-in-2020 #STATUS_CODE: 200
2023-07-10 11:36:34 - INFO - Skipped ID: 292540 #COLUMN: fulltext #URL: https://linuxsecurity.com/news/security-projects/how-to-install-spiderfoot-security-scanner-on-ubuntu-20-04 #STATUS_CODE: 200
2023-07-10 11:36:34 - INFO - Skipped ID: 292540 #COLUMN: fulltext #URL: https://linuxsecurity.com/news/cryptography/google-chrome-for-linux-is-getting-dns-over-https-but-there-s-a-catch #STATUS_CODE: 200
2023-07-10 11:36:34 - INFO - Skipped ID: 292540 #COLUMN: fulltext #URL: https://linuxsecurity.com/news/security-vulnerabilities/new-bugs-could-let-hackers-bypass-spectre-attack-mitigations-on-linux-systems #STATUS_CODE: 200
2023-07-10 11:36:34 - INFO - Skipped ID: 292540 #COLUMN: fulltext #URL: https://linuxsecurity.com/news/vendors-products/parrot-os-4-11-secure-parrot-with-kde-plasma-mate-and-linux-5-10 #STATUS_CODE: 200
2023-07-10 11:36:34 - INFO - Skipped ID: 292540 #COLUMN: fulltext #URL: https://linuxsecurity.com/news/security-trends/why-is-linux-hosting-so-much-more-popular-than-windows #STATUS_CODE: 200
2023-07-10 11:36:34 - INFO - Skipped ID: 292540 #COLUMN: fulltext #URL: https://linuxsecurity.com/news/privacy/most-loved-programming-language-rust-sparks-privacy-concerns #STATUS_CODE: 200
2023-07-10 11:36:34 - INFO - Skipped ID: 292540 #COLUMN: fulltext #URL: https://linuxsecurity.com/news/vendors-products/vpns-mozilla-just-added-these-new-feature-to-its-virtual-private-network #STATUS_CODE: 200
2023-07-10 11:36:34 - INFO - Skipped ID: 292540 #COLUMN: fulltext #URL: https://linuxsecurity.com/news/cryptography/serious-security-openssl-fixes-two-high-severity-crypto-bugs #STATUS_CODE: 200
2023-07-10 11:36:34 - INFO - Skipped ID: 292540 #COLUMN: fulltext #URL: https://linuxsecurity.com/news/security-projects/17-open-source-container-security-tools #STATUS_CODE: 200
2023-07-10 11:36:34 - INFO - Skipped ID: 292540 #COLUMN: fulltext #URL: https://linuxsecurity.com/news/security-projects/linux-mint-outlines-better-unobtrusive-update-notifications #STATUS_CODE: 200
2023-07-10 11:36:34 - INFO - Skipped ID: 292540 #COLUMN: fulltext #URL: https://linuxsecurity.com/news/vendors-products/kde-plasma-5-18-7-lts-released-with-better-support-for-qt-5-12-and-recent-mesa-stacks #STATUS_CODE: 200
2023-07-10 11:36:34 - INFO - Skipped ID: 292540 #COLUMN: fulltext #URL: https://linuxsecurity.com/features/recent-php-hack-highlights-the-need-for-better-security #STATUS_CODE: 200
2023-07-10 11:36:36 - INFO - Skipped ID: 292540 #COLUMN: fulltext #URL: https://linuxsecurity.com/features/top-tips-for-securing-your-linux-system-in-2020 #STATUS_CODE: 200
2023-07-10 11:36:36 - INFO - ==================== All records have been processed ====================
