2023-07-21 10:40:17 - INFO - ******************** Processing ID: 291310 ******************** (1/1 - 100.0%)
2023-07-21 10:40:23 - INFO - Skipped ID: 291310 #COLUMN: introtext #URL: https://linuxsecurity.com/features/features/linux-malware-the-truth-about-this-growing-threat-updated?start=3 #STATUS_CODE: 200
2023-07-21 10:40:25 - INFO - Skipped ID: 291310 #COLUMN: fulltext #URL: https://www.kernel.org/doc/html/latest/security/self-protection.html #STATUS_CODE: 200
2023-07-21 10:40:25 - INFO - Skipped ID: 291310 #COLUMN: fulltext #URL: https://linux-audit.com/livepatch-linux-kernel-updates-without-rebooting/ #STATUS_CODE: 200
2023-07-21 10:40:25 - INFO - Skipped ID: 291310 #COLUMN: fulltext #URL: https://documentation.suse.com/sles/12-SP4/html/SLES-kgraft/index.html #STATUS_CODE: 200
2023-07-21 10:40:25 - INFO - Skipped ID: 291310 #COLUMN: fulltext #URL: https://ksplice.oracle.com/ #STATUS_CODE: 200
2023-07-21 10:40:25 - INFO - Skipped ID: 291310 #COLUMN: fulltext #URL: https://sysprog21.github.io/lkmpg/#what-is-a-kernel-module #STATUS_CODE: 200
2023-07-21 10:40:25 - WARNING - ID: 291310 #COLUMN: fulltext #URL: https://www.cyberciti.biz/faq/linux-kernel-etcsysctl-conf-security-hardening/ #STATUS_CODE: 403
2023-07-21 10:40:26 - INFO - Skipped ID: 291310 #COLUMN: fulltext #URL: https://linuxsecurity.com/newsletters #STATUS_CODE: 200
2023-07-21 10:40:26 - INFO - Skipped ID: 291310 #COLUMN: fulltext #URL: https://github.com/dynup/kpatch #STATUS_CODE: 200
2023-07-21 10:40:26 - INFO - Skipped ID: 291310 #COLUMN: fulltext #URL: https://linuxhint.com/how-do-i-set-selinux-to-permissive-mode/ #STATUS_CODE: 200
2023-07-21 10:40:27 - INFO - Skipped ID: 291310 #COLUMN: fulltext #URL: https://www.techrepublic.com/article/how-to-monitor-events-on-your-linux-data-center-servers-with-auditd/ #STATUS_CODE: 200
2023-07-21 10:40:27 - INFO - Skipped ID: 291310 #COLUMN: fulltext #URL: https://apparmor.net/ #STATUS_CODE: 200
2023-07-21 10:40:27 - INFO - Skipped ID: 291310 #COLUMN: fulltext #URL: https://blog.kernelcare.com/avoid-death-taxes-and-linux-server-reboots-kernel-updates-3-different-ways #STATUS_CODE: 200
2023-07-21 10:40:27 - INFO - Skipped ID: 291310 #COLUMN: fulltext #URL: https://linuxsecurity.com/advisories #STATUS_CODE: 200
2023-07-21 10:40:28 - INFO - Skipped ID: 291310 #COLUMN: fulltext #URL: https://selinuxproject.org/page/Main_Page #STATUS_CODE: 200
2023-07-21 10:40:28 - INFO - Skipped ID: 291310 #COLUMN: fulltext #URL: https://www.kernelcare.com/ #STATUS_CODE: 200
2023-07-21 10:40:28 - INFO - ==================== All records have been processed ====================
2023-07-21 10:47:28 - INFO - ******************** Processing ID: 291310 ******************** (1/1 - 100.0%)
2023-07-21 10:47:34 - INFO - Skipped ID: 291310 #COLUMN: introtext #URL: https://linuxsecurity.com/features/features/linux-malware-the-truth-about-this-growing-threat-updated?start=3 #STATUS_CODE: 200
2023-07-21 10:50:36 - INFO - Skipped ID: 291310 #COLUMN: fulltext #URL: https://www.kernel.org/doc/html/latest/security/self-protection.html #STATUS_CODE: 200
2023-07-21 10:50:51 - INFO - Skipped ID: 291310 #COLUMN: fulltext #URL: https://linux-audit.com/livepatch-linux-kernel-updates-without-rebooting/ #STATUS_CODE: 200
2023-07-21 10:51:05 - INFO - Skipped ID: 291310 #COLUMN: fulltext #URL: https://github.com/dynup/kpatch #STATUS_CODE: 200
2023-07-21 10:51:13 - INFO - Skipped ID: 291310 #COLUMN: fulltext #URL: https://linuxsecurity.com/advisories #STATUS_CODE: 200
2023-07-21 10:51:21 - INFO - Skipped ID: 291310 #COLUMN: fulltext #URL: https://ksplice.oracle.com/ #STATUS_CODE: 200
2023-07-21 10:51:27 - INFO - Skipped ID: 291310 #COLUMN: fulltext #URL: https://linuxsecurity.com/newsletters #STATUS_CODE: 200
2023-07-21 10:51:32 - INFO - Skipped ID: 291310 #COLUMN: fulltext #URL: https://documentation.suse.com/sles/12-SP4/html/SLES-kgraft/index.html #STATUS_CODE: 200
2023-07-21 10:51:32 - WARNING - #ID: 291310 #URL https://blog.kernelcare.com/avoid-death-taxes-and-linux-server-reboots-kernel-updates-3-different-ways Error: HTTPSConnectionPool(host='blog.kernelcare.com', port=443): Max retries exceeded with url: /avoid-death-taxes-and-linux-server-reboots-kernel-updates-3-different-ways (Caused by SSLError(SSLZeroReturnError(6, 'TLS/SSL connection has been closed (EOF) (_ssl.c:997)')))
2023-07-21 10:51:32 - INFO - #ID: 291310 #URL https://blog.kernelcare.com/avoid-death-taxes-and-linux-server-reboots-kernel-updates-3-different-ways - Requesting again using GET request instead of HEAD
2023-07-21 10:51:32 - WARNING - #ID: 291310 #URL https://www.kernelcare.com/ Error: HTTPSConnectionPool(host='www.kernelcare.com', port=443): Max retries exceeded with url: / (Caused by SSLError(SSLZeroReturnError(6, 'TLS/SSL connection has been closed (EOF) (_ssl.c:997)')))
2023-07-21 10:51:32 - INFO - #ID: 291310 #URL https://www.kernelcare.com/ - Requesting again using GET request instead of HEAD
2023-07-21 10:51:37 - INFO - Skipped ID: 291310 #COLUMN: fulltext #URL: https://sysprog21.github.io/lkmpg/#what-is-a-kernel-module #STATUS_CODE: 200
2023-07-21 10:51:41 - INFO - Skipped ID: 291310 #COLUMN: fulltext #URL: https://www.techrepublic.com/article/how-to-monitor-events-on-your-linux-data-center-servers-with-auditd/ #STATUS_CODE: 200
2023-07-21 10:51:41 - WARNING - #ID: 291310 #URL https://apparmor.net/ Error: HTTPSConnectionPool(host='apparmor.net', port=443): Max retries exceeded with url: / (Caused by SSLError(SSLZeroReturnError(6, 'TLS/SSL connection has been closed (EOF) (_ssl.c:997)')))
2023-07-21 10:51:42 - INFO - #ID: 291310 #URL https://apparmor.net/ - Requesting again using GET request instead of HEAD
2023-07-21 10:52:13 - WARNING - ID: 291310 #COLUMN: fulltext #URL: https://www.cyberciti.biz/faq/linux-kernel-etcsysctl-conf-security-hardening/ #STATUS_CODE: 403
2023-07-21 10:52:40 - INFO - Skipped ID: 291310 #COLUMN: fulltext #URL: https://linuxhint.com/how-do-i-set-selinux-to-permissive-mode/ #STATUS_CODE: 200
2023-07-21 10:52:45 - INFO - Skipped ID: 291310 #COLUMN: fulltext #URL: https://selinuxproject.org/page/Main_Page #STATUS_CODE: 200
2023-07-21 10:52:45 - WARNING - #ID: 291310 #URL https://blog.kernelcare.com/avoid-death-taxes-and-linux-server-reboots-kernel-updates-3-different-ways Error: SSLError HTTPSConnectionPool(host='tuxcare.com', port=443): Max retries exceeded with url: /how-to-apply-linux-kernel-security-patches-3-different-ways/ (Caused by SSLError(SSLZeroReturnError(6, 'TLS/SSL connection has been closed (EOF) (_ssl.c:997)')))
2023-07-21 10:52:45 - INFO - ID: 291310 #COLUMN: fulltext #URL: https://blog.kernelcare.com/avoid-death-taxes-and-linux-server-reboots-kernel-updates-3-different-ways added for more checking
2023-07-21 10:52:45 - INFO - Skipped ID: 291310 #COLUMN: fulltext #URL: https://www.kernelcare.com/ #STATUS_CODE: 200
2023-07-21 10:52:45 - WARNING - #ID: 291310 #URL https://apparmor.net/ Error: SSLError HTTPSConnectionPool(host='apparmor.net', port=443): Max retries exceeded with url: / (Caused by SSLError(SSLZeroReturnError(6, 'TLS/SSL connection has been closed (EOF) (_ssl.c:997)')))
2023-07-21 10:52:45 - INFO - ID: 291310 #COLUMN: fulltext #URL: https://apparmor.net/ added for more checking
2023-07-21 10:55:11 - INFO - ==================== All records have been processed ====================
2023-07-21 11:02:11 - INFO - ******************** Processing ID: 345550 ******************** (1/1 - 100.0%)
2023-07-21 11:02:12 - INFO - Skipped ID: 345550 #COLUMN: fulltext #URL: https://github.com/python-restx/flask-restx #STATUS_CODE: 200
2023-07-21 11:02:12 - INFO - Skipped ID: 345550 #COLUMN: fulltext #URL: https://docs.fedoraproject.org/en-US/project/code-of-conduct/ #STATUS_CODE: 200
2023-07-21 11:02:13 - INFO - Skipped ID: 345550 #COLUMN: fulltext #URL: http://dnf.readthedocs.io/en/latest/command_ref.html#upgrade-command-label #STATUS_CODE: 200
2023-07-21 11:02:13 - INFO - Skipped ID: 345550 #COLUMN: fulltext #URL: https://fedoraproject.org/wiki/Mailing_list_guidelines #STATUS_CODE: 200
2023-07-21 11:02:14 - INFO - Skipped ID: 345550 #COLUMN: fulltext #URL: https://fedoraproject.org/keys #STATUS_CODE: 200
2023-07-21 11:02:16 - INFO - Skipped ID: 345550 #COLUMN: fulltext #URL: https://pagure.io/fedora-infrastructure/new_issue #STATUS_CODE: 200
2023-07-21 11:02:18 - INFO - Skipped ID: 345550 #COLUMN: fulltext #URL: https://lists.fedoraproject.org/archives/list/package-announce@lists.fedoraproject.org #STATUS_CODE: 200
2023-07-21 11:02:18 - INFO - ==================== All records have been processed ====================
2023-07-21 11:07:36 - INFO - ******************** Processing ID: 281278 ******************** (1/1 - 100.0%)
2023-07-21 11:07:36 - INFO - ==================== All records have been processed ====================
2023-07-21 11:08:41 - INFO - ******************** Processing ID: 201458 ******************** (1/1 - 100.0%)
2023-07-21 11:08:43 - INFO - Skipped ID: 201458 #COLUMN: fulltext #URL: http://www.ibm.com/developerworks/java/jdk/alerts/ #STATUS_CODE: 200
2023-07-21 11:08:46 - WARNING - #ID: 201458 #URL http://download.novell.com/patch/finder/?keywords=bf6c59989a94daa5af11dc7d56857d21 Error: HTTPSConnectionPool(host='login.microfocus.com', port=443): Max retries exceeded with url: /nidp/idff/sso?RequestID=idIhvkZpuCCMWLQFJGyBBCTTiFtT0&MajorVersion=1&MinorVersion=2&IssueInstant=2023-07-21T05%3A38%3A45Z&ProviderID=https%3A%2F%2Fwww.microfocus.com%3A443%2Fnesp%2Fidff%2Fmetadata&RelayState=MA%3D%3D&consent=urn%3Aliberty%3Aconsent%3Aunavailable&agAppNa=download&ForceAuthn=false&IsPassive=false&NameIDPolicy=onetime&ProtocolProfile=http%3A%2F%2Fprojectliberty.org%2Fprofiles%2Fbrws-art&target=https%3A%2F%2Fwww.microfocus.com%2FLAGBroker%3F%2522https%3A%2F%2Fdownload.novell.com%2Fpatch%2Ffinder%2F%3Fkeywords%3Dbf6c59989a94daa5af11dc7d56857d21%2522&AuthnContextStatementRef=%2Furi%2Fanyauthentication (Caused by SSLError(SSLError(1, '[SSL: DH_KEY_TOO_SMALL] dh key too small (_ssl.c:997)')))
2023-07-21 11:08:46 - INFO - #ID: 201458 #URL http://download.novell.com/patch/finder/?keywords=bf6c59989a94daa5af11dc7d56857d21 - Requesting again using GET request instead of HEAD
2023-07-21 11:08:46 - WARNING - #ID: 201458 #URL http://download.novell.com/patch/finder/?keywords=7680f8140c62f26ce3174024373514a1 Error: HTTPSConnectionPool(host='login.microfocus.com', port=443): Max retries exceeded with url: /nidp/idff/sso?RequestID=idUSZ3PZr6nVAsweF5EWMMwZPA3n8&MajorVersion=1&MinorVersion=2&IssueInstant=2023-07-21T05%3A38%3A44Z&ProviderID=https%3A%2F%2Fwww.microfocus.com%3A443%2Fnesp%2Fidff%2Fmetadata&RelayState=MA%3D%3D&consent=urn%3Aliberty%3Aconsent%3Aunavailable&agAppNa=download&ForceAuthn=false&IsPassive=false&NameIDPolicy=onetime&ProtocolProfile=http%3A%2F%2Fprojectliberty.org%2Fprofiles%2Fbrws-art&target=https%3A%2F%2Fwww.microfocus.com%2FLAGBroker%3F%2522https%3A%2F%2Fdownload.novell.com%2Fpatch%2Ffinder%2F%3Fkeywords%3D7680f8140c62f26ce3174024373514a1%2522&AuthnContextStatementRef=%2Furi%2Fanyauthentication (Caused by SSLError(SSLError(1, '[SSL: DH_KEY_TOO_SMALL] dh key too small (_ssl.c:997)')))
2023-07-21 11:08:46 - INFO - #ID: 201458 #URL http://download.novell.com/patch/finder/?keywords=7680f8140c62f26ce3174024373514a1 - Requesting again using GET request instead of HEAD
2023-07-21 11:08:46 - INFO - Skipped ID: 201458 #COLUMN: fulltext #URL: https://bugzilla.novell.com/829212 #STATUS_CODE: 200
2023-07-21 11:08:46 - INFO - Skipped ID: 201458 #COLUMN: fulltext #URL: https://bugzilla.novell.com/823034 #STATUS_CODE: 200
2023-07-21 11:08:49 - WARNING - #ID: 201458 #URL http://download.novell.com/patch/finder/?keywords=bf6c59989a94daa5af11dc7d56857d21 Error: SSLError HTTPSConnectionPool(host='login.microfocus.com', port=443): Max retries exceeded with url: /nidp/idff/sso?RequestID=idbp6423oGMkXEl5jNiA_5RcoZReU&MajorVersion=1&MinorVersion=2&IssueInstant=2023-07-21T05%3A38%3A48Z&ProviderID=https%3A%2F%2Fwww.microfocus.com%3A443%2Fnesp%2Fidff%2Fmetadata&RelayState=MA%3D%3D&consent=urn%3Aliberty%3Aconsent%3Aunavailable&agAppNa=download&ForceAuthn=false&IsPassive=false&NameIDPolicy=onetime&ProtocolProfile=http%3A%2F%2Fprojectliberty.org%2Fprofiles%2Fbrws-art&target=https%3A%2F%2Fwww.microfocus.com%2FLAGBroker%3F%2522https%3A%2F%2Fdownload.novell.com%2Fpatch%2Ffinder%2F%3Fkeywords%3Dbf6c59989a94daa5af11dc7d56857d21%2522&AuthnContextStatementRef=%2Furi%2Fanyauthentication (Caused by SSLError(SSLError(1, '[SSL: DH_KEY_TOO_SMALL] dh key too small (_ssl.c:997)')))
2023-07-21 11:08:49 - INFO - ID: 201458 #COLUMN: fulltext #URL: http://download.novell.com/patch/finder/?keywords=bf6c59989a94daa5af11dc7d56857d21 added for more checking
2023-07-21 11:08:50 - WARNING - #ID: 201458 #URL http://download.novell.com/patch/finder/?keywords=7680f8140c62f26ce3174024373514a1 Error: SSLError HTTPSConnectionPool(host='login.microfocus.com', port=443): Max retries exceeded with url: /nidp/idff/sso?RequestID=idSZFRNOIcgSgackidR6kyy6Q_qqs&MajorVersion=1&MinorVersion=2&IssueInstant=2023-07-21T05%3A38%3A48Z&ProviderID=https%3A%2F%2Fwww.microfocus.com%3A443%2Fnesp%2Fidff%2Fmetadata&RelayState=MA%3D%3D&consent=urn%3Aliberty%3Aconsent%3Aunavailable&agAppNa=download&ForceAuthn=false&IsPassive=false&NameIDPolicy=onetime&ProtocolProfile=http%3A%2F%2Fprojectliberty.org%2Fprofiles%2Fbrws-art&target=https%3A%2F%2Fwww.microfocus.com%2FLAGBroker%3F%2522https%3A%2F%2Fdownload.novell.com%2Fpatch%2Ffinder%2F%3Fkeywords%3D7680f8140c62f26ce3174024373514a1%2522&AuthnContextStatementRef=%2Furi%2Fanyauthentication (Caused by SSLError(SSLError(1, '[SSL: DH_KEY_TOO_SMALL] dh key too small (_ssl.c:997)')))
2023-07-21 11:08:50 - INFO - ID: 201458 #COLUMN: fulltext #URL: http://download.novell.com/patch/finder/?keywords=7680f8140c62f26ce3174024373514a1 added for more checking
2023-07-21 11:08:50 - INFO - ==================== All records have been processed ====================
2023-07-21 11:18:10 - INFO - ******************** Processing ID: 201458 ******************** (1/1 - 100.0%)
2023-07-21 11:18:53 - INFO - Skipped ID: 201458 #COLUMN: fulltext #URL: http://www.ibm.com/developerworks/java/jdk/alerts/ #STATUS_CODE: 200
2023-07-21 11:18:56 - INFO - Skipped ID: 201458 #COLUMN: fulltext #URL: https://bugzilla.novell.com/829212 #STATUS_CODE: 200
2023-07-21 11:18:56 - INFO - Skipped ID: 201458 #COLUMN: fulltext #URL: https://bugzilla.novell.com/823034 #STATUS_CODE: 200
2023-07-21 11:18:56 - WARNING - #ID: 201458 #URL http://download.novell.com/patch/finder/?keywords=7680f8140c62f26ce3174024373514a1 Error: HTTPSConnectionPool(host='login.microfocus.com', port=443): Max retries exceeded with url: /nidp/idff/sso?RequestID=ideVDxHahc6xRWtyiFr2pmFV912mI&MajorVersion=1&MinorVersion=2&IssueInstant=2023-07-21T05%3A48%3A55Z&ProviderID=https%3A%2F%2Fwww.microfocus.com%3A443%2Fnesp%2Fidff%2Fmetadata&RelayState=MA%3D%3D&consent=urn%3Aliberty%3Aconsent%3Aunavailable&agAppNa=download&ForceAuthn=false&IsPassive=false&NameIDPolicy=onetime&ProtocolProfile=http%3A%2F%2Fprojectliberty.org%2Fprofiles%2Fbrws-art&target=https%3A%2F%2Fwww.microfocus.com%2FLAGBroker%3F%2522https%3A%2F%2Fdownload.novell.com%2Fpatch%2Ffinder%2F%3Fkeywords%3D7680f8140c62f26ce3174024373514a1%2522&AuthnContextStatementRef=%2Furi%2Fanyauthentication (Caused by SSLError(SSLError(1, '[SSL: DH_KEY_TOO_SMALL] dh key too small (_ssl.c:997)')))
2023-07-21 11:18:56 - INFO - #ID: 201458 #URL http://download.novell.com/patch/finder/?keywords=7680f8140c62f26ce3174024373514a1 - Requesting again using GET request instead of HEAD
2023-07-21 11:18:57 - WARNING - #ID: 201458 #URL http://download.novell.com/patch/finder/?keywords=bf6c59989a94daa5af11dc7d56857d21 Error: HTTPSConnectionPool(host='login.microfocus.com', port=443): Max retries exceeded with url: /nidp/idff/sso?RequestID=idK14ausOxcpJyXQSFvmxZZ_M32ds&MajorVersion=1&MinorVersion=2&IssueInstant=2023-07-21T05%3A48%3A55Z&ProviderID=https%3A%2F%2Fwww.microfocus.com%3A443%2Fnesp%2Fidff%2Fmetadata&RelayState=MA%3D%3D&consent=urn%3Aliberty%3Aconsent%3Aunavailable&agAppNa=download&ForceAuthn=false&IsPassive=false&NameIDPolicy=onetime&ProtocolProfile=http%3A%2F%2Fprojectliberty.org%2Fprofiles%2Fbrws-art&target=https%3A%2F%2Fwww.microfocus.com%2FLAGBroker%3F%2522https%3A%2F%2Fdownload.novell.com%2Fpatch%2Ffinder%2F%3Fkeywords%3Dbf6c59989a94daa5af11dc7d56857d21%2522&AuthnContextStatementRef=%2Furi%2Fanyauthentication (Caused by SSLError(SSLError(1, '[SSL: DH_KEY_TOO_SMALL] dh key too small (_ssl.c:997)')))
2023-07-21 11:18:57 - INFO - #ID: 201458 #URL http://download.novell.com/patch/finder/?keywords=bf6c59989a94daa5af11dc7d56857d21 - Requesting again using GET request instead of HEAD
2023-07-21 11:18:59 - WARNING - #ID: 201458 #URL http://download.novell.com/patch/finder/?keywords=7680f8140c62f26ce3174024373514a1 Error: SSLError HTTPSConnectionPool(host='login.microfocus.com', port=443): Max retries exceeded with url: /nidp/idff/sso?RequestID=idrslXlC5FXOSOAfaUbLKLiq1y67s&MajorVersion=1&MinorVersion=2&IssueInstant=2023-07-21T05%3A48%3A58Z&ProviderID=https%3A%2F%2Fwww.microfocus.com%3A443%2Fnesp%2Fidff%2Fmetadata&RelayState=MA%3D%3D&consent=urn%3Aliberty%3Aconsent%3Aunavailable&agAppNa=download&ForceAuthn=false&IsPassive=false&NameIDPolicy=onetime&ProtocolProfile=http%3A%2F%2Fprojectliberty.org%2Fprofiles%2Fbrws-art&target=https%3A%2F%2Fwww.microfocus.com%2FLAGBroker%3F%2522https%3A%2F%2Fdownload.novell.com%2Fpatch%2Ffinder%2F%3Fkeywords%3D7680f8140c62f26ce3174024373514a1%2522&AuthnContextStatementRef=%2Furi%2Fanyauthentication (Caused by SSLError(SSLError(1, '[SSL: DH_KEY_TOO_SMALL] dh key too small (_ssl.c:997)')))
2023-07-21 11:18:59 - INFO - ID: 201458 #COLUMN: fulltext #URL: http://download.novell.com/patch/finder/?keywords=7680f8140c62f26ce3174024373514a1 added for more checking
2023-07-21 11:19:00 - WARNING - #ID: 201458 #URL http://download.novell.com/patch/finder/?keywords=bf6c59989a94daa5af11dc7d56857d21 Error: SSLError HTTPSConnectionPool(host='login.microfocus.com', port=443): Max retries exceeded with url: /nidp/idff/sso?RequestID=idJqgjxXOzLrpX9jAXwOgn74DkjJw&MajorVersion=1&MinorVersion=2&IssueInstant=2023-07-21T05%3A48%3A59Z&ProviderID=https%3A%2F%2Fwww.microfocus.com%3A443%2Fnesp%2Fidff%2Fmetadata&RelayState=MA%3D%3D&consent=urn%3Aliberty%3Aconsent%3Aunavailable&agAppNa=download&ForceAuthn=false&IsPassive=false&NameIDPolicy=onetime&ProtocolProfile=http%3A%2F%2Fprojectliberty.org%2Fprofiles%2Fbrws-art&target=https%3A%2F%2Fwww.microfocus.com%2FLAGBroker%3F%2522https%3A%2F%2Fdownload.novell.com%2Fpatch%2Ffinder%2F%3Fkeywords%3Dbf6c59989a94daa5af11dc7d56857d21%2522&AuthnContextStatementRef=%2Furi%2Fanyauthentication (Caused by SSLError(SSLError(1, '[SSL: DH_KEY_TOO_SMALL] dh key too small (_ssl.c:997)')))
2023-07-21 11:19:00 - INFO - ID: 201458 #COLUMN: fulltext #URL: http://download.novell.com/patch/finder/?keywords=bf6c59989a94daa5af11dc7d56857d21 added for more checking
2023-07-21 11:19:35 - INFO - ******************** Processing ID: 201458 ******************** (1/1 - 100.0%)
2023-07-21 11:26:13 - INFO - Skipped ID: 201458 #COLUMN: fulltext #URL: http://www.ibm.com/developerworks/java/jdk/alerts/ #STATUS_CODE: 200
2023-07-21 11:26:28 - WARNING - #ID: 201458 #URL http://download.novell.com/patch/finder/?keywords=7680f8140c62f26ce3174024373514a1 Error: HTTPSConnectionPool(host='login.microfocus.com', port=443): Max retries exceeded with url: /nidp/idff/sso?RequestID=idVBQ3AYASOVUeTnMt92jldPg4QeU&MajorVersion=1&MinorVersion=2&IssueInstant=2023-07-21T05%3A56%3A13Z&ProviderID=https%3A%2F%2Fwww.microfocus.com%3A443%2Fnesp%2Fidff%2Fmetadata&RelayState=MA%3D%3D&consent=urn%3Aliberty%3Aconsent%3Aunavailable&agAppNa=download&ForceAuthn=false&IsPassive=false&NameIDPolicy=onetime&ProtocolProfile=http%3A%2F%2Fprojectliberty.org%2Fprofiles%2Fbrws-art&target=https%3A%2F%2Fwww.microfocus.com%2FLAGBroker%3F%2522https%3A%2F%2Fdownload.novell.com%2Fpatch%2Ffinder%2F%3Fkeywords%3D7680f8140c62f26ce3174024373514a1%2522&AuthnContextStatementRef=%2Furi%2Fanyauthentication (Caused by SSLError(SSLError(1, '[SSL: DH_KEY_TOO_SMALL] dh key too small (_ssl.c:997)')))
2023-07-21 11:26:28 - INFO - #ID: 201458 #URL http://download.novell.com/patch/finder/?keywords=7680f8140c62f26ce3174024373514a1 - Requesting again using GET request instead of HEAD
2023-07-21 11:26:29 - WARNING - #ID: 201458 #URL http://download.novell.com/patch/finder/?keywords=bf6c59989a94daa5af11dc7d56857d21 Error: HTTPSConnectionPool(host='login.microfocus.com', port=443): Max retries exceeded with url: /nidp/idff/sso?RequestID=idEZDkmJuKE3L77zPFPCBcLgEXQ0s&MajorVersion=1&MinorVersion=2&IssueInstant=2023-07-21T05%3A56%3A27Z&ProviderID=https%3A%2F%2Fwww.microfocus.com%3A443%2Fnesp%2Fidff%2Fmetadata&RelayState=MA%3D%3D&consent=urn%3Aliberty%3Aconsent%3Aunavailable&agAppNa=download&ForceAuthn=false&IsPassive=false&NameIDPolicy=onetime&ProtocolProfile=http%3A%2F%2Fprojectliberty.org%2Fprofiles%2Fbrws-art&target=https%3A%2F%2Fwww.microfocus.com%2FLAGBroker%3F%2522https%3A%2F%2Fdownload.novell.com%2Fpatch%2Ffinder%2F%3Fkeywords%3Dbf6c59989a94daa5af11dc7d56857d21%2522&AuthnContextStatementRef=%2Furi%2Fanyauthentication (Caused by SSLError(SSLError(1, '[SSL: DH_KEY_TOO_SMALL] dh key too small (_ssl.c:997)')))
2023-07-21 11:26:29 - INFO - #ID: 201458 #URL http://download.novell.com/patch/finder/?keywords=bf6c59989a94daa5af11dc7d56857d21 - Requesting again using GET request instead of HEAD
2023-07-21 11:26:51 - INFO - Skipped ID: 201458 #COLUMN: fulltext #URL: https://bugzilla.novell.com/823034 #STATUS_CODE: 200
2023-07-21 11:27:07 - INFO - Skipped ID: 201458 #COLUMN: fulltext #URL: https://bugzilla.novell.com/829212 #STATUS_CODE: 200
2023-07-21 11:27:16 - WARNING - #ID: 201458 #URL http://download.novell.com/patch/finder/?keywords=7680f8140c62f26ce3174024373514a1 Error: SSLError HTTPSConnectionPool(host='login.microfocus.com', port=443): Max retries exceeded with url: /nidp/idff/sso?RequestID=idEcU7qhFBopOoFPcNceMPvimvPMg&MajorVersion=1&MinorVersion=2&IssueInstant=2023-07-21T05%3A56%3A59Z&ProviderID=https%3A%2F%2Fwww.microfocus.com%3A443%2Fnesp%2Fidff%2Fmetadata&RelayState=MA%3D%3D&consent=urn%3Aliberty%3Aconsent%3Aunavailable&agAppNa=download&ForceAuthn=false&IsPassive=false&NameIDPolicy=onetime&ProtocolProfile=http%3A%2F%2Fprojectliberty.org%2Fprofiles%2Fbrws-art&target=https%3A%2F%2Fwww.microfocus.com%2FLAGBroker%3F%2522https%3A%2F%2Fdownload.novell.com%2Fpatch%2Ffinder%2F%3Fkeywords%3D7680f8140c62f26ce3174024373514a1%2522&AuthnContextStatementRef=%2Furi%2Fanyauthentication (Caused by SSLError(SSLError(1, '[SSL: DH_KEY_TOO_SMALL] dh key too small (_ssl.c:997)')))
2023-07-21 11:27:16 - INFO - ID: 201458 #COLUMN: fulltext #URL: http://download.novell.com/patch/finder/?keywords=7680f8140c62f26ce3174024373514a1 added for more checking
2023-07-21 11:27:34 - WARNING - #ID: 201458 #URL http://download.novell.com/patch/finder/?keywords=bf6c59989a94daa5af11dc7d56857d21 Error: SSLError HTTPSConnectionPool(host='login.microfocus.com', port=443): Max retries exceeded with url: /nidp/idff/sso?RequestID=ids4L9gnlA9kjGtE3HX515NfijFg4&MajorVersion=1&MinorVersion=2&IssueInstant=2023-07-21T05%3A57%3A17Z&ProviderID=https%3A%2F%2Fwww.microfocus.com%3A443%2Fnesp%2Fidff%2Fmetadata&RelayState=MA%3D%3D&consent=urn%3Aliberty%3Aconsent%3Aunavailable&agAppNa=download&ForceAuthn=false&IsPassive=false&NameIDPolicy=onetime&ProtocolProfile=http%3A%2F%2Fprojectliberty.org%2Fprofiles%2Fbrws-art&target=https%3A%2F%2Fwww.microfocus.com%2FLAGBroker%3F%2522https%3A%2F%2Fdownload.novell.com%2Fpatch%2Ffinder%2F%3Fkeywords%3Dbf6c59989a94daa5af11dc7d56857d21%2522&AuthnContextStatementRef=%2Furi%2Fanyauthentication (Caused by SSLError(SSLError(1, '[SSL: DH_KEY_TOO_SMALL] dh key too small (_ssl.c:997)')))
2023-07-21 11:27:34 - INFO - ID: 201458 #COLUMN: fulltext #URL: http://download.novell.com/patch/finder/?keywords=bf6c59989a94daa5af11dc7d56857d21 added for more checking
2023-07-21 11:27:55 - INFO - ==================== All records have been processed ====================
2023-07-21 11:41:02 - INFO - ******************** Processing ID: 347259 ******************** (1/1 - 100.0%)
2023-07-21 11:41:08 - INFO - Skipped ID: 347259 #COLUMN: introtext #URL: https://blogs.jpcert.or.jp/en/2023/05/gobrat.html #STATUS_CODE: 200
2023-07-21 11:44:53 - WARNING - #ID: 347259 #URL http://download.novell.com/patch/finder/?keywords=7680f8140c62f26ce3174024373514a1 Error: HTTPSConnectionPool(host='login.microfocus.com', port=443): Max retries exceeded with url: /nidp/idff/sso?RequestID=id_9gJrHSkFlaSJ9id_4wrX4wItQU&MajorVersion=1&MinorVersion=2&IssueInstant=2023-07-21T06%3A14%3A34Z&ProviderID=https%3A%2F%2Fwww.microfocus.com%3A443%2Fnesp%2Fidff%2Fmetadata&RelayState=MA%3D%3D&consent=urn%3Aliberty%3Aconsent%3Aunavailable&agAppNa=download&ForceAuthn=false&IsPassive=false&NameIDPolicy=onetime&ProtocolProfile=http%3A%2F%2Fprojectliberty.org%2Fprofiles%2Fbrws-art&target=https%3A%2F%2Fwww.microfocus.com%2FLAGBroker%3F%2522https%3A%2F%2Fdownload.novell.com%2Fpatch%2Ffinder%2F%3Fkeywords%3D7680f8140c62f26ce3174024373514a1%2522&AuthnContextStatementRef=%2Furi%2Fanyauthentication (Caused by SSLError(SSLError(1, '[SSL: DH_KEY_TOO_SMALL] dh key too small (_ssl.c:997)')))
2023-07-21 11:44:54 - INFO - #ID: 347259 #URL http://download.novell.com/patch/finder/?keywords=7680f8140c62f26ce3174024373514a1 - Requesting again using GET request instead of HEAD
2023-07-21 11:45:31 - WARNING - #ID: 347259 #URL http://download.novell.com/patch/finder/?keywords=7680f8140c62f26ce3174024373514a1 Error: SSLError HTTPSConnectionPool(host='login.microfocus.com', port=443): Max retries exceeded with url: /nidp/idff/sso?RequestID=idCyfz5ZnzwRkNA9YmoyehQ_YuGIg&MajorVersion=1&MinorVersion=2&IssueInstant=2023-07-21T06%3A15%3A19Z&ProviderID=https%3A%2F%2Fwww.microfocus.com%3A443%2Fnesp%2Fidff%2Fmetadata&RelayState=MA%3D%3D&consent=urn%3Aliberty%3Aconsent%3Aunavailable&agAppNa=download&ForceAuthn=false&IsPassive=false&NameIDPolicy=onetime&ProtocolProfile=http%3A%2F%2Fprojectliberty.org%2Fprofiles%2Fbrws-art&target=https%3A%2F%2Fwww.microfocus.com%2FLAGBroker%3F%2522https%3A%2F%2Fdownload.novell.com%2Fpatch%2Ffinder%2F%3Fkeywords%3D7680f8140c62f26ce3174024373514a1%2522&AuthnContextStatementRef=%2Furi%2Fanyauthentication (Caused by SSLError(SSLError(1, '[SSL: DH_KEY_TOO_SMALL] dh key too small (_ssl.c:997)')))
2023-07-21 11:45:31 - INFO - ID: 347259 #COLUMN: fulltext #URL: http://download.novell.com/patch/finder/?keywords=7680f8140c62f26ce3174024373514a1 added for more checking
2023-07-21 11:45:57 - INFO - ==================== All records have been processed ====================
2023-07-21 11:48:37 - INFO - ******************** Processing ID: 154458 ******************** (1/1 - 100.0%)
2023-07-21 11:49:39 - INFO - ID: 154458 #COLUMN: fulltext #FTP_URLS: ['ftp://ftp.redhat.com/pub/redhat/linux/enterprise/6Client/en/os/SRPMS/kernel-2.6.32-71.18.1.el6.src.rpm', 'ftp://ftp.redhat.com/pub/redhat/linux/enterprise/6ComputeNode/en/os/SRPMS/kernel-2.6.32-71.18.1.el6.src.rpm', 'ftp://ftp.redhat.com/pub/redhat/linux/enterprise/6Server/en/os/SRPMS/kernel-2.6.32-71.18.1.el6.src.rpm', 'ftp://ftp.redhat.com/pub/redhat/linux/enterprise/6Workstation/en/os/SRPMS/kernel-2.6.32-71.18.1.el6.src.rpm'] will be checking
2023-07-21 11:50:04 - INFO - Skipped ID: 154458 #COLUMN: fulltext #FTP_URL: ftp://ftp.redhat.com/pub/redhat/linux/enterprise/6Client/en/os/SRPMS/kernel-2.6.32-71.18.1.el6.src.rpm #STATUS_CODE: 200
2023-07-21 11:50:04 - INFO - Skipped ID: 154458 #COLUMN: fulltext #FTP_URL: ftp://ftp.redhat.com/pub/redhat/linux/enterprise/6Server/en/os/SRPMS/kernel-2.6.32-71.18.1.el6.src.rpm #STATUS_CODE: 200
2023-07-21 11:50:04 - INFO - Skipped ID: 154458 #COLUMN: fulltext #FTP_URL: ftp://ftp.redhat.com/pub/redhat/linux/enterprise/6Workstation/en/os/SRPMS/kernel-2.6.32-71.18.1.el6.src.rpm #STATUS_CODE: 200
2023-07-21 11:50:04 - INFO - Skipped ID: 154458 #COLUMN: fulltext #FTP_URL: ftp://ftp.redhat.com/pub/redhat/linux/enterprise/6ComputeNode/en/os/SRPMS/kernel-2.6.32-71.18.1.el6.src.rpm #STATUS_CODE: 200
2023-07-21 11:53:23 - WARNING - #ID: 154458 #URL https://www.redhat.com/security/data/cve/CVE-2010-4165.html Error: HTTPSConnectionPool(host='www.redhat.com', port=443): Max retries exceeded with url: /security/data/cve/CVE-2010-4165.html (Caused by SSLError(SSLZeroReturnError(6, 'TLS/SSL connection has been closed (EOF) (_ssl.c:997)')))
2023-07-21 11:53:24 - WARNING - #ID: 154458 #URL https://www.redhat.com/security/data/cve/CVE-2010-4243.html Error: HTTPSConnectionPool(host='www.redhat.com', port=443): Max retries exceeded with url: /security/data/cve/CVE-2010-4243.html (Caused by SSLError(SSLZeroReturnError(6, 'TLS/SSL connection has been closed (EOF) (_ssl.c:997)')))
2023-07-21 11:53:25 - WARNING - #ID: 154458 #URL https://access.redhat.com/kb/docs/DOC-11259 Error: HTTPSConnectionPool(host='access.redhat.com', port=443): Max retries exceeded with url: /kb/docs/DOC-11259 (Caused by SSLError(SSLZeroReturnError(6, 'TLS/SSL connection has been closed (EOF) (_ssl.c:997)')))
2023-07-21 11:53:25 - WARNING - #ID: 154458 #URL https://www.redhat.com/security/data/cve/CVE-2010-4169.html Error: HTTPSConnectionPool(host='www.redhat.com', port=443): Max retries exceeded with url: /security/data/cve/CVE-2010-4169.html (Caused by SSLError(SSLZeroReturnError(6, 'TLS/SSL connection has been closed (EOF) (_ssl.c:997)')))
2023-07-21 11:53:59 - WARNING - #ID: 154458 #URL https://access.redhat.com/security/team/key/#package Error: HTTPSConnectionPool(host='access.redhat.com', port=443): Max retries exceeded with url: /security/team/key/ (Caused by SSLError(SSLZeroReturnError(6, 'TLS/SSL connection has been closed (EOF) (_ssl.c:997)')))
2023-07-21 11:53:59 - WARNING - #ID: 154458 #URL https://access.redhat.com/security/updates/classification/#moderate Error: HTTPSConnectionPool(host='access.redhat.com', port=443): Max retries exceeded with url: /security/updates/classification/ (Caused by SSLError(SSLZeroReturnError(6, 'TLS/SSL connection has been closed (EOF) (_ssl.c:997)')))
2023-07-21 11:53:59 - WARNING - #ID: 154458 #URL https://rhn.redhat.com/errata/RHSA-2011-0283.html Error: HTTPSConnectionPool(host='rhn.redhat.com', port=443): Max retries exceeded with url: /errata/RHSA-2011-0283.html (Caused by SSLError(SSLZeroReturnError(6, 'TLS/SSL connection has been closed (EOF) (_ssl.c:997)')))
2023-07-21 11:53:59 - INFO - #ID: 154458 #URL https://rhn.redhat.com/errata/RHSA-2011-0283.html - Requesting again using GET request instead of HEAD
2023-07-21 11:53:59 - INFO - #ID: 154458 #URL https://access.redhat.com/security/team/key/#package - Requesting again using GET request instead of HEAD
2023-07-21 11:53:59 - INFO - #ID: 154458 #URL https://access.redhat.com/security/updates/classification/#moderate - Requesting again using GET request instead of HEAD
2023-07-21 11:53:59 - INFO - #ID: 154458 #URL https://access.redhat.com/kb/docs/DOC-11259 - Requesting again using GET request instead of HEAD
2023-07-21 11:53:59 - INFO - #ID: 154458 #URL https://www.redhat.com/security/data/cve/CVE-2010-4169.html - Requesting again using GET request instead of HEAD
2023-07-21 11:53:59 - INFO - #ID: 154458 #URL https://www.redhat.com/security/data/cve/CVE-2010-4243.html - Requesting again using GET request instead of HEAD
2023-07-21 11:53:59 - INFO - #ID: 154458 #URL https://www.redhat.com/security/data/cve/CVE-2010-4165.html - Requesting again using GET request instead of HEAD
2023-07-21 11:54:40 - INFO - Skipped ID: 154458 #COLUMN: fulltext #URL: https://www.redhat.com/security/data/cve/CVE-2010-4165.html #STATUS_CODE: 200
2023-07-21 11:54:59 - INFO - Skipped ID: 154458 #COLUMN: fulltext #URL: https://www.redhat.com/security/data/cve/CVE-2010-4169.html #STATUS_CODE: 200
2023-07-21 11:55:17 - INFO - Skipped ID: 154458 #COLUMN: fulltext #URL: http://bugzilla.redhat.com/ #STATUS_CODE: 200
2023-07-21 11:55:17 - INFO - Skipped ID: 154458 #COLUMN: fulltext #URL: https://access.redhat.com/security/team/key/#package #STATUS_CODE: 200
2023-07-21 11:55:17 - INFO - Skipped ID: 154458 #COLUMN: fulltext #URL: https://access.redhat.com/security/updates/classification/#moderate #STATUS_CODE: 200
2023-07-21 11:55:17 - INFO - Skipped ID: 154458 #COLUMN: fulltext #URL: https://www.redhat.com/security/data/cve/CVE-2010-4243.html #STATUS_CODE: 200
2023-07-21 11:55:17 - INFO - Skipped ID: 154458 #COLUMN: fulltext #URL: https://access.redhat.com/kb/docs/DOC-11259 #STATUS_CODE: 200
2023-07-21 11:55:18 - INFO - Skipped ID: 154458 #COLUMN: fulltext #URL: https://rhn.redhat.com/errata/RHSA-2011-0283.html #STATUS_CODE: 200
2023-07-21 11:55:18 - INFO - Skipped ID: 154458 #COLUMN: fulltext #URL: https://www.redhat.com/security/team/contact/ #STATUS_CODE: 200
2023-07-21 11:55:20 - INFO - Skipped ID: 154458 #COLUMN: fulltext #URL: http://docs.redhat.com/docs/en-US/Red_Hat_Enterprise_Linux/6/html/Technical_Notes/ape.html#RHSA-2011-0283 #STATUS_CODE: 200
2023-07-21 12:00:47 - INFO - ******************** Processing ID: 345458 ******************** (1/1 - 100.0%)
2023-07-21 12:10:05 - INFO - Skipped ID: 345458 #COLUMN: fulltext #URL: https://docs.fedoraproject.org/en-US/project/code-of-conduct/ #STATUS_CODE: 200
2023-07-21 12:10:05 - INFO - Skipped ID: 345458 #COLUMN: fulltext #URL: https://cairosvg.org/ #STATUS_CODE: 200
2023-07-21 12:10:05 - INFO - Skipped ID: 345458 #COLUMN: fulltext #URL: https://fedoraproject.org/wiki/Fedora_37_Mass_Rebuild #STATUS_CODE: 200
2023-07-21 12:10:05 - INFO - Skipped ID: 345458 #COLUMN: fulltext #URL: https://fedoraproject.org/wiki/Fedora_38_Mass_Rebuild #STATUS_CODE: 200
2023-07-21 12:10:06 - INFO - Skipped ID: 345458 #COLUMN: fulltext #URL: https://bugzilla.redhat.com/show_bug.cgi?id=2180272 #STATUS_CODE: 200
2023-07-21 12:10:06 - INFO - Skipped ID: 345458 #COLUMN: fulltext #URL: https://bugzilla.redhat.com/show_bug.cgi?id=2160532 #STATUS_CODE: 200
2023-07-21 12:10:06 - INFO - Skipped ID: 345458 #COLUMN: fulltext #URL: https://fedoraproject.org/wiki/Mailing_list_guidelines #STATUS_CODE: 200
2023-07-21 12:10:06 - INFO - Skipped ID: 345458 #COLUMN: fulltext #URL: http://dnf.readthedocs.io/en/latest/command_ref.html#upgrade-command-label #STATUS_CODE: 200
2023-07-21 12:10:10 - INFO - Skipped ID: 345458 #COLUMN: fulltext #URL: https://fedoraproject.org/keys #STATUS_CODE: 200
2023-07-21 12:10:10 - INFO - Skipped ID: 345458 #COLUMN: fulltext #URL: https://pagure.io/fedora-infrastructure/new_issue #STATUS_CODE: 200
2023-07-21 12:10:17 - INFO - Skipped ID: 345458 #COLUMN: fulltext #URL: https://lists.fedoraproject.org/archives/list/package-announce@lists.fedoraproject.org #STATUS_CODE: 200
2023-07-21 12:12:25 - INFO - ******************** Processing ID: 344578 ******************** (1/1 - 100.0%)
2023-07-21 12:14:33 - INFO - Skipped ID: 344578 #COLUMN: fulltext #URL: https://ubuntu.com/security/notices/USN-5882-1 #STATUS_CODE: 200
2023-07-21 12:14:33 - INFO - ID: 344578 #COLUMN: fulltext #URL: https://launchpad.net/ubuntu/+source/dcmtk/3.6.2-3ubuntu0.1~esm1 #STATUS_CODE: 404 - Replaced with #TEXT: (null)
2023-07-21 12:14:33 - INFO - ID: 344578 #COLUMN: fulltext #URL: https://launchpad.net/ubuntu/+source/dcmtk/3.6.6-5ubuntu0.1~esm1 #STATUS_CODE: 404 - Replaced with #TEXT: (null)
2023-07-21 12:14:33 - INFO - ID: 344578 #COLUMN: fulltext #URL: https://launchpad.net/ubuntu/+source/dcmtk/3.6.4-2.1ubuntu0.1~esm1 #STATUS_CODE: 404 - Replaced with #TEXT: (null)
2023-07-21 12:14:33 - INFO - Skipped ID: 344578 #COLUMN: fulltext #URL: https://launchpad.net/ubuntu/+source/dcmtk/3.6.7-6ubuntu0.1 #STATUS_CODE: 200
2023-07-21 12:14:33 - INFO - Processing ID: 344578 completed
2023-07-21 12:24:14 - INFO - ******************** Processing ID: 284528 ******************** (1/1 - 100.0%)
2023-07-21 12:24:15 - INFO - Skipped ID: 284528 #COLUMN: fulltext #URL: https://www.suse.com/security/cve/CVE-2020-1759.html #STATUS_CODE: 200
2023-07-21 12:24:15 - INFO - Skipped ID: 284528 #COLUMN: fulltext #URL: https://www.suse.com/security/cve/CVE-2020-1760.html #STATUS_CODE: 200
2023-07-21 12:24:17 - INFO - Skipped ID: 284528 #COLUMN: fulltext #URL: https://bugzilla.suse.com/1166484 #STATUS_CODE: 200
2023-07-21 12:24:17 - INFO - Skipped ID: 284528 #COLUMN: fulltext #URL: https://bugzilla.suse.com/1166403 #STATUS_CODE: 200
2023-07-21 12:24:17 - INFO - ==================== All records have been processed ====================
2023-07-21 12:25:35 - INFO - ******************** Processing ID: 281528 ******************** (1/1 - 100.0%)
2023-07-21 12:25:36 - INFO - Skipped ID: 281528 #COLUMN: fulltext #URL: https://access.redhat.com/security/cve/CVE-2019-11135 #STATUS_CODE: 200
2023-07-21 12:25:37 - INFO - Skipped ID: 281528 #COLUMN: fulltext #URL: https://access.redhat.com/security/vulnerabilities/ifu-page-mce #STATUS_CODE: 200
2023-07-21 12:25:37 - INFO - Skipped ID: 281528 #COLUMN: fulltext #URL: https://access.redhat.com/security/updates/classification/#important #STATUS_CODE: 200
2023-07-21 12:25:37 - INFO - Skipped ID: 281528 #COLUMN: fulltext #URL: https://access.redhat.com/security/team/key/ #STATUS_CODE: 200
2023-07-21 12:25:37 - INFO - Skipped ID: 281528 #COLUMN: fulltext #URL: https://access.redhat.com/articles/11258 #STATUS_CODE: 200
2023-07-21 12:25:37 - INFO - Skipped ID: 281528 #COLUMN: fulltext #URL: https://access.redhat.com/security/cve/CVE-2018-12207 #STATUS_CODE: 200
2023-07-21 12:25:37 - INFO - Skipped ID: 281528 #COLUMN: fulltext #URL: https://access.redhat.com/errata/RHSA-2019:3843 #STATUS_CODE: 200
2023-07-21 12:25:38 - INFO - Skipped ID: 281528 #COLUMN: fulltext #URL: https://access.redhat.com/security/team/contact/ #STATUS_CODE: 200
2023-07-21 12:25:38 - INFO - Skipped ID: 281528 #COLUMN: fulltext #URL: https://bugzilla.redhat.com/ #STATUS_CODE: 200
2023-07-21 12:25:39 - INFO - Skipped ID: 281528 #COLUMN: fulltext #URL: https://www.redhat.com/mailman/listinfo/rhsa-announce #STATUS_CODE: 200
2023-07-21 12:25:39 - INFO - Skipped ID: 281528 #COLUMN: fulltext #URL: https://access.redhat.com/solutions/tsx-asynchronousabort #STATUS_CODE: 200
2023-07-21 12:25:39 - INFO - ==================== All records have been processed ====================
2023-07-21 12:32:08 - INFO - ******************** Processing ID: 106328 ******************** (1/1 - 100.0%)
2023-07-21 12:32:09 - INFO - Skipped ID: 106328 #COLUMN: fulltext #URL: http://www.redhat.com/docs/manuals/enterprise/ #STATUS_CODE: 200
2023-07-21 12:32:10 - INFO - Skipped ID: 106328 #COLUMN: fulltext #URL: http://www.kb.cert.org/vuls/id/844360 #STATUS_CODE: 200
2023-07-21 12:32:11 - INFO - Skipped ID: 106328 #COLUMN: fulltext #URL: http://cve.mitre.org/cgi-bin/cvename.cgi?name=CAN-2002-0029 #STATUS_CODE: 200
2023-07-21 12:32:13 - INFO - ID: 106328 #COLUMN: fulltext #URL: https://www.redhat.com/security/team/key.html#package #STATUS_CODE: 404 - Replaced with #TEXT: (null)
2023-07-21 12:32:13 - INFO - ID: 106328 #COLUMN: fulltext #URL: https://www.redhat.com/security/team/contact.html #STATUS_CODE: 404 - Replaced with #TEXT: (null)
2023-07-21 12:32:13 - INFO - Skipped ID: 106328 #COLUMN: fulltext #URL: http://bugzilla.redhat.com/ #STATUS_CODE: 200
2023-07-21 12:32:13 - INFO - Processing ID: 106328 completed
2023-07-21 12:32:13 - INFO - ==================== All records have been processed ====================
2023-07-21 12:47:56 - INFO - ******************** Processing ID: 104558 ******************** (1/1 - 100.0%)
2023-07-21 12:49:07 - INFO - Skipped ID: 104558 #COLUMN: fulltext #URL: http://security.debian.org/ #STATUS_CODE: 200
2023-07-21 12:49:08 - INFO - Skipped ID: 104558 #COLUMN: fulltext #URL: http://www.debian.org/security/faq #STATUS_CODE: 200
2023-07-21 12:49:08 - INFO - Skipped ID: 104558 #COLUMN: fulltext #URL: http://www.debian.org/security/ #STATUS_CODE: 200
2023-07-21 12:49:08 - INFO - Skipped ID: 104558 #COLUMN: fulltext #URL: http://packages.debian.org/<pkg> #STATUS_CODE: 200
2023-07-21 12:49:14 - INFO - ID: 104558 #COLUMN: fulltext #FTP_URLS: ['ftp://security.debian.org/debian-security'] will be checking
2023-07-21 12:50:34 - ERROR - #ID: 104558 #FTP_URL ftp://security.debian.org/debian-security #Error: [Errno 101] Network is unreachable
2023-07-21 12:50:34 - INFO - ID: 104558 #COLUMN: fulltext #FTP_URL: ftp://security.debian.org/debian-security - Replaced with #TEXT: (null)
2023-07-21 12:51:11 - INFO - ID: 104558 #COLUMN: fulltext #URL: http://security.debian.org/pool/updates/main/k/kdemultimedia/kdemultimedia_2.2.2-8.2.dsc #STATUS_CODE: 404 - Replaced with #TEXT: (null)
2023-07-21 12:51:11 - INFO - ID: 104558 #COLUMN: fulltext #URL: http://security.debian.org/pool/updates/main/k/kdemultimedia/kdemultimedia_2.2.2-8.2.diff.gz #STATUS_CODE: 404 - Replaced with #TEXT: (null)
2023-07-21 12:51:11 - INFO - ID: 104558 #COLUMN: fulltext #URL: http://security.debian.org/pool/updates/main/k/kdemultimedia/artsbuilder_2.2.2-8.2_alpha.deb #STATUS_CODE: 404 - Replaced with #TEXT: (null)
2023-07-21 12:51:11 - INFO - ID: 104558 #COLUMN: fulltext #URL: http://security.debian.org/pool/updates/main/k/kdemultimedia/kdemultimedia-dev_2.2.2-8.2_alpha.deb #STATUS_CODE: 404 - Replaced with #TEXT: (null)
2023-07-21 12:51:11 - INFO - ID: 104558 #COLUMN: fulltext #URL: http://security.debian.org/pool/updates/main/k/kdemultimedia/kdemultimedia_2.2.2.orig.tar.gz #STATUS_CODE: 404 - Replaced with #TEXT: (null)
2023-07-21 12:51:11 - INFO - ID: 104558 #COLUMN: fulltext #URL: http://security.debian.org/pool/updates/main/k/kdemultimedia/kmidi_2.2.2-8.2_alpha.deb #STATUS_CODE: 404 - Replaced with #TEXT: (null)
2023-07-21 12:51:11 - INFO - ID: 104558 #COLUMN: fulltext #URL: http://security.debian.org/pool/updates/main/k/kdemultimedia/kmix_2.2.2-8.2_alpha.deb #STATUS_CODE: 404 - Replaced with #TEXT: (null)
2023-07-21 12:51:11 - INFO - ID: 104558 #COLUMN: fulltext #URL: http://security.debian.org/pool/updates/main/k/kdemultimedia/kmid_2.2.2-8.2_alpha.deb #STATUS_CODE: 404 - Replaced with #TEXT: (null)
2023-07-21 12:51:11 - INFO - ID: 104558 #COLUMN: fulltext #URL: http://security.debian.org/pool/updates/main/k/kdemultimedia/libarts-mpeglib_2.2.2-8.2_alpha.deb #STATUS_CODE: 404 - Replaced with #TEXT: (null)
2023-07-21 12:51:11 - INFO - ID: 104558 #COLUMN: fulltext #URL: http://security.debian.org/pool/updates/main/k/kdemultimedia/kscd_2.2.2-8.2_alpha.deb #STATUS_CODE: 404 - Replaced with #TEXT: (null)
2023-07-21 12:51:11 - INFO - ID: 104558 #COLUMN: fulltext #URL: http://security.debian.org/pool/updates/main/k/kdemultimedia/noatun_2.2.2-8.2_alpha.deb #STATUS_CODE: 404 - Replaced with #TEXT: (null)
2023-07-21 12:51:11 - INFO - ID: 104558 #COLUMN: fulltext #URL: http://security.debian.org/pool/updates/main/k/kdemultimedia/mpeglib_2.2.2-8.2_alpha.deb #STATUS_CODE: 404 - Replaced with #TEXT: (null)
2023-07-21 12:51:11 - INFO - ID: 104558 #COLUMN: fulltext #URL: http://security.debian.org/pool/updates/main/k/kdemultimedia/artsbuilder_2.2.2-8.2_arm.deb #STATUS_CODE: 404 - Replaced with #TEXT: (null)
2023-07-21 12:51:11 - INFO - ID: 104558 #COLUMN: fulltext #URL: http://security.debian.org/pool/updates/main/k/kdemultimedia/kmid_2.2.2-8.2_arm.deb #STATUS_CODE: 404 - Replaced with #TEXT: (null)
2023-07-21 12:51:11 - INFO - ID: 104558 #COLUMN: fulltext #URL: http://security.debian.org/pool/updates/main/k/kdemultimedia/kdemultimedia-dev_2.2.2-8.2_arm.deb #STATUS_CODE: 404 - Replaced with #TEXT: (null)
2023-07-21 12:51:11 - INFO - ID: 104558 #COLUMN: fulltext #URL: http://security.debian.org/pool/updates/main/k/kdemultimedia/kmidi_2.2.2-8.2_arm.deb #STATUS_CODE: 404 - Replaced with #TEXT: (null)
2023-07-21 12:51:11 - INFO - ID: 104558 #COLUMN: fulltext #URL: http://security.debian.org/pool/updates/main/k/kdemultimedia/kmix_2.2.2-8.2_arm.deb #STATUS_CODE: 404 - Replaced with #TEXT: (null)
2023-07-21 12:51:11 - INFO - ID: 104558 #COLUMN: fulltext #URL: http://security.debian.org/pool/updates/main/k/kdemultimedia/kscd_2.2.2-8.2_arm.deb #STATUS_CODE: 404 - Replaced with #TEXT: (null)
2023-07-21 12:51:11 - INFO - ID: 104558 #COLUMN: fulltext #URL: http://security.debian.org/pool/updates/main/k/kdemultimedia/libarts-mpeglib_2.2.2-8.2_arm.deb #STATUS_CODE: 404 - Replaced with #TEXT: (null)
2023-07-21 12:51:11 - INFO - ID: 104558 #COLUMN: fulltext #URL: http://security.debian.org/pool/updates/main/k/kdemultimedia/noatun_2.2.2-8.2_arm.deb #STATUS_CODE: 404 - Replaced with #TEXT: (null)
2023-07-21 12:51:11 - INFO - ID: 104558 #COLUMN: fulltext #URL: http://security.debian.org/pool/updates/main/k/kdemultimedia/mpeglib_2.2.2-8.2_arm.deb #STATUS_CODE: 404 - Replaced with #TEXT: (null)
2023-07-21 12:51:11 - INFO - ID: 104558 #COLUMN: fulltext #URL: http://security.debian.org/pool/updates/main/k/kdemultimedia/artsbuilder_2.2.2-8.2_i386.deb #STATUS_CODE: 404 - Replaced with #TEXT: (null)
2023-07-21 12:51:11 - INFO - ID: 104558 #COLUMN: fulltext #URL: http://security.debian.org/pool/updates/main/k/kdemultimedia/kmid_2.2.2-8.2_i386.deb #STATUS_CODE: 404 - Replaced with #TEXT: (null)
2023-07-21 12:51:11 - INFO - ID: 104558 #COLUMN: fulltext #URL: http://security.debian.org/pool/updates/main/k/kdemultimedia/kmix_2.2.2-8.2_i386.deb #STATUS_CODE: 404 - Replaced with #TEXT: (null)
2023-07-21 12:51:11 - INFO - ID: 104558 #COLUMN: fulltext #URL: http://security.debian.org/pool/updates/main/k/kdemultimedia/kdemultimedia-dev_2.2.2-8.2_i386.deb #STATUS_CODE: 404 - Replaced with #TEXT: (null)
2023-07-21 12:51:12 - INFO - ID: 104558 #COLUMN: fulltext #URL: http://security.debian.org/pool/updates/main/k/kdemultimedia/kscd_2.2.2-8.2_i386.deb #STATUS_CODE: 404 - Replaced with #TEXT: (null)
2023-07-21 12:51:12 - INFO - ID: 104558 #COLUMN: fulltext #URL: http://security.debian.org/pool/updates/main/k/kdemultimedia/kmidi_2.2.2-8.2_i386.deb #STATUS_CODE: 404 - Replaced with #TEXT: (null)
2023-07-21 12:51:12 - INFO - ID: 104558 #COLUMN: fulltext #URL: http://security.debian.org/pool/updates/main/k/kdemultimedia/mpeglib_2.2.2-8.2_i386.deb #STATUS_CODE: 404 - Replaced with #TEXT: (null)
2023-07-21 12:51:12 - INFO - ID: 104558 #COLUMN: fulltext #URL: http://security.debian.org/pool/updates/main/k/kdemultimedia/noatun_2.2.2-8.2_i386.deb #STATUS_CODE: 404 - Replaced with #TEXT: (null)
2023-07-21 12:51:12 - INFO - ID: 104558 #COLUMN: fulltext #URL: http://security.debian.org/pool/updates/main/k/kdemultimedia/artsbuilder_2.2.2-8.2_ia64.deb #STATUS_CODE: 404 - Replaced with #TEXT: (null)
2023-07-21 12:51:12 - INFO - ID: 104558 #COLUMN: fulltext #URL: http://security.debian.org/pool/updates/main/k/kdemultimedia/kdemultimedia-dev_2.2.2-8.2_ia64.deb #STATUS_CODE: 404 - Replaced with #TEXT: (null)
2023-07-21 12:51:12 - INFO - ID: 104558 #COLUMN: fulltext #URL: http://security.debian.org/pool/updates/main/k/kdemultimedia/libarts-mpeglib_2.2.2-8.2_i386.deb #STATUS_CODE: 404 - Replaced with #TEXT: (null)
2023-07-21 12:51:12 - INFO - ID: 104558 #COLUMN: fulltext #URL: http://security.debian.org/pool/updates/main/k/kdemultimedia/kmid_2.2.2-8.2_ia64.deb #STATUS_CODE: 404 - Replaced with #TEXT: (null)
2023-07-21 12:51:12 - INFO - ID: 104558 #COLUMN: fulltext #URL: http://security.debian.org/pool/updates/main/k/kdemultimedia/kmidi_2.2.2-8.2_ia64.deb #STATUS_CODE: 404 - Replaced with #TEXT: (null)
2023-07-21 12:51:12 - INFO - ID: 104558 #COLUMN: fulltext #URL: http://security.debian.org/pool/updates/main/k/kdemultimedia/kmix_2.2.2-8.2_ia64.deb #STATUS_CODE: 404 - Replaced with #TEXT: (null)
2023-07-21 12:51:12 - INFO - ID: 104558 #COLUMN: fulltext #URL: http://security.debian.org/pool/updates/main/k/kdemultimedia/kscd_2.2.2-8.2_ia64.deb #STATUS_CODE: 404 - Replaced with #TEXT: (null)
2023-07-21 12:51:12 - INFO - ID: 104558 #COLUMN: fulltext #URL: http://security.debian.org/pool/updates/main/k/kdemultimedia/libarts-mpeglib_2.2.2-8.2_ia64.deb #STATUS_CODE: 404 - Replaced with #TEXT: (null)
2023-07-21 12:51:12 - INFO - ID: 104558 #COLUMN: fulltext #URL: http://security.debian.org/pool/updates/main/k/kdemultimedia/mpeglib_2.2.2-8.2_ia64.deb #STATUS_CODE: 404 - Replaced with #TEXT: (null)
2023-07-21 12:51:12 - INFO - ID: 104558 #COLUMN: fulltext #URL: http://security.debian.org/pool/updates/main/k/kdemultimedia/noatun_2.2.2-8.2_ia64.deb #STATUS_CODE: 404 - Replaced with #TEXT: (null)
2023-07-21 12:51:12 - INFO - ID: 104558 #COLUMN: fulltext #URL: http://security.debian.org/pool/updates/main/k/kdemultimedia/kdemultimedia-dev_2.2.2-8.2_hppa.deb #STATUS_CODE: 404 - Replaced with #TEXT: (null)
2023-07-21 12:51:12 - INFO - ID: 104558 #COLUMN: fulltext #URL: http://security.debian.org/pool/updates/main/k/kdemultimedia/artsbuilder_2.2.2-8.2_hppa.deb #STATUS_CODE: 404 - Replaced with #TEXT: (null)
2023-07-21 12:51:12 - INFO - ID: 104558 #COLUMN: fulltext #URL: http://security.debian.org/pool/updates/main/k/kdemultimedia/kmid_2.2.2-8.2_hppa.deb #STATUS_CODE: 404 - Replaced with #TEXT: (null)
2023-07-21 12:51:12 - INFO - ID: 104558 #COLUMN: fulltext #URL: http://security.debian.org/pool/updates/main/k/kdemultimedia/kmidi_2.2.2-8.2_hppa.deb #STATUS_CODE: 404 - Replaced with #TEXT: (null)
2023-07-21 12:51:12 - INFO - ID: 104558 #COLUMN: fulltext #URL: http://security.debian.org/pool/updates/main/k/kdemultimedia/kmix_2.2.2-8.2_hppa.deb #STATUS_CODE: 404 - Replaced with #TEXT: (null)
2023-07-21 12:51:12 - INFO - ID: 104558 #COLUMN: fulltext #URL: http://security.debian.org/pool/updates/main/k/kdemultimedia/kscd_2.2.2-8.2_hppa.deb #STATUS_CODE: 404 - Replaced with #TEXT: (null)
2023-07-21 12:51:12 - INFO - ID: 104558 #COLUMN: fulltext #URL: http://security.debian.org/pool/updates/main/k/kdemultimedia/libarts-mpeglib_2.2.2-8.2_hppa.deb #STATUS_CODE: 404 - Replaced with #TEXT: (null)
2023-07-21 12:51:12 - INFO - ID: 104558 #COLUMN: fulltext #URL: http://security.debian.org/pool/updates/main/k/kdemultimedia/mpeglib_2.2.2-8.2_hppa.deb #STATUS_CODE: 404 - Replaced with #TEXT: (null)
2023-07-21 12:51:12 - INFO - ID: 104558 #COLUMN: fulltext #URL: http://security.debian.org/pool/updates/main/k/kdemultimedia/noatun_2.2.2-8.2_hppa.deb #STATUS_CODE: 404 - Replaced with #TEXT: (null)
2023-07-21 12:51:12 - INFO - ID: 104558 #COLUMN: fulltext #URL: http://security.debian.org/pool/updates/main/k/kdemultimedia/artsbuilder_2.2.2-8.2_m68k.deb #STATUS_CODE: 404 - Replaced with #TEXT: (null)
2023-07-21 12:51:12 - INFO - ID: 104558 #COLUMN: fulltext #URL: http://security.debian.org/pool/updates/main/k/kdemultimedia/kdemultimedia-dev_2.2.2-8.2_m68k.deb #STATUS_CODE: 404 - Replaced with #TEXT: (null)
2023-07-21 12:51:12 - INFO - ID: 104558 #COLUMN: fulltext #URL: http://security.debian.org/pool/updates/main/k/kdemultimedia/kmid_2.2.2-8.2_m68k.deb #STATUS_CODE: 404 - Replaced with #TEXT: (null)
2023-07-21 12:51:12 - INFO - ID: 104558 #COLUMN: fulltext #URL: http://security.debian.org/pool/updates/main/k/kdemultimedia/kscd_2.2.2-8.2_m68k.deb #STATUS_CODE: 404 - Replaced with #TEXT: (null)
2023-07-21 12:51:12 - INFO - ID: 104558 #COLUMN: fulltext #URL: http://security.debian.org/pool/updates/main/k/kdemultimedia/kmidi_2.2.2-8.2_m68k.deb #STATUS_CODE: 404 - Replaced with #TEXT: (null)
2023-07-21 12:51:12 - INFO - ID: 104558 #COLUMN: fulltext #URL: http://security.debian.org/pool/updates/main/k/kdemultimedia/libarts-mpeglib_2.2.2-8.2_m68k.deb #STATUS_CODE: 404 - Replaced with #TEXT: (null)
2023-07-21 12:51:12 - INFO - ID: 104558 #COLUMN: fulltext #URL: http://security.debian.org/pool/updates/main/k/kdemultimedia/mpeglib_2.2.2-8.2_m68k.deb #STATUS_CODE: 404 - Replaced with #TEXT: (null)
2023-07-21 12:51:12 - INFO - ID: 104558 #COLUMN: fulltext #URL: http://security.debian.org/pool/updates/main/k/kdemultimedia/kmix_2.2.2-8.2_m68k.deb #STATUS_CODE: 404 - Replaced with #TEXT: (null)
2023-07-21 12:51:12 - INFO - ID: 104558 #COLUMN: fulltext #URL: http://security.debian.org/pool/updates/main/k/kdemultimedia/noatun_2.2.2-8.2_m68k.deb #STATUS_CODE: 404 - Replaced with #TEXT: (null)
2023-07-21 12:51:13 - INFO - ID: 104558 #COLUMN: fulltext #URL: http://security.debian.org/pool/updates/main/k/kdemultimedia/artsbuilder_2.2.2-8.2_powerpc.deb #STATUS_CODE: 404 - Replaced with #TEXT: (null)
2023-07-21 12:51:13 - INFO - ID: 104558 #COLUMN: fulltext #URL: http://security.debian.org/pool/updates/main/k/kdemultimedia/kdemultimedia-dev_2.2.2-8.2_powerpc.deb #STATUS_CODE: 404 - Replaced with #TEXT: (null)
2023-07-21 12:51:13 - INFO - ID: 104558 #COLUMN: fulltext #URL: http://security.debian.org/pool/updates/main/k/kdemultimedia/kmidi_2.2.2-8.2_powerpc.deb #STATUS_CODE: 404 - Replaced with #TEXT: (null)
2023-07-21 12:51:13 - INFO - ID: 104558 #COLUMN: fulltext #URL: http://security.debian.org/pool/updates/main/k/kdemultimedia/kmid_2.2.2-8.2_powerpc.deb #STATUS_CODE: 404 - Replaced with #TEXT: (null)
2023-07-21 12:51:13 - INFO - ID: 104558 #COLUMN: fulltext #URL: http://security.debian.org/pool/updates/main/k/kdemultimedia/kscd_2.2.2-8.2_powerpc.deb #STATUS_CODE: 404 - Replaced with #TEXT: (null)
2023-07-21 12:51:13 - INFO - ID: 104558 #COLUMN: fulltext #URL: http://security.debian.org/pool/updates/main/k/kdemultimedia/mpeglib_2.2.2-8.2_powerpc.deb #STATUS_CODE: 404 - Replaced with #TEXT: (null)
2023-07-21 12:51:13 - INFO - ID: 104558 #COLUMN: fulltext #URL: http://security.debian.org/pool/updates/main/k/kdemultimedia/libarts-mpeglib_2.2.2-8.2_powerpc.deb #STATUS_CODE: 404 - Replaced with #TEXT: (null)
2023-07-21 12:51:13 - INFO - ID: 104558 #COLUMN: fulltext #URL: http://security.debian.org/pool/updates/main/k/kdemultimedia/kmix_2.2.2-8.2_powerpc.deb #STATUS_CODE: 404 - Replaced with #TEXT: (null)
2023-07-21 12:51:13 - INFO - ID: 104558 #COLUMN: fulltext #URL: http://security.debian.org/pool/updates/main/k/kdemultimedia/noatun_2.2.2-8.2_powerpc.deb #STATUS_CODE: 404 - Replaced with #TEXT: (null)
2023-07-21 12:51:13 - INFO - ID: 104558 #COLUMN: fulltext #URL: http://security.debian.org/pool/updates/main/k/kdemultimedia/artsbuilder_2.2.2-8.2_s390.deb #STATUS_CODE: 404 - Replaced with #TEXT: (null)
2023-07-21 12:51:13 - INFO - ID: 104558 #COLUMN: fulltext #URL: http://security.debian.org/pool/updates/main/k/kdemultimedia/kmid_2.2.2-8.2_s390.deb #STATUS_CODE: 404 - Replaced with #TEXT: (null)
2023-07-21 12:51:13 - INFO - ID: 104558 #COLUMN: fulltext #URL: http://security.debian.org/pool/updates/main/k/kdemultimedia/kmidi_2.2.2-8.2_s390.deb #STATUS_CODE: 404 - Replaced with #TEXT: (null)
2023-07-21 12:51:13 - INFO - ID: 104558 #COLUMN: fulltext #URL: http://security.debian.org/pool/updates/main/k/kdemultimedia/kscd_2.2.2-8.2_s390.deb #STATUS_CODE: 404 - Replaced with #TEXT: (null)
2023-07-21 12:51:13 - INFO - ID: 104558 #COLUMN: fulltext #URL: http://security.debian.org/pool/updates/main/k/kdemultimedia/libarts-mpeglib_2.2.2-8.2_s390.deb #STATUS_CODE: 404 - Replaced with #TEXT: (null)
2023-07-21 12:51:13 - INFO - ID: 104558 #COLUMN: fulltext #URL: http://security.debian.org/pool/updates/main/k/kdemultimedia/kmix_2.2.2-8.2_s390.deb #STATUS_CODE: 404 - Replaced with #TEXT: (null)
2023-07-21 12:51:13 - INFO - ID: 104558 #COLUMN: fulltext #URL: http://security.debian.org/pool/updates/main/k/kdemultimedia/mpeglib_2.2.2-8.2_s390.deb #STATUS_CODE: 404 - Replaced with #TEXT: (null)
2023-07-21 12:51:13 - INFO - ID: 104558 #COLUMN: fulltext #URL: http://security.debian.org/pool/updates/main/k/kdemultimedia/noatun_2.2.2-8.2_s390.deb #STATUS_CODE: 404 - Replaced with #TEXT: (null)
2023-07-21 12:51:13 - INFO - ID: 104558 #COLUMN: fulltext #URL: http://security.debian.org/pool/updates/main/k/kdemultimedia/kdemultimedia-dev_2.2.2-8.2_s390.deb #STATUS_CODE: 404 - Replaced with #TEXT: (null)
2023-07-21 12:51:13 - INFO - ID: 104558 #COLUMN: fulltext #URL: http://security.debian.org/pool/updates/main/k/kdemultimedia/artsbuilder_2.2.2-8.2_sparc.deb #STATUS_CODE: 404 - Replaced with #TEXT: (null)
2023-07-21 12:51:13 - INFO - ID: 104558 #COLUMN: fulltext #URL: http://security.debian.org/pool/updates/main/k/kdemultimedia/kdemultimedia-dev_2.2.2-8.2_sparc.deb #STATUS_CODE: 404 - Replaced with #TEXT: (null)
2023-07-21 12:51:13 - INFO - ID: 104558 #COLUMN: fulltext #URL: http://security.debian.org/pool/updates/main/k/kdemultimedia/kmid_2.2.2-8.2_sparc.deb #STATUS_CODE: 404 - Replaced with #TEXT: (null)
2023-07-21 12:51:13 - INFO - ID: 104558 #COLUMN: fulltext #URL: http://security.debian.org/pool/updates/main/k/kdemultimedia/kmix_2.2.2-8.2_sparc.deb #STATUS_CODE: 404 - Replaced with #TEXT: (null)
2023-07-21 12:51:13 - INFO - ID: 104558 #COLUMN: fulltext #URL: http://security.debian.org/pool/updates/main/k/kdemultimedia/kscd_2.2.2-8.2_sparc.deb #STATUS_CODE: 404 - Replaced with #TEXT: (null)
2023-07-21 12:51:13 - INFO - ID: 104558 #COLUMN: fulltext #URL: http://security.debian.org/pool/updates/main/k/kdemultimedia/libarts-mpeglib_2.2.2-8.2_sparc.deb #STATUS_CODE: 404 - Replaced with #TEXT: (null)
2023-07-21 12:51:13 - INFO - ID: 104558 #COLUMN: fulltext #URL: http://security.debian.org/pool/updates/main/k/kdemultimedia/kmidi_2.2.2-8.2_sparc.deb #STATUS_CODE: 404 - Replaced with #TEXT: (null)
2023-07-21 12:51:13 - INFO - ID: 104558 #COLUMN: fulltext #URL: http://security.debian.org/pool/updates/main/k/kdemultimedia/mpeglib_2.2.2-8.2_sparc.deb #STATUS_CODE: 404 - Replaced with #TEXT: (null)
2023-07-21 12:51:13 - INFO - ID: 104558 #COLUMN: fulltext #URL: http://security.debian.org/pool/updates/main/k/kdemultimedia/noatun_2.2.2-8.2_sparc.deb #STATUS_CODE: 404 - Replaced with #TEXT: (null)
2023-07-21 12:51:17 - INFO - Skipped ID: 104558 #COLUMN: fulltext #URL: http://packages.debian.org/ #STATUS_CODE: 200
2023-07-21 12:51:17 - INFO - Processing ID: 104558 completed
2023-07-21 13:09:13 - INFO - ******************** Processing ID: 215558 ******************** (1/1 - 100.0%)
2023-07-21 13:09:14 - INFO - ID: 215558 #COLUMN: fulltext #URL: https://docs.fedoraproject.org/yum/ #STATUS_CODE: 404 - Replaced with #TEXT: (null)
2023-07-21 13:09:16 - INFO - Skipped ID: 215558 #COLUMN: fulltext #URL: https://bugzilla.redhat.com/show_bug.cgi?id=1381869 #STATUS_CODE: 200
2023-07-21 13:09:16 - INFO - Skipped ID: 215558 #COLUMN: fulltext #URL: https://bugzilla.redhat.com/show_bug.cgi?id=1381868 #STATUS_CODE: 200
2023-07-21 13:09:17 - INFO - Skipped ID: 215558 #COLUMN: fulltext #URL: http://www.x.org #STATUS_CODE: 200
2023-07-21 13:09:18 - INFO - Skipped ID: 215558 #COLUMN: fulltext #URL: https://fedoraproject.org/keys #STATUS_CODE: 200
2023-07-21 13:09:18 - INFO - Processing ID: 215558 completed
2023-07-21 13:09:18 - INFO - ==================== All records have been processed ====================
2023-07-24 23:59:32 - INFO - ******************** Processing ID: 215768 ******************** (1/1 - 100.0%)
2023-07-24 23:59:44 - INFO - ID: 215768 #COLUMN: introtext #URL: https://lists.gnupg.org/pipermail/gnutls- #STATUS_CODE: 404 - Replaced with #TEXT: (null)
2023-07-24 23:59:46 - INFO - Skipped ID: 215768 #COLUMN: introtext #URL: https://lists.gnu.org/archive/html/info-gnu/2016-10/msg00003.html #STATUS_CODE: 200
2023-07-25 00:01:00 - INFO - ******************** Processing ID: 215768 ******************** (1/1 - 100.0%)
2023-07-25 00:01:28 - INFO - ID: 215768 #COLUMN: introtext #URL: https://lists.gnupg.org/pipermail/gnutls- #STATUS_CODE: 404 - Replaced with #TEXT: (null)
2023-07-25 00:01:28 - INFO - Skipped ID: 215768 #COLUMN: introtext #URL: https://lists.gnu.org/archive/html/info-gnu/2016-10/msg00003.html #STATUS_CODE: 200
