2023-07-12 00:46:52 - INFO - ******************** Processing ID: 348154 ******************** (1/93021 - 0.0%)
2023-07-12 00:46:52 - INFO - Skipped ID: 348154 - Not found any URLs in both introtext, fulltext fields
2023-07-12 00:46:52 - INFO - ******************** Processing ID: 348153 ******************** (2/93021 - 0.0%)
2023-07-12 00:46:53 - INFO - Skipped ID: 348153 #COLUMN: fulltext #URL: https://linuxsecurity.com/features/live-updates-linux-security-advisories #STATUS_CODE: 200
2023-07-12 00:46:53 - INFO - Skipped ID: 348153 #COLUMN: fulltext #URL: https://linuxsecurity.com/advisories #STATUS_CODE: 200
2023-07-12 00:46:54 - INFO - Skipped ID: 348153 #COLUMN: fulltext #URL: https://linuxsecurity.com/register #STATUS_CODE: 200
2023-07-12 00:46:54 - INFO - ******************** Processing ID: 348152 ******************** (3/93021 - 0.0%)
2023-07-12 00:46:55 - INFO - Skipped ID: 348152 #COLUMN: fulltext #URL: https://linuxsecurity.com/features/live-updates-linux-security-advisories #STATUS_CODE: 200
2023-07-12 00:46:55 - INFO - Skipped ID: 348152 #COLUMN: fulltext #URL: https://linuxsecurity.com/advisories #STATUS_CODE: 200
2023-07-12 00:46:56 - INFO - Skipped ID: 348152 #COLUMN: fulltext #URL: https://linuxsecurity.com/register #STATUS_CODE: 200
2023-07-12 00:46:56 - INFO - ******************** Processing ID: 348151 ******************** (4/93021 - 0.0%)
2023-07-12 00:46:57 - INFO - Skipped ID: 348151 #COLUMN: fulltext #URL: https://linuxsecurity.com/features/live-updates-linux-security-advisories #STATUS_CODE: 200
2023-07-12 00:46:57 - INFO - Skipped ID: 348151 #COLUMN: fulltext #URL: https://linuxsecurity.com/advisories #STATUS_CODE: 200
2023-07-12 00:46:58 - INFO - Skipped ID: 348151 #COLUMN: fulltext #URL: https://linuxsecurity.com/register #STATUS_CODE: 200
2023-07-12 00:46:58 - INFO - ******************** Processing ID: 348150 ******************** (5/93021 - 0.0%)
2023-07-12 00:46:58 - INFO - Skipped ID: 348150 - Not found any URLs in both introtext, fulltext fields
2023-07-12 00:46:58 - INFO - ******************** Processing ID: 348149 ******************** (6/93021 - 0.0%)
2023-07-12 00:46:58 - INFO - Skipped ID: 348149 - Not found any URLs in both introtext, fulltext fields
2023-07-12 00:46:58 - INFO - ******************** Processing ID: 348148 ******************** (7/93021 - 0.0%)
2023-07-12 00:46:58 - INFO - Skipped ID: 348148 - Not found any URLs in both introtext, fulltext fields
2023-07-12 00:46:58 - INFO - ******************** Processing ID: 348147 ******************** (8/93021 - 0.0%)
2023-07-12 00:46:58 - INFO - Skipped ID: 348147 - Not found any URLs in both introtext, fulltext fields
2023-07-12 00:46:58 - INFO - ******************** Processing ID: 348146 ******************** (9/93021 - 0.0%)
2023-07-12 00:46:58 - INFO - Skipped ID: 348146 - Not found any URLs in both introtext, fulltext fields
2023-07-12 00:46:58 - INFO - ******************** Processing ID: 348145 ******************** (10/93021 - 0.0%)
2023-07-12 00:46:58 - INFO - Skipped ID: 348145 - Not found any URLs in both introtext, fulltext fields
2023-07-12 00:47:03 - INFO - ******************** Processing ID: 348144 ******************** (11/93021 - 0.0%)
2023-07-12 00:47:03 - INFO - Skipped ID: 348144 - Not found any URLs in both introtext, fulltext fields
2023-07-12 00:47:03 - INFO - ******************** Processing ID: 348143 ******************** (12/93021 - 0.0%)
2023-07-12 00:47:03 - INFO - Skipped ID: 348143 - Not found any URLs in both introtext, fulltext fields
2023-07-12 00:47:03 - INFO - ******************** Processing ID: 348142 ******************** (13/93021 - 0.0%)
2023-07-12 00:47:03 - INFO - Skipped ID: 348142 - Not found any URLs in both introtext, fulltext fields
2023-07-12 00:47:03 - INFO - ******************** Processing ID: 348141 ******************** (14/93021 - 0.0%)
2023-07-12 00:47:03 - INFO - Skipped ID: 348141 - Not found any URLs in both introtext, fulltext fields
2023-07-12 00:47:03 - INFO - ******************** Processing ID: 348140 ******************** (15/93021 - 0.0%)
2023-07-12 00:47:03 - INFO - Skipped ID: 348140 - Not found any URLs in both introtext, fulltext fields
2023-07-12 00:47:03 - INFO - ******************** Processing ID: 348139 ******************** (16/93021 - 0.0%)
2023-07-12 00:47:03 - INFO - Skipped ID: 348139 - Not found any URLs in both introtext, fulltext fields
2023-07-12 00:47:03 - INFO - ******************** Processing ID: 348138 ******************** (17/93021 - 0.0%)
2023-07-12 00:47:03 - INFO - Skipped ID: 348138 - Not found any URLs in both introtext, fulltext fields
2023-07-12 00:47:03 - INFO - ******************** Processing ID: 348137 ******************** (18/93021 - 0.0%)
2023-07-12 00:47:03 - INFO - Skipped ID: 348137 - Not found any URLs in both introtext, fulltext fields
2023-07-12 00:47:03 - INFO - ******************** Processing ID: 348136 ******************** (19/93021 - 0.0%)
2023-07-12 00:47:03 - INFO - Skipped ID: 348136 - Not found any URLs in both introtext, fulltext fields
2023-07-12 00:47:03 - INFO - ******************** Processing ID: 348135 ******************** (20/93021 - 0.0%)
2023-07-12 00:47:03 - INFO - Skipped ID: 348135 - Not found any URLs in both introtext, fulltext fields
2023-07-12 00:47:08 - INFO - ******************** Processing ID: 348134 ******************** (21/93021 - 0.0%)
2023-07-12 00:47:08 - INFO - Skipped ID: 348134 - Not found any URLs in both introtext, fulltext fields
2023-07-12 00:47:08 - INFO - ******************** Processing ID: 348133 ******************** (22/93021 - 0.0%)
2023-07-12 00:47:08 - INFO - Skipped ID: 348133 - Not found any URLs in both introtext, fulltext fields
2023-07-12 00:47:08 - INFO - ******************** Processing ID: 348132 ******************** (23/93021 - 0.0%)
2023-07-12 00:47:08 - INFO - Skipped ID: 348132 - Not found any URLs in both introtext, fulltext fields
2023-07-12 00:47:08 - INFO - ******************** Processing ID: 348131 ******************** (24/93021 - 0.0%)
2023-07-12 00:47:08 - INFO - Skipped ID: 348131 - Not found any URLs in both introtext, fulltext fields
2023-07-12 00:47:08 - INFO - ******************** Processing ID: 348130 ******************** (25/93021 - 0.0%)
2023-07-12 00:47:08 - INFO - Skipped ID: 348130 - Not found any URLs in both introtext, fulltext fields
2023-07-12 00:47:08 - INFO - ******************** Processing ID: 348129 ******************** (26/93021 - 0.0%)
2023-07-12 00:47:08 - INFO - Skipped ID: 348129 - Not found any URLs in both introtext, fulltext fields
2023-07-12 00:47:08 - INFO - ******************** Processing ID: 348128 ******************** (27/93021 - 0.0%)
2023-07-12 00:47:08 - INFO - Skipped ID: 348128 - Not found any URLs in both introtext, fulltext fields
2023-07-12 00:47:08 - INFO - ******************** Processing ID: 348127 ******************** (28/93021 - 0.0%)
2023-07-12 00:47:08 - INFO - Skipped ID: 348127 - Not found any URLs in both introtext, fulltext fields
2023-07-12 00:47:08 - INFO - ******************** Processing ID: 348126 ******************** (29/93021 - 0.0%)
2023-07-12 00:47:08 - INFO - Skipped ID: 348126 - Not found any URLs in both introtext, fulltext fields
2023-07-12 00:47:08 - INFO - ******************** Processing ID: 348125 ******************** (30/93021 - 0.0%)
2023-07-12 00:47:08 - INFO - Skipped ID: 348125 - Not found any URLs in both introtext, fulltext fields
2023-07-12 00:47:13 - INFO - ******************** Processing ID: 348124 ******************** (31/93021 - 0.0%)
2023-07-12 00:47:13 - INFO - Skipped ID: 348124 - Not found any URLs in both introtext, fulltext fields
2023-07-12 00:47:13 - INFO - ******************** Processing ID: 348123 ******************** (32/93021 - 0.0%)
2023-07-12 00:47:13 - INFO - Skipped ID: 348123 - Not found any URLs in both introtext, fulltext fields
2023-07-12 00:47:13 - INFO - ******************** Processing ID: 348122 ******************** (33/93021 - 0.0%)
2023-07-12 00:47:13 - INFO - Skipped ID: 348122 - Not found any URLs in both introtext, fulltext fields
2023-07-12 00:47:13 - INFO - ******************** Processing ID: 348121 ******************** (34/93021 - 0.0%)
2023-07-12 00:47:13 - INFO - Skipped ID: 348121 - Not found any URLs in both introtext, fulltext fields
2023-07-12 00:47:13 - INFO - ******************** Processing ID: 348120 ******************** (35/93021 - 0.0%)
2023-07-12 00:47:13 - INFO - Skipped ID: 348120 - Not found any URLs in both introtext, fulltext fields
2023-07-12 00:47:13 - INFO - ******************** Processing ID: 348119 ******************** (36/93021 - 0.0%)
2023-07-12 00:47:13 - INFO - Skipped ID: 348119 - Not found any URLs in both introtext, fulltext fields
2023-07-12 00:47:13 - INFO - ******************** Processing ID: 348118 ******************** (37/93021 - 0.0%)
2023-07-12 00:47:13 - INFO - Skipped ID: 348118 - Not found any URLs in both introtext, fulltext fields
2023-07-12 00:47:13 - INFO - ******************** Processing ID: 348117 ******************** (38/93021 - 0.0%)
2023-07-12 00:47:13 - INFO - Skipped ID: 348117 - Not found any URLs in both introtext, fulltext fields
2023-07-12 00:47:13 - INFO - ******************** Processing ID: 348116 ******************** (39/93021 - 0.0%)
2023-07-12 00:47:13 - INFO - Skipped ID: 348116 - Not found any URLs in both introtext, fulltext fields
2023-07-12 00:47:13 - INFO - ******************** Processing ID: 348115 ******************** (40/93021 - 0.0%)
2023-07-12 00:47:13 - INFO - Skipped ID: 348115 - Not found any URLs in both introtext, fulltext fields
2023-07-12 00:47:18 - INFO - ******************** Processing ID: 348114 ******************** (41/93021 - 0.0%)
2023-07-12 00:47:18 - INFO - Skipped ID: 348114 - Not found any URLs in both introtext, fulltext fields
2023-07-12 00:47:18 - INFO - ******************** Processing ID: 348113 ******************** (42/93021 - 0.0%)
2023-07-12 00:47:18 - INFO - Skipped ID: 348113 - Not found any URLs in both introtext, fulltext fields
2023-07-12 00:47:18 - INFO - ******************** Processing ID: 348112 ******************** (43/93021 - 0.0%)
2023-07-12 00:47:18 - INFO - Skipped ID: 348112 - Not found any URLs in both introtext, fulltext fields
2023-07-12 00:47:18 - INFO - ******************** Processing ID: 348111 ******************** (44/93021 - 0.0%)
2023-07-12 00:47:18 - INFO - Skipped ID: 348111 - Not found any URLs in both introtext, fulltext fields
2023-07-12 00:47:18 - INFO - ******************** Processing ID: 348110 ******************** (45/93021 - 0.0%)
2023-07-12 00:47:18 - INFO - Skipped ID: 348110 - Not found any URLs in both introtext, fulltext fields
2023-07-12 00:47:18 - INFO - ******************** Processing ID: 348109 ******************** (46/93021 - 0.0%)
2023-07-12 00:47:18 - INFO - Skipped ID: 348109 - Not found any URLs in both introtext, fulltext fields
2023-07-12 00:47:18 - INFO - ******************** Processing ID: 348108 ******************** (47/93021 - 0.1%)
2023-07-12 00:47:18 - INFO - Skipped ID: 348108 - Not found any URLs in both introtext, fulltext fields
2023-07-12 00:47:18 - INFO - ******************** Processing ID: 348107 ******************** (48/93021 - 0.1%)
2023-07-12 00:47:19 - INFO - Skipped ID: 348107 #COLUMN: introtext #URL: https://linuxsecurity.com/news/security-vulnerabilities/remotely-exploitable-chromium-vulns-fixed #STATUS_CODE: 200
2023-07-12 00:47:20 - INFO - Skipped ID: 348107 #COLUMN: fulltext #URL: https://linuxsecurity.com/news/security-vulnerabilities/remotely-exploitable-chromium-vulns-fixed #STATUS_CODE: 200
2023-07-12 00:47:20 - INFO - Skipped ID: 348107 #COLUMN: fulltext #URL: https://linuxsecurity.com/news/security-vulnerabilities/remotely-exploitable-bind-dos-bugs-fixed #STATUS_CODE: 200
2023-07-12 00:47:21 - INFO - Skipped ID: 348107 #COLUMN: fulltext #URL: https://linuxsecurity.com/news/security-vulnerabilities/linux-kernel-dos-code-execution-info-disclosure-vulns-fixed #STATUS_CODE: 200
2023-07-12 00:47:21 - INFO - ******************** Processing ID: 348106 ******************** (49/93021 - 0.1%)
2023-07-12 00:47:21 - INFO - Skipped ID: 348106 - Not found any URLs in both introtext, fulltext fields
2023-07-12 00:47:21 - INFO - ******************** Processing ID: 348105 ******************** (50/93021 - 0.1%)
2023-07-12 00:47:21 - INFO - Skipped ID: 348105 - Not found any URLs in both introtext, fulltext fields
2023-07-12 00:47:26 - INFO - ******************** Processing ID: 348104 ******************** (51/93021 - 0.1%)
2023-07-12 00:47:26 - INFO - Skipped ID: 348104 - Not found any URLs in both introtext, fulltext fields
2023-07-12 00:47:26 - INFO - ******************** Processing ID: 348103 ******************** (52/93021 - 0.1%)
2023-07-12 00:47:26 - INFO - Skipped ID: 348103 - Not found any URLs in both introtext, fulltext fields
2023-07-12 00:47:26 - INFO - ******************** Processing ID: 348102 ******************** (53/93021 - 0.1%)
2023-07-12 00:47:26 - INFO - Skipped ID: 348102 - Not found any URLs in both introtext, fulltext fields
2023-07-12 00:47:26 - INFO - ******************** Processing ID: 348101 ******************** (54/93021 - 0.1%)
2023-07-12 00:47:26 - INFO - Skipped ID: 348101 - Not found any URLs in both introtext, fulltext fields
2023-07-12 00:47:26 - INFO - ******************** Processing ID: 348100 ******************** (55/93021 - 0.1%)
2023-07-12 00:47:26 - INFO - Skipped ID: 348100 - Not found any URLs in both introtext, fulltext fields
2023-07-12 00:47:26 - INFO - ******************** Processing ID: 348099 ******************** (56/93021 - 0.1%)
2023-07-12 00:47:26 - INFO - Skipped ID: 348099 - Not found any URLs in both introtext, fulltext fields
2023-07-12 00:47:26 - INFO - ******************** Processing ID: 348098 ******************** (57/93021 - 0.1%)
2023-07-12 00:47:26 - INFO - Skipped ID: 348098 - Not found any URLs in both introtext, fulltext fields
2023-07-12 00:47:26 - INFO - ******************** Processing ID: 348097 ******************** (58/93021 - 0.1%)
2023-07-12 00:47:26 - INFO - Skipped ID: 348097 - Not found any URLs in both introtext, fulltext fields
2023-07-12 00:47:26 - INFO - ******************** Processing ID: 348096 ******************** (59/93021 - 0.1%)
2023-07-12 00:47:26 - INFO - Skipped ID: 348096 - Not found any URLs in both introtext, fulltext fields
2023-07-12 00:47:26 - INFO - ******************** Processing ID: 348095 ******************** (60/93021 - 0.1%)
2023-07-12 00:47:26 - INFO - Skipped ID: 348095 - Not found any URLs in both introtext, fulltext fields
2023-07-12 00:47:31 - INFO - ******************** Processing ID: 348094 ******************** (61/93021 - 0.1%)
2023-07-12 00:47:31 - INFO - Skipped ID: 348094 - Not found any URLs in both introtext, fulltext fields
2023-07-12 00:47:31 - INFO - ******************** Processing ID: 348093 ******************** (62/93021 - 0.1%)
2023-07-12 00:47:31 - INFO - Skipped ID: 348093 - Not found any URLs in both introtext, fulltext fields
2023-07-12 00:47:31 - INFO - ******************** Processing ID: 348092 ******************** (63/93021 - 0.1%)
2023-07-12 00:47:31 - INFO - Skipped ID: 348092 - Not found any URLs in both introtext, fulltext fields
2023-07-12 00:47:31 - INFO - ******************** Processing ID: 348091 ******************** (64/93021 - 0.1%)
2023-07-12 00:47:31 - INFO - Skipped ID: 348091 - Not found any URLs in both introtext, fulltext fields
2023-07-12 00:47:31 - INFO - ******************** Processing ID: 348090 ******************** (65/93021 - 0.1%)
2023-07-12 00:47:31 - INFO - Skipped ID: 348090 - Not found any URLs in both introtext, fulltext fields
2023-07-12 00:47:31 - INFO - ******************** Processing ID: 348089 ******************** (66/93021 - 0.1%)
2023-07-12 00:47:31 - INFO - Skipped ID: 348089 - Not found any URLs in both introtext, fulltext fields
2023-07-12 00:47:31 - INFO - ******************** Processing ID: 348088 ******************** (67/93021 - 0.1%)
2023-07-12 00:47:31 - INFO - Skipped ID: 348088 - Not found any URLs in both introtext, fulltext fields
2023-07-12 00:47:31 - INFO - ******************** Processing ID: 348087 ******************** (68/93021 - 0.1%)
2023-07-12 00:47:31 - INFO - Skipped ID: 348087 - Not found any URLs in both introtext, fulltext fields
2023-07-12 00:47:31 - INFO - ******************** Processing ID: 348086 ******************** (69/93021 - 0.1%)
2023-07-12 00:47:31 - INFO - Skipped ID: 348086 - Not found any URLs in both introtext, fulltext fields
2023-07-12 00:47:31 - INFO - ******************** Processing ID: 348085 ******************** (70/93021 - 0.1%)
2023-07-12 00:47:31 - INFO - Skipped ID: 348085 - Not found any URLs in both introtext, fulltext fields
2023-07-12 00:47:36 - INFO - ******************** Processing ID: 348084 ******************** (71/93021 - 0.1%)
2023-07-12 00:47:36 - INFO - Skipped ID: 348084 - Not found any URLs in both introtext, fulltext fields
2023-07-12 00:47:36 - INFO - ******************** Processing ID: 348083 ******************** (72/93021 - 0.1%)
2023-07-12 00:47:36 - INFO - Skipped ID: 348083 - Not found any URLs in both introtext, fulltext fields
2023-07-12 00:47:36 - INFO - ******************** Processing ID: 348082 ******************** (73/93021 - 0.1%)
2023-07-12 00:47:36 - INFO - Skipped ID: 348082 - Not found any URLs in both introtext, fulltext fields
2023-07-12 00:47:36 - INFO - ******************** Processing ID: 348081 ******************** (74/93021 - 0.1%)
2023-07-12 00:47:36 - INFO - Skipped ID: 348081 - Not found any URLs in both introtext, fulltext fields
2023-07-12 00:47:36 - INFO - ******************** Processing ID: 348080 ******************** (75/93021 - 0.1%)
2023-07-12 00:47:36 - INFO - Skipped ID: 348080 - Not found any URLs in both introtext, fulltext fields
2023-07-12 00:47:36 - INFO - ******************** Processing ID: 348079 ******************** (76/93021 - 0.1%)
2023-07-12 00:47:36 - INFO - Skipped ID: 348079 - Not found any URLs in both introtext, fulltext fields
2023-07-12 00:47:36 - INFO - ******************** Processing ID: 348078 ******************** (77/93021 - 0.1%)
2023-07-12 00:47:36 - INFO - Skipped ID: 348078 - Not found any URLs in both introtext, fulltext fields
2023-07-12 00:47:36 - INFO - ******************** Processing ID: 348077 ******************** (78/93021 - 0.1%)
2023-07-12 00:47:36 - INFO - Skipped ID: 348077 - Not found any URLs in both introtext, fulltext fields
2023-07-12 00:47:36 - INFO - ******************** Processing ID: 348076 ******************** (79/93021 - 0.1%)
2023-07-12 00:47:36 - INFO - Skipped ID: 348076 - Not found any URLs in both introtext, fulltext fields
2023-07-12 00:47:36 - INFO - ******************** Processing ID: 348075 ******************** (80/93021 - 0.1%)
2023-07-12 00:47:36 - INFO - Skipped ID: 348075 - Not found any URLs in both introtext, fulltext fields
2023-07-12 00:47:41 - INFO - ******************** Processing ID: 348074 ******************** (81/93021 - 0.1%)
2023-07-12 00:47:41 - INFO - Skipped ID: 348074 - Not found any URLs in both introtext, fulltext fields
2023-07-12 00:47:41 - INFO - ******************** Processing ID: 348073 ******************** (82/93021 - 0.1%)
2023-07-12 00:47:41 - INFO - Skipped ID: 348073 - Not found any URLs in both introtext, fulltext fields
2023-07-12 00:47:41 - INFO - ******************** Processing ID: 348072 ******************** (83/93021 - 0.1%)
2023-07-12 00:47:41 - INFO - Skipped ID: 348072 - Not found any URLs in both introtext, fulltext fields
2023-07-12 00:47:41 - INFO - ******************** Processing ID: 348071 ******************** (84/93021 - 0.1%)
2023-07-12 00:47:41 - INFO - Skipped ID: 348071 - Not found any URLs in both introtext, fulltext fields
2023-07-12 00:47:41 - INFO - ******************** Processing ID: 348070 ******************** (85/93021 - 0.1%)
2023-07-12 00:47:41 - INFO - Skipped ID: 348070 - Not found any URLs in both introtext, fulltext fields
2023-07-12 00:47:41 - INFO - ******************** Processing ID: 348069 ******************** (86/93021 - 0.1%)
2023-07-12 00:47:41 - INFO - Skipped ID: 348069 - Not found any URLs in both introtext, fulltext fields
2023-07-12 00:47:41 - INFO - ******************** Processing ID: 348068 ******************** (87/93021 - 0.1%)
2023-07-12 00:47:41 - INFO - Skipped ID: 348068 - Not found any URLs in both introtext, fulltext fields
2023-07-12 00:47:41 - INFO - ******************** Processing ID: 348067 ******************** (88/93021 - 0.1%)
2023-07-12 00:47:41 - INFO - Skipped ID: 348067 - Not found any URLs in both introtext, fulltext fields
2023-07-12 00:47:41 - INFO - ******************** Processing ID: 348066 ******************** (89/93021 - 0.1%)
2023-07-12 00:47:41 - INFO - Skipped ID: 348066 - Not found any URLs in both introtext, fulltext fields
2023-07-12 00:47:41 - INFO - ******************** Processing ID: 348065 ******************** (90/93021 - 0.1%)
2023-07-12 00:47:41 - INFO - Skipped ID: 348065 - Not found any URLs in both introtext, fulltext fields
2023-07-12 00:47:46 - INFO - ******************** Processing ID: 348064 ******************** (91/93021 - 0.1%)
2023-07-12 00:47:46 - INFO - Skipped ID: 348064 - Not found any URLs in both introtext, fulltext fields
2023-07-12 00:47:46 - INFO - ******************** Processing ID: 348063 ******************** (92/93021 - 0.1%)
2023-07-12 00:47:46 - INFO - Skipped ID: 348063 - Not found any URLs in both introtext, fulltext fields
2023-07-12 00:47:46 - INFO - ******************** Processing ID: 348062 ******************** (93/93021 - 0.1%)
2023-07-12 00:47:46 - INFO - Skipped ID: 348062 - Not found any URLs in both introtext, fulltext fields
2023-07-12 00:47:46 - INFO - ******************** Processing ID: 348061 ******************** (94/93021 - 0.1%)
2023-07-12 00:47:46 - INFO - Skipped ID: 348061 - Not found any URLs in both introtext, fulltext fields
2023-07-12 00:47:46 - INFO - ******************** Processing ID: 348060 ******************** (95/93021 - 0.1%)
2023-07-12 00:47:46 - INFO - Skipped ID: 348060 - Not found any URLs in both introtext, fulltext fields
2023-07-12 00:47:46 - INFO - ******************** Processing ID: 348059 ******************** (96/93021 - 0.1%)
2023-07-12 00:47:46 - INFO - Skipped ID: 348059 - Not found any URLs in both introtext, fulltext fields
2023-07-12 00:47:46 - INFO - ******************** Processing ID: 348058 ******************** (97/93021 - 0.1%)
2023-07-12 00:47:46 - INFO - Skipped ID: 348058 - Not found any URLs in both introtext, fulltext fields
2023-07-12 00:47:46 - INFO - ******************** Processing ID: 348057 ******************** (98/93021 - 0.1%)
2023-07-12 00:47:46 - INFO - Skipped ID: 348057 - Not found any URLs in both introtext, fulltext fields
2023-07-12 00:47:46 - INFO - ******************** Processing ID: 348056 ******************** (99/93021 - 0.1%)
2023-07-12 00:47:46 - INFO - Skipped ID: 348056 - Not found any URLs in both introtext, fulltext fields
2023-07-12 00:47:46 - INFO - ******************** Processing ID: 348055 ******************** (100/93021 - 0.1%)
2023-07-12 00:47:46 - INFO - Skipped ID: 348055 - Not found any URLs in both introtext, fulltext fields
2023-07-12 00:47:51 - INFO - ******************** Processing ID: 348054 ******************** (101/93021 - 0.1%)
2023-07-12 00:47:51 - INFO - Skipped ID: 348054 - Not found any URLs in both introtext, fulltext fields
2023-07-12 00:47:51 - INFO - ******************** Processing ID: 348053 ******************** (102/93021 - 0.1%)
2023-07-12 00:47:51 - INFO - Skipped ID: 348053 - Not found any URLs in both introtext, fulltext fields
2023-07-12 00:47:51 - INFO - ******************** Processing ID: 348052 ******************** (103/93021 - 0.1%)
2023-07-12 00:47:51 - INFO - Skipped ID: 348052 - Not found any URLs in both introtext, fulltext fields
2023-07-12 00:47:51 - INFO - ******************** Processing ID: 348051 ******************** (104/93021 - 0.1%)
2023-07-12 00:47:51 - INFO - Skipped ID: 348051 - Not found any URLs in both introtext, fulltext fields
2023-07-12 00:47:51 - INFO - ******************** Processing ID: 348050 ******************** (105/93021 - 0.1%)
2023-07-12 00:47:57 - INFO - Skipped ID: 348050 #COLUMN: fulltext #URL: https://www.redhat.com/en/blog/announcing-4-years-extended-life-cycle-support-els-red-hat-enterprise-linux-7 #STATUS_CODE: 200
2023-07-12 00:47:57 - INFO - ******************** Processing ID: 348049 ******************** (106/93021 - 0.1%)
2023-07-12 00:47:58 - INFO - Skipped ID: 348049 #COLUMN: introtext #URL: https://linuxsecurity.com/features/common-linux-vpn-myths-busted #STATUS_CODE: 200
2023-07-12 00:47:59 - INFO - Skipped ID: 348049 #COLUMN: fulltext #URL: https://linuxsecurity.com/features/common-linux-vpn-myths-busted #STATUS_CODE: 200
2023-07-12 00:47:59 - INFO - Skipped ID: 348049 #COLUMN: fulltext #URL: https://linuxsecurity.com/features/open-source-email-threat-protection #STATUS_CODE: 200
2023-07-12 00:47:59 - INFO - Skipped ID: 348049 #COLUMN: fulltext #URL: https://linuxsecurity.com/features/must-read-articles/linux-malware-the-truth-about-this-growing-threat-updated #STATUS_CODE: 200
2023-07-12 00:47:59 - INFO - ******************** Processing ID: 348048 ******************** (107/93021 - 0.1%)
2023-07-12 00:48:01 - INFO - Skipped ID: 348048 #COLUMN: fulltext #URL: https://linuxsecurity.com/features/what-you-need-to-know-when-considering-a-vpn-on-linux #STATUS_CODE: 200
2023-07-12 00:48:01 - INFO - Skipped ID: 348048 #COLUMN: fulltext #URL: https://linuxsecurity.com/features/benefits-drawbacks-of-using-a-vpn-on-linux #STATUS_CODE: 200
2023-07-12 00:48:01 - INFO - Skipped ID: 348048 #COLUMN: fulltext #URL: https://linuxsecurity.com/features/installing-surfshark-vpn-on-kali-linux-the-authoritative-guide #STATUS_CODE: 200
2023-07-12 00:48:01 - INFO - Skipped ID: 348048 #COLUMN: fulltext #URL: https://linuxsecurity.com/features/practical-guide-to-using-end-to-end-encryption-e2ee-on-linux #STATUS_CODE: 200
2023-07-12 00:48:01 - INFO - Skipped ID: 348048 #COLUMN: fulltext #URL: https://linuxsecurity.com/features/how-to-avoid-being-tracked-online #STATUS_CODE: 200
2023-07-12 00:48:01 - INFO - Skipped ID: 348048 #COLUMN: fulltext #URL: https://nordlayer.com/blog/business-vpn-vs-personal-vpn/ #STATUS_CODE: 200
2023-07-12 00:48:02 - INFO - Skipped ID: 348048 #COLUMN: fulltext #URL: https://guardiandigital.com/resources/blog/guide-on-phishing #STATUS_CODE: 200
2023-07-12 00:48:02 - INFO - ******************** Processing ID: 348047 ******************** (108/93021 - 0.1%)
2023-07-12 00:48:02 - INFO - Skipped ID: 348047 - Not found any URLs in both introtext, fulltext fields
2023-07-12 00:48:02 - INFO - ******************** Processing ID: 348046 ******************** (109/93021 - 0.1%)
2023-07-12 00:48:02 - INFO - Skipped ID: 348046 - Not found any URLs in both introtext, fulltext fields
2023-07-12 00:48:02 - INFO - ******************** Processing ID: 348045 ******************** (110/93021 - 0.1%)
2023-07-12 00:48:02 - INFO - Skipped ID: 348045 - Not found any URLs in both introtext, fulltext fields
2023-07-12 00:48:07 - INFO - ******************** Processing ID: 348044 ******************** (111/93021 - 0.1%)
2023-07-12 00:48:09 - INFO - Skipped ID: 348044 #COLUMN: fulltext #URL: https://linuxsecurity.com/features/live-updates-linux-security-advisories #STATUS_CODE: 200
2023-07-12 00:48:09 - INFO - Skipped ID: 348044 #COLUMN: fulltext #URL: https://linuxsecurity.com/advisories #STATUS_CODE: 200
2023-07-12 00:48:09 - INFO - Skipped ID: 348044 #COLUMN: fulltext #URL: https://linuxsecurity.com/register #STATUS_CODE: 200
2023-07-12 00:48:09 - INFO - ******************** Processing ID: 348043 ******************** (112/93021 - 0.1%)
2023-07-12 00:48:10 - INFO - Skipped ID: 348043 #COLUMN: fulltext #URL: https://linuxsecurity.com/features/live-updates-linux-security-advisories #STATUS_CODE: 200
2023-07-12 00:48:11 - INFO - Skipped ID: 348043 #COLUMN: fulltext #URL: https://linuxsecurity.com/advisories #STATUS_CODE: 200
2023-07-12 00:48:11 - INFO - Skipped ID: 348043 #COLUMN: fulltext #URL: https://linuxsecurity.com/register #STATUS_CODE: 200
2023-07-12 00:48:11 - INFO - ******************** Processing ID: 348042 ******************** (113/93021 - 0.1%)
2023-07-12 00:48:11 - INFO - Skipped ID: 348042 - Not found any URLs in both introtext, fulltext fields
2023-07-12 00:48:11 - INFO - ******************** Processing ID: 348041 ******************** (114/93021 - 0.1%)
2023-07-12 00:48:11 - INFO - Skipped ID: 348041 - Not found any URLs in both introtext, fulltext fields
2023-07-12 00:48:11 - INFO - ******************** Processing ID: 348040 ******************** (115/93021 - 0.1%)
2023-07-12 00:48:11 - INFO - Skipped ID: 348040 - Not found any URLs in both introtext, fulltext fields
2023-07-12 00:48:11 - INFO - ******************** Processing ID: 348039 ******************** (116/93021 - 0.1%)
2023-07-12 00:48:11 - INFO - Skipped ID: 348039 - Not found any URLs in both introtext, fulltext fields
2023-07-12 00:48:11 - INFO - ******************** Processing ID: 348038 ******************** (117/93021 - 0.1%)
2023-07-12 00:48:11 - INFO - Skipped ID: 348038 - Not found any URLs in both introtext, fulltext fields
2023-07-12 00:48:11 - INFO - ******************** Processing ID: 348037 ******************** (118/93021 - 0.1%)
2023-07-12 00:48:11 - INFO - Skipped ID: 348037 - Not found any URLs in both introtext, fulltext fields
2023-07-12 00:48:11 - INFO - ******************** Processing ID: 348036 ******************** (119/93021 - 0.1%)
2023-07-12 00:48:11 - INFO - Skipped ID: 348036 - Not found any URLs in both introtext, fulltext fields
2023-07-12 00:48:11 - INFO - ******************** Processing ID: 348035 ******************** (120/93021 - 0.1%)
2023-07-12 00:48:11 - INFO - Skipped ID: 348035 - Not found any URLs in both introtext, fulltext fields
2023-07-12 00:48:16 - INFO - ******************** Processing ID: 348034 ******************** (121/93021 - 0.1%)
2023-07-12 00:48:19 - INFO - Skipped ID: 348034 #COLUMN: introtext #URL: https://www.sonarsource.com/blog/why-orms-and-prepared-statements-cant-always-win/ #STATUS_CODE: 200
2023-07-12 00:48:20 - INFO - Skipped ID: 348034 #COLUMN: fulltext #URL: https://github.com/gentoo/soko/security/advisories/GHSA-45jr-w89p-c843 #STATUS_CODE: 200
2023-07-12 00:48:20 - INFO - Skipped ID: 348034 #COLUMN: fulltext #URL: https://github.com/gentoo/soko/security/advisories/GHSA-gc2x-86p3-mxg2 #STATUS_CODE: 200
2023-07-12 00:48:21 - INFO - Skipped ID: 348034 #COLUMN: fulltext #URL: https://packages.gentoo.org/ #STATUS_CODE: 200
2023-07-12 00:48:25 - INFO - Skipped ID: 348034 #COLUMN: fulltext #URL: https://capec.mitre.org/data/definitions/66.html #STATUS_CODE: 200
2023-07-12 00:48:25 - INFO - ******************** Processing ID: 348033 ******************** (122/93021 - 0.1%)
2023-07-12 00:48:26 - INFO - Skipped ID: 348033 #COLUMN: fulltext #URL: https://www.bleepingcomputer.com/news/security/linux-version-of-akira-ransomware-targets-vmware-esxi-servers/ #STATUS_CODE: 200
2023-07-12 00:48:26 - INFO - ******************** Processing ID: 348032 ******************** (123/93021 - 0.1%)
2023-07-12 00:48:26 - INFO - Skipped ID: 348032 - Not found any URLs in both introtext, fulltext fields
2023-07-12 00:48:26 - INFO - ******************** Processing ID: 348031 ******************** (124/93021 - 0.1%)
2023-07-12 00:48:26 - INFO - Skipped ID: 348031 - Not found any URLs in both introtext, fulltext fields
2023-07-12 00:48:26 - INFO - ******************** Processing ID: 348030 ******************** (125/93021 - 0.1%)
2023-07-12 00:48:26 - INFO - Skipped ID: 348030 - Not found any URLs in both introtext, fulltext fields
2023-07-12 00:48:26 - INFO - ******************** Processing ID: 348029 ******************** (126/93021 - 0.1%)
2023-07-12 00:48:26 - INFO - Skipped ID: 348029 - Not found any URLs in both introtext, fulltext fields
2023-07-12 00:48:26 - INFO - ******************** Processing ID: 348028 ******************** (127/93021 - 0.1%)
2023-07-12 00:48:26 - INFO - Skipped ID: 348028 - Not found any URLs in both introtext, fulltext fields
2023-07-12 00:48:26 - INFO - ******************** Processing ID: 348027 ******************** (128/93021 - 0.1%)
2023-07-12 00:48:26 - INFO - Skipped ID: 348027 - Not found any URLs in both introtext, fulltext fields
2023-07-12 00:48:26 - INFO - ******************** Processing ID: 348026 ******************** (129/93021 - 0.1%)
2023-07-12 00:48:26 - INFO - Skipped ID: 348026 - Not found any URLs in both introtext, fulltext fields
2023-07-12 00:48:26 - INFO - ******************** Processing ID: 348025 ******************** (130/93021 - 0.1%)
2023-07-12 00:48:26 - INFO - Skipped ID: 348025 - Not found any URLs in both introtext, fulltext fields
2023-07-12 00:48:31 - INFO - ******************** Processing ID: 348024 ******************** (131/93021 - 0.1%)
2023-07-12 00:48:31 - INFO - Skipped ID: 348024 - Not found any URLs in both introtext, fulltext fields
2023-07-12 00:48:31 - INFO - ******************** Processing ID: 348023 ******************** (132/93021 - 0.1%)
2023-07-12 00:48:31 - INFO - Skipped ID: 348023 - Not found any URLs in both introtext, fulltext fields
2023-07-12 00:48:31 - INFO - ******************** Processing ID: 348022 ******************** (133/93021 - 0.1%)
2023-07-12 00:48:31 - INFO - Skipped ID: 348022 - Not found any URLs in both introtext, fulltext fields
2023-07-12 00:48:31 - INFO - ******************** Processing ID: 348021 ******************** (134/93021 - 0.1%)
2023-07-12 00:48:31 - INFO - Skipped ID: 348021 - Not found any URLs in both introtext, fulltext fields
2023-07-12 00:48:31 - INFO - ******************** Processing ID: 348020 ******************** (135/93021 - 0.1%)
2023-07-12 00:48:31 - INFO - Skipped ID: 348020 - Not found any URLs in both introtext, fulltext fields
2023-07-12 00:48:31 - INFO - ******************** Processing ID: 348019 ******************** (136/93021 - 0.1%)
2023-07-12 00:48:31 - INFO - Skipped ID: 348019 - Not found any URLs in both introtext, fulltext fields
2023-07-12 00:48:31 - INFO - ******************** Processing ID: 348018 ******************** (137/93021 - 0.1%)
2023-07-12 00:48:31 - INFO - Skipped ID: 348018 - Not found any URLs in both introtext, fulltext fields
2023-07-12 00:48:31 - INFO - ******************** Processing ID: 348017 ******************** (138/93021 - 0.1%)
2023-07-12 00:48:31 - INFO - Skipped ID: 348017 - Not found any URLs in both introtext, fulltext fields
2023-07-12 00:48:31 - INFO - ******************** Processing ID: 348016 ******************** (139/93021 - 0.1%)
2023-07-12 00:48:31 - INFO - Skipped ID: 348016 - Not found any URLs in both introtext, fulltext fields
2023-07-12 00:48:31 - INFO - ******************** Processing ID: 348015 ******************** (140/93021 - 0.2%)
2023-07-12 00:48:31 - INFO - Skipped ID: 348015 - Not found any URLs in both introtext, fulltext fields
